The list of distances to compute is: [1.0, 1.1, 1.2, 1.3, 1.4, 1.5, 1.6, 1.7, 1.8, 1.9]
I am the distance: 1.4
H 0 0 0; Be 0 0 1.4; H 0 0 2.8
Problem reduced to 12 qubits.
HF energy:                -15.5524598103709764
Active space FCI energy:   -15.5904002281709584
n_electrons: 4
0.0
molecule.n_orbitals: 6
 adapt threshold: 1e-07
 theta threshold: 1e-10
 Generate Sparse Matrices for operators in pool
Ground state energy: -15.59040022817094
initial energy -15.552459810370976
 Start ADAPT-VQE algorithm
 Now start to grow the ansatz




 --------------------------------------------------------------------------
                         ADAPT-VQE iteration:  0
 --------------------------------------------------------------------------
0.0
['ZYXIZZZZZYYI']
 Finished:     -15.556197518911
 Error:       0.034202709260
1.4




 --------------------------------------------------------------------------
                         ADAPT-VQE iteration:  1
 --------------------------------------------------------------------------
0.18213333936210574
['ZIXYZZZIYYII', 'ZYXIZZZZZYYI']
 Finished:     -15.563960969486
 Error:       0.026439258685
1.4




 --------------------------------------------------------------------------
                         ADAPT-VQE iteration:  2
 --------------------------------------------------------------------------
0.13605586956092333
['ZIXYZZZIYYII', 'YXIIZZIIYYII', 'ZYXIZZZZZYYI']
 Finished:     -15.568034360041
 Error:       0.022365868130
1.4




 --------------------------------------------------------------------------
                         ADAPT-VQE iteration:  3
 --------------------------------------------------------------------------
0.1345136329785429
['YZIXZZZIIYYI', 'ZIXYZZZIYYII', 'YXIIZZIIYYII', 'ZYXIZZZZZYYI']
 Finished:     -15.571170135950
 Error:       0.019230092221
1.4




 --------------------------------------------------------------------------
                         ADAPT-VQE iteration:  4
 --------------------------------------------------------------------------
0.09020218702884153
['YZIXZZZIIYYI', 'ZIXYZZZIYYII', 'YXIIZZIIYYII', 'XXIZZZYXIIII', 'ZYXIZZZZZYYI']
 Finished:     -15.573626997925
 Error:       0.016773230246
1.4




 --------------------------------------------------------------------------
                         ADAPT-VQE iteration:  5
 --------------------------------------------------------------------------
0.024955984019425826
['YZIXZZZIIYYI', 'ZIXYZZZIYYII', 'YZXZZIZZYZYI', 'YXIIZZIIYYII', 'XXIZZZYXIIII', 'ZYXIZZZZZYYI']
 Finished:     -15.573741664347
 Error:       0.016658563824
1.4




 --------------------------------------------------------------------------
                         ADAPT-VQE iteration:  6
 --------------------------------------------------------------------------
0.02086383929754467
['YZIXZZZIIYYI', 'IIYXYYZZZZII', 'ZIXYZZZIYYII', 'YZXZZIZZYZYI', 'YXIIZZIIYYII', 'XXIZZZYXIIII', 'ZYXIZZZZZYYI']
 Finished:     -15.573880579434
 Error:       0.016519648737
1.4




 --------------------------------------------------------------------------
                         ADAPT-VQE iteration:  7
 --------------------------------------------------------------------------
0.019926877574911128
['YZIXZZZIIYYI', 'ZZZIZIIZXXXY', 'IIYXYYZZZZII', 'ZIXYZZZIYYII', 'YZXZZIZZYZYI', 'YXIIZZIIYYII', 'XXIZZZYXIIII', 'ZYXIZZZZZYYI']
 Finished:     -15.573900971501
 Error:       0.016499256670
1.4




 --------------------------------------------------------------------------
                         ADAPT-VQE iteration:  8
 --------------------------------------------------------------------------
0.025013610476291723
['YZIXZZZIIYYI', 'ZZZIZIIZXXXY', 'IIYXYYZZZZII', 'ZIXYZZZIYYII', 'YZXZZIZZYZYI', 'ZZZIZIIZXXXY', 'YXIIZZIIYYII', 'XXIZZZYXIIII', 'ZYXIZZZZZYYI']
 Finished:     -15.577285583716
 Error:       0.013114644455
1.4




 --------------------------------------------------------------------------
                         ADAPT-VQE iteration:  9
 --------------------------------------------------------------------------
0.082420083480434
['YZIXZZZIIYYI', 'ZZZIZIIZXXXY', 'IIYXYYZZZZII', 'YZIXZZZIIYYI', 'ZIXYZZZIYYII', 'YZXZZIZZYZYI', 'ZZZIZIIZXXXY', 'YXIIZZIIYYII', 'XXIZZZYXIIII', 'ZYXIZZZZZYYI']
 Finished:     -15.581718743775
 Error:       0.008681484396
1.4




 --------------------------------------------------------------------------
                         ADAPT-VQE iteration:  10
 --------------------------------------------------------------------------
0.060370830580232446
['YZIXZZZIIYYI', 'ZZZIZIIZXXXY', 'IIYXYYZZZZII', 'YZIXZZZIIYYI', 'ZIXYZZZIYYII', 'ZYXIZZZZZYYI', 'YZXZZIZZYZYI', 'ZZZIZIIZXXXY', 'YXIIZZIIYYII', 'XXIZZZYXIIII', 'ZYXIZZZZZYYI']
 Finished:     -15.584465795204
 Error:       0.005934432967
1.4




 --------------------------------------------------------------------------
                         ADAPT-VQE iteration:  11
 --------------------------------------------------------------------------
0.017837723647350492
['YZIXZZZIIYYI', 'ZZZIZIIZXXXY', 'IIYXYYZZZZII', 'IXXZIIIZZXYI', 'YZIXZZZIIYYI', 'ZIXYZZZIYYII', 'ZYXIZZZZZYYI', 'YZXZZIZZYZYI', 'ZZZIZIIZXXXY', 'YXIIZZIIYYII', 'XXIZZZYXIIII', 'ZYXIZZZZZYYI']
 Finished:     -15.584918207951
 Error:       0.005482020220
1.4




 --------------------------------------------------------------------------
                         ADAPT-VQE iteration:  12
 --------------------------------------------------------------------------
0.016499077945282006
['YZIXZZZIIYYI', 'ZZZIZIIZXXXY', 'IIYXYYZZZZII', 'IXXZIIIZZXYI', 'YZIXZZZIIYYI', 'ZIXYZZZIYYII', 'ZYXIZZZZZYYI', 'YZXZZIZZYZYI', 'ZZZIZIIZXXXY', 'YXIIZZIIYYII', 'YZYXZIZIXZXY', 'XXIZZZYXIIII', 'ZYXIZZZZZYYI']
 Finished:     -15.584947673102
 Error:       0.005452555069
1.4




 --------------------------------------------------------------------------
                         ADAPT-VQE iteration:  13
 --------------------------------------------------------------------------
0.013165055257254721
['YZIXZZZIIYYI', 'ZZZIZIIZXXXY', 'IIYXYYZZZZII', 'IXXZIIIZZXYI', 'YZIXZZZIIYYI', 'ZIXYZZZIYYII', 'ZYXIZZZZZYYI', 'YZXZZIZZYZYI', 'ZZZIZIIZXXXY', 'YXIIZZIIYYII', 'YZIXZZZIIYYI', 'YZYXZIZIXZXY', 'XXIZZZYXIIII', 'ZYXIZZZZZYYI']
 Finished:     -15.585583790417
 Error:       0.004816437754
1.4




 --------------------------------------------------------------------------
                         ADAPT-VQE iteration:  14
 --------------------------------------------------------------------------
0.018320630070720184
['YZIXZZZIIYYI', 'ZZZIZIIZXXXY', 'IIYXYYZZZZII', 'IXXZIIIZZXYI', 'YZIXZZZIIYYI', 'ZIXYZZZIYYII', 'ZYXIZZZZZYYI', 'YZXZZIZZYZYI', 'ZZZIZIIZXXXY', 'YZXZZIZZYZYI', 'YXIIZZIIYYII', 'YZIXZZZIIYYI', 'YZYXZIZIXZXY', 'XXIZZZYXIIII', 'ZYXIZZZZZYYI']
 Finished:     -15.585963804635
 Error:       0.004436423536
1.4




 --------------------------------------------------------------------------
                         ADAPT-VQE iteration:  15
 --------------------------------------------------------------------------
0.012079717145651987
['XYZIZIYYZIII', 'YZIXZZZIIYYI', 'ZZZIZIIZXXXY', 'IIYXYYZZZZII', 'IXXZIIIZZXYI', 'YZIXZZZIIYYI', 'ZIXYZZZIYYII', 'ZYXIZZZZZYYI', 'YZXZZIZZYZYI', 'ZZZIZIIZXXXY', 'YZXZZIZZYZYI', 'YXIIZZIIYYII', 'YZIXZZZIIYYI', 'YZYXZIZIXZXY', 'XXIZZZYXIIII', 'ZYXIZZZZZYYI']
 Finished:     -15.586195906498
 Error:       0.004204321673
1.4




 --------------------------------------------------------------------------
                         ADAPT-VQE iteration:  16
 --------------------------------------------------------------------------
0.013249539527064794
['XYZIZIYYZIII', 'YZIXZZZIIYYI', 'ZZZIZIIZXXXY', 'IIYXYYZZZZII', 'IXXZIIIZZXYI', 'YZIXZZZIIYYI', 'ZIXYZZZIYYII', 'ZYXIZZZZZYYI', 'YZXZZIZZYZYI', 'ZZZIZIIZXXXY', 'ZIXYZZZIYYII', 'YZXZZIZZYZYI', 'YXIIZZIIYYII', 'YZIXZZZIIYYI', 'YZYXZIZIXZXY', 'XXIZZZYXIIII', 'ZYXIZZZZZYYI']
 Finished:     -15.586448574467
 Error:       0.003951653703
1.4




 --------------------------------------------------------------------------
                         ADAPT-VQE iteration:  17
 --------------------------------------------------------------------------
0.01018437696390561
['XYZIZIYYZIII', 'ZXIIIZZZZYII', 'YZIXZZZIIYYI', 'ZZZIZIIZXXXY', 'IIYXYYZZZZII', 'IXXZIIIZZXYI', 'YZIXZZZIIYYI', 'ZIXYZZZIYYII', 'ZYXIZZZZZYYI', 'YZXZZIZZYZYI', 'ZZZIZIIZXXXY', 'ZIXYZZZIYYII', 'YZXZZIZZYZYI', 'YXIIZZIIYYII', 'YZIXZZZIIYYI', 'YZYXZIZIXZXY', 'XXIZZZYXIIII', 'ZYXIZZZZZYYI']
 Finished:     -15.586494001800
 Error:       0.003906226371
1.4




 --------------------------------------------------------------------------
                         ADAPT-VQE iteration:  18
 --------------------------------------------------------------------------
0.008136842783556647
['XYZIZIYYZIII', 'ZXIIIZZZZYII', 'YZIXZZZIIYYI', 'ZZZIZIIZXXXY', 'YZXZZIZZYZYI', 'IIYXYYZZZZII', 'IXXZIIIZZXYI', 'YZIXZZZIIYYI', 'ZIXYZZZIYYII', 'ZYXIZZZZZYYI', 'YZXZZIZZYZYI', 'ZZZIZIIZXXXY', 'ZIXYZZZIYYII', 'YZXZZIZZYZYI', 'YXIIZZIIYYII', 'YZIXZZZIIYYI', 'YZYXZIZIXZXY', 'XXIZZZYXIIII', 'ZYXIZZZZZYYI']
 Finished:     -15.587567790908
 Error:       0.002832437263
1.4




 --------------------------------------------------------------------------
                         ADAPT-VQE iteration:  19
 --------------------------------------------------------------------------
0.0038498991082767872
['XYZIZIYYZIII', 'ZXIIIZZZZYII', 'YZIXZZZIIYYI', 'ZZZIZIIZXXXY', 'YZXZZIZZYZYI', 'IIYXYYZZZZII', 'IXXZIIIZZXYI', 'YZIXZZZIIYYI', 'ZIXYZZZIYYII', 'ZYXIZZZZZYYI', 'YZXZZIZZYZYI', 'ZZZIZIIZXXXY', 'ZIXYZZZIYYII', 'YZXZZIZZYZYI', 'YXIIZZIIYYII', 'YZIXZZZIIYYI', 'YZYXZIZIXZXY', 'XXIZZZYXIIII', 'ZXIIIZZZZYII', 'ZYXIZZZZZYYI']
 Finished:     -15.587583566545
 Error:       0.002816661626
1.4




 --------------------------------------------------------------------------
                         ADAPT-VQE iteration:  20
 --------------------------------------------------------------------------
0.0032175146539973106
['XYZIZIYYZIII', 'ZXIIIZZZZYII', 'YZIXZZZIIYYI', 'ZZZIZIIZXXXY', 'YZXZZIZZYZYI', 'IIYXYYZZZZII', 'IXXZIIIZZXYI', 'YZIXZZZIIYYI', 'ZIXYZZZIYYII', 'ZYXIZZZZZYYI', 'XIIIZZXYYIXY', 'YZXZZIZZYZYI', 'ZZZIZIIZXXXY', 'ZIXYZZZIYYII', 'YZXZZIZZYZYI', 'YXIIZZIIYYII', 'YZIXZZZIIYYI', 'YZYXZIZIXZXY', 'XXIZZZYXIIII', 'ZXIIIZZZZYII', 'ZYXIZZZZZYYI']
 Finished:     -15.587584216817
 Error:       0.002816011354
1.4




 --------------------------------------------------------------------------
                         ADAPT-VQE iteration:  21
 --------------------------------------------------------------------------
0.003357463564996995
['XYZIZIYYZIII', 'ZXIIIZZZZYII', 'YZIXZZZIIYYI', 'XIIIZZXYYIXY', 'ZZZIZIIZXXXY', 'YZXZZIZZYZYI', 'IIYXYYZZZZII', 'IXXZIIIZZXYI', 'YZIXZZZIIYYI', 'ZIXYZZZIYYII', 'ZYXIZZZZZYYI', 'XIIIZZXYYIXY', 'YZXZZIZZYZYI', 'ZZZIZIIZXXXY', 'ZIXYZZZIYYII', 'YZXZZIZZYZYI', 'YXIIZZIIYYII', 'YZIXZZZIIYYI', 'YZYXZIZIXZXY', 'XXIZZZYXIIII', 'ZXIIIZZZZYII', 'ZYXIZZZZZYYI']
 Finished:     -15.587586549957
 Error:       0.002813678214
1.4




 --------------------------------------------------------------------------
                         ADAPT-VQE iteration:  22
 --------------------------------------------------------------------------
0.003397705742116533
['XYZIZIYYZIII', 'ZXIIIZZZZYII', 'YZIXZZZIIYYI', 'XIIIZZXYYIXY', 'ZZZIZIIZXXXY', 'YZXZZIZZYZYI', 'IIYXYYZZZZII', 'IXXZIIIZZXYI', 'YZIXZZZIIYYI', 'ZIXYZZZIYYII', 'ZYXIZZZZZYYI', 'XIIIZZXYYIXY', 'YZXZZIZZYZYI', 'ZZZIZIIZXXXY', 'XIZZIZXYZXII', 'ZIXYZZZIYYII', 'YZXZZIZZYZYI', 'YXIIZZIIYYII', 'YZIXZZZIIYYI', 'YZYXZIZIXZXY', 'XXIZZZYXIIII', 'ZXIIIZZZZYII', 'ZYXIZZZZZYYI']
 Finished:     -15.587590023508
 Error:       0.002810204663
1.4




 --------------------------------------------------------------------------
                         ADAPT-VQE iteration:  23
 --------------------------------------------------------------------------
0.0029828901298029503
['XYZIZIYYZIII', 'ZXIIIZZZZYII', 'ZZYXIZYYIIII', 'YZIXZZZIIYYI', 'XIIIZZXYYIXY', 'ZZZIZIIZXXXY', 'YZXZZIZZYZYI', 'IIYXYYZZZZII', 'IXXZIIIZZXYI', 'YZIXZZZIIYYI', 'ZIXYZZZIYYII', 'ZYXIZZZZZYYI', 'XIIIZZXYYIXY', 'YZXZZIZZYZYI', 'ZZZIZIIZXXXY', 'XIZZIZXYZXII', 'ZIXYZZZIYYII', 'YZXZZIZZYZYI', 'YXIIZZIIYYII', 'YZIXZZZIIYYI', 'YZYXZIZIXZXY', 'XXIZZZYXIIII', 'ZXIIIZZZZYII', 'ZYXIZZZZZYYI']
 Finished:     -15.587592820821
 Error:       0.002807407350
1.4




 --------------------------------------------------------------------------
                         ADAPT-VQE iteration:  24
 --------------------------------------------------------------------------
0.0028475822759434803
['XYZIZIYYZIII', 'ZXIIIZZZZYII', 'ZZYXIZYYIIII', 'YZIXZZZIIYYI', 'XIIIZZXYYIXY', 'ZZZIZIIZXXXY', 'XIZZIZXYZXII', 'YZXZZIZZYZYI', 'IIYXYYZZZZII', 'IXXZIIIZZXYI', 'YZIXZZZIIYYI', 'ZIXYZZZIYYII', 'ZYXIZZZZZYYI', 'XIIIZZXYYIXY', 'YZXZZIZZYZYI', 'ZZZIZIIZXXXY', 'XIZZIZXYZXII', 'ZIXYZZZIYYII', 'YZXZZIZZYZYI', 'YXIIZZIIYYII', 'YZIXZZZIIYYI', 'YZYXZIZIXZXY', 'XXIZZZYXIIII', 'ZXIIIZZZZYII', 'ZYXIZZZZZYYI']
 Finished:     -15.587610172863
 Error:       0.002790055308
1.4




 --------------------------------------------------------------------------
                         ADAPT-VQE iteration:  25
 --------------------------------------------------------------------------
0.002745282361409521
['XYZIZIYYZIII', 'YZYXZIZIXZXY', 'ZXIIIZZZZYII', 'ZZYXIZYYIIII', 'YZIXZZZIIYYI', 'XIIIZZXYYIXY', 'ZZZIZIIZXXXY', 'XIZZIZXYZXII', 'YZXZZIZZYZYI', 'IIYXYYZZZZII', 'IXXZIIIZZXYI', 'YZIXZZZIIYYI', 'ZIXYZZZIYYII', 'ZYXIZZZZZYYI', 'XIIIZZXYYIXY', 'YZXZZIZZYZYI', 'ZZZIZIIZXXXY', 'XIZZIZXYZXII', 'ZIXYZZZIYYII', 'YZXZZIZZYZYI', 'YXIIZZIIYYII', 'YZIXZZZIIYYI', 'YZYXZIZIXZXY', 'XXIZZZYXIIII', 'ZXIIIZZZZYII', 'ZYXIZZZZZYYI']
 Finished:     -15.587619226135
 Error:       0.002781002036
1.4




 --------------------------------------------------------------------------
                         ADAPT-VQE iteration:  26
 --------------------------------------------------------------------------
0.002736019534554701
['XYZIZIYYZIII', 'YZYXZIZIXZXY', 'ZXIIIZZZZYII', 'ZZYXIZYYIIII', 'YZIXZZZIIYYI', 'XIIIZZXYYIXY', 'ZZZIZIIZXXXY', 'XIZZIZXYZXII', 'YZXZZIZZYZYI', 'IIYXYYZZZZII', 'IXXZIIIZZXYI', 'YZIXZZZIIYYI', 'XYZIZIYYZIII', 'ZIXYZZZIYYII', 'ZYXIZZZZZYYI', 'XIIIZZXYYIXY', 'YZXZZIZZYZYI', 'ZZZIZIIZXXXY', 'XIZZIZXYZXII', 'ZIXYZZZIYYII', 'YZXZZIZZYZYI', 'YXIIZZIIYYII', 'YZIXZZZIIYYI', 'YZYXZIZIXZXY', 'XXIZZZYXIIII', 'ZXIIIZZZZYII', 'ZYXIZZZZZYYI']
 Finished:     -15.587630418122
 Error:       0.002769810049
1.4




 --------------------------------------------------------------------------
                         ADAPT-VQE iteration:  27
 --------------------------------------------------------------------------
0.0029284700519018846
['XYZIZIYYZIII', 'YZYXZIZIXZXY', 'ZXIIIZZZZYII', 'ZZYXIZYYIIII', 'YZIXZZZIIYYI', 'XIIIZZXYYIXY', 'ZZZIZIIZXXXY', 'XIZZIZXYZXII', 'YZXZZIZZYZYI', 'IIYXYYZZZZII', 'IXXZIIIZZXYI', 'YZIXZZZIIYYI', 'XYZIZIYYZIII', 'ZIXYZZZIYYII', 'XXIZZZYXIIII', 'ZYXIZZZZZYYI', 'XIIIZZXYYIXY', 'YZXZZIZZYZYI', 'ZZZIZIIZXXXY', 'XIZZIZXYZXII', 'ZIXYZZZIYYII', 'YZXZZIZZYZYI', 'YXIIZZIIYYII', 'YZIXZZZIIYYI', 'YZYXZIZIXZXY', 'XXIZZZYXIIII', 'ZXIIIZZZZYII', 'ZYXIZZZZZYYI']
 Finished:     -15.587632129967
 Error:       0.002768098204
1.4




 --------------------------------------------------------------------------
                         ADAPT-VQE iteration:  28
 --------------------------------------------------------------------------
0.0020522926685553034
['XYZIZIYYZIII', 'YZYXZIZIXZXY', 'ZXIIIZZZZYII', 'ZZYXIZYYIIII', 'YZIXZZZIIYYI', 'XIIIZZXYYIXY', 'ZZZIZIIZXXXY', 'IZZZYYYXYXXY', 'XIZZIZXYZXII', 'YZXZZIZZYZYI', 'IIYXYYZZZZII', 'IXXZIIIZZXYI', 'YZIXZZZIIYYI', 'XYZIZIYYZIII', 'ZIXYZZZIYYII', 'XXIZZZYXIIII', 'ZYXIZZZZZYYI', 'XIIIZZXYYIXY', 'YZXZZIZZYZYI', 'ZZZIZIIZXXXY', 'XIZZIZXYZXII', 'ZIXYZZZIYYII', 'YZXZZIZZYZYI', 'YXIIZZIIYYII', 'YZIXZZZIIYYI', 'YZYXZIZIXZXY', 'XXIZZZYXIIII', 'ZXIIIZZZZYII', 'ZYXIZZZZZYYI']
 Finished:     -15.587632221987
 Error:       0.002768006184
1.4




 --------------------------------------------------------------------------
                         ADAPT-VQE iteration:  29
 --------------------------------------------------------------------------
0.0021609495554956596
['IZZZYYYXYXXY', 'XYZIZIYYZIII', 'YZYXZIZIXZXY', 'ZXIIIZZZZYII', 'ZZYXIZYYIIII', 'YZIXZZZIIYYI', 'XIIIZZXYYIXY', 'ZZZIZIIZXXXY', 'IZZZYYYXYXXY', 'XIZZIZXYZXII', 'YZXZZIZZYZYI', 'IIYXYYZZZZII', 'IXXZIIIZZXYI', 'YZIXZZZIIYYI', 'XYZIZIYYZIII', 'ZIXYZZZIYYII', 'XXIZZZYXIIII', 'ZYXIZZZZZYYI', 'XIIIZZXYYIXY', 'YZXZZIZZYZYI', 'ZZZIZIIZXXXY', 'XIZZIZXYZXII', 'ZIXYZZZIYYII', 'YZXZZIZZYZYI', 'YXIIZZIIYYII', 'YZIXZZZIIYYI', 'YZYXZIZIXZXY', 'XXIZZZYXIIII', 'ZXIIIZZZZYII', 'ZYXIZZZZZYYI']
 Finished:     -15.587633515642
 Error:       0.002766712529
1.4




 --------------------------------------------------------------------------
                         ADAPT-VQE iteration:  30
 --------------------------------------------------------------------------
0.0019705471375775557
['IZZZYYYXYXXY', 'XYZIZIYYZIII', 'YZYXZIZIXZXY', 'ZXIIIZZZZYII', 'ZZYXIZYYIIII', 'YZIXZZZIIYYI', 'XIIIZZXYYIXY', 'ZZZIZIIZXXXY', 'IZZZYYYXYXXY', 'XIZZIZXYZXII', 'YZXZZIZZYZYI', 'IIYXYYZZZZII', 'IXXZIIIZZXYI', 'YZIXZZZIIYYI', 'XYZIZIYYZIII', 'ZIXYZZZIYYII', 'XXIZZZYXIIII', 'ZYXIZZZZZYYI', 'XIIIZZXYYIXY', 'YZXZZIZZYZYI', 'ZZZIZIIZXXXY', 'XIZZIZXYZXII', 'ZIXYZZZIYYII', 'YZXZZIZZYZYI', 'YXIIZZIIYYII', 'YZIXZZZIIYYI', 'XIIIZZXYYIXY', 'YZYXZIZIXZXY', 'XXIZZZYXIIII', 'ZXIIIZZZZYII', 'ZYXIZZZZZYYI']
 Finished:     -15.587636640183
 Error:       0.002763587988
1.4




 --------------------------------------------------------------------------
                         ADAPT-VQE iteration:  31
 --------------------------------------------------------------------------
0.0017432159671649909
['IZZZYYYXYXXY', 'XYZIZIYYZIII', 'YZYXZIZIXZXY', 'ZXIIIZZZZYII', 'ZZYXIZYYIIII', 'YZIXZZZIIYYI', 'XIIIZZXYYIXY', 'ZZZIZIIZXXXY', 'IZZZYYYXYXXY', 'XIZZIZXYZXII', 'YZXZZIZZYZYI', 'IIYXYYZZZZII', 'XIIIZZXYYIXY', 'IXXZIIIZZXYI', 'YZIXZZZIIYYI', 'XYZIZIYYZIII', 'ZIXYZZZIYYII', 'XXIZZZYXIIII', 'ZYXIZZZZZYYI', 'XIIIZZXYYIXY', 'YZXZZIZZYZYI', 'ZZZIZIIZXXXY', 'XIZZIZXYZXII', 'ZIXYZZZIYYII', 'YZXZZIZZYZYI', 'YXIIZZIIYYII', 'YZIXZZZIIYYI', 'XIIIZZXYYIXY', 'YZYXZIZIXZXY', 'XXIZZZYXIIII', 'ZXIIIZZZZYII', 'ZYXIZZZZZYYI']
 Finished:     -15.587691396167
 Error:       0.002708832004
1.4




 --------------------------------------------------------------------------
                         ADAPT-VQE iteration:  32
 --------------------------------------------------------------------------
0.00297626842554224
['IZZZYYYXYXXY', 'XYZIZIYYZIII', 'YZYXZIZIXZXY', 'ZXIIIZZZZYII', 'ZZYXIZYYIIII', 'YZIXZZZIIYYI', 'XIIIZZXYYIXY', 'ZZZIZIIZXXXY', 'IZZZYYYXYXXY', 'XIZZIZXYZXII', 'YZXZZIZZYZYI', 'IIYXYYZZZZII', 'XIIIZZXYYIXY', 'IXXZIIIZZXYI', 'YZIXZZZIIYYI', 'XYZIZIYYZIII', 'ZIXYZZZIYYII', 'XXIZZZYXIIII', 'ZYXIZZZZZYYI', 'XIIIZZXYYIXY', 'YZXZZIZZYZYI', 'ZZZIZIIZXXXY', 'XIZZIZXYZXII', 'ZIXYZZZIYYII', 'YZXZZIZZYZYI', 'YXIIZZIIYYII', 'YZIXZZZIIYYI', 'IIYXYYZZZZII', 'XIIIZZXYYIXY', 'YZYXZIZIXZXY', 'XXIZZZYXIIII', 'ZXIIIZZZZYII', 'ZYXIZZZZZYYI']
 Finished:     -15.587699877252
 Error:       0.002700350919
1.4




 --------------------------------------------------------------------------
                         ADAPT-VQE iteration:  33
 --------------------------------------------------------------------------
0.001619320295973059
['IZZZYYYXYXXY', 'XYZIZIYYZIII', 'YZYXZIZIXZXY', 'ZXIIIZZZZYII', 'ZZYXIZYYIIII', 'YZIXZZZIIYYI', 'XIIIZZXYYIXY', 'ZZZIZIIZXXXY', 'IZZZYYYXYXXY', 'XXIZZZYXIIII', 'XIZZIZXYZXII', 'YZXZZIZZYZYI', 'IIYXYYZZZZII', 'XIIIZZXYYIXY', 'IXXZIIIZZXYI', 'YZIXZZZIIYYI', 'XYZIZIYYZIII', 'ZIXYZZZIYYII', 'XXIZZZYXIIII', 'ZYXIZZZZZYYI', 'XIIIZZXYYIXY', 'YZXZZIZZYZYI', 'ZZZIZIIZXXXY', 'XIZZIZXYZXII', 'ZIXYZZZIYYII', 'YZXZZIZZYZYI', 'YXIIZZIIYYII', 'YZIXZZZIIYYI', 'IIYXYYZZZZII', 'XIIIZZXYYIXY', 'YZYXZIZIXZXY', 'XXIZZZYXIIII', 'ZXIIIZZZZYII', 'ZYXIZZZZZYYI']
 Finished:     -15.587705707289
 Error:       0.002694520882
1.4




 --------------------------------------------------------------------------
                         ADAPT-VQE iteration:  34
 --------------------------------------------------------------------------
0.0016762421333869283
['IZZZYYYXYXXY', 'XXIZZZYXIIII', 'XYZIZIYYZIII', 'YZYXZIZIXZXY', 'ZXIIIZZZZYII', 'ZZYXIZYYIIII', 'YZIXZZZIIYYI', 'XIIIZZXYYIXY', 'ZZZIZIIZXXXY', 'IZZZYYYXYXXY', 'XXIZZZYXIIII', 'XIZZIZXYZXII', 'YZXZZIZZYZYI', 'IIYXYYZZZZII', 'XIIIZZXYYIXY', 'IXXZIIIZZXYI', 'YZIXZZZIIYYI', 'XYZIZIYYZIII', 'ZIXYZZZIYYII', 'XXIZZZYXIIII', 'ZYXIZZZZZYYI', 'XIIIZZXYYIXY', 'YZXZZIZZYZYI', 'ZZZIZIIZXXXY', 'XIZZIZXYZXII', 'ZIXYZZZIYYII', 'YZXZZIZZYZYI', 'YXIIZZIIYYII', 'YZIXZZZIIYYI', 'IIYXYYZZZZII', 'XIIIZZXYYIXY', 'YZYXZIZIXZXY', 'XXIZZZYXIIII', 'ZXIIIZZZZYII', 'ZYXIZZZZZYYI']
 Finished:     -15.587713576036
 Error:       0.002686652135
1.4




 --------------------------------------------------------------------------
                         ADAPT-VQE iteration:  35
 --------------------------------------------------------------------------
0.0016537228463974155
['IZZZYYYXYXXY', 'XXIZZZYXIIII', 'XYZIZIYYZIII', 'YZYXZIZIXZXY', 'ZXIIIZZZZYII', 'ZZYXIZYYIIII', 'YZIXZZZIIYYI', 'XIIIZZXYYIXY', 'ZZZIZIIZXXXY', 'IZZZYYYXYXXY', 'XXIZZZYXIIII', 'XIZZIZXYZXII', 'YZXZZIZZYZYI', 'IIYXYYZZZZII', 'XIIIZZXYYIXY', 'IXXZIIIZZXYI', 'XIIIZZXYYIXY', 'YZIXZZZIIYYI', 'XYZIZIYYZIII', 'ZIXYZZZIYYII', 'XXIZZZYXIIII', 'ZYXIZZZZZYYI', 'XIIIZZXYYIXY', 'YZXZZIZZYZYI', 'ZZZIZIIZXXXY', 'XIZZIZXYZXII', 'ZIXYZZZIYYII', 'YZXZZIZZYZYI', 'YXIIZZIIYYII', 'YZIXZZZIIYYI', 'IIYXYYZZZZII', 'XIIIZZXYYIXY', 'YZYXZIZIXZXY', 'XXIZZZYXIIII', 'ZXIIIZZZZYII', 'ZYXIZZZZZYYI']
 Finished:     -15.587725558230
 Error:       0.002674669941
1.4




 --------------------------------------------------------------------------
                         ADAPT-VQE iteration:  36
 --------------------------------------------------------------------------
0.0013004116844850516
['IZZZYYYXYXXY', 'XXIZZZYXIIII', 'XYZIZIYYZIII', 'YZYXZIZIXZXY', 'ZXIIIZZZZYII', 'ZZYXIZYYIIII', 'YZIXZZZIIYYI', 'XIIIZZXYYIXY', 'ZZZIZIIZXXXY', 'YZIXZZZIIYYI', 'IZZZYYYXYXXY', 'XXIZZZYXIIII', 'XIZZIZXYZXII', 'YZXZZIZZYZYI', 'IIYXYYZZZZII', 'XIIIZZXYYIXY', 'IXXZIIIZZXYI', 'XIIIZZXYYIXY', 'YZIXZZZIIYYI', 'XYZIZIYYZIII', 'ZIXYZZZIYYII', 'XXIZZZYXIIII', 'ZYXIZZZZZYYI', 'XIIIZZXYYIXY', 'YZXZZIZZYZYI', 'ZZZIZIIZXXXY', 'XIZZIZXYZXII', 'ZIXYZZZIYYII', 'YZXZZIZZYZYI', 'YXIIZZIIYYII', 'YZIXZZZIIYYI', 'IIYXYYZZZZII', 'XIIIZZXYYIXY', 'YZYXZIZIXZXY', 'XXIZZZYXIIII', 'ZXIIIZZZZYII', 'ZYXIZZZZZYYI']
 Finished:     -15.587752412569
 Error:       0.002647815602
1.4




 --------------------------------------------------------------------------
                         ADAPT-VQE iteration:  37
 --------------------------------------------------------------------------
0.0011810761605033637
['IZZZYYYXYXXY', 'XXIZZZYXIIII', 'XYZIZIYYZIII', 'YZYXZIZIXZXY', 'ZXIIIZZZZYII', 'ZZYXIZYYIIII', 'YZIXZZZIIYYI', 'XIIIZZXYYIXY', 'ZZZIZIIZXXXY', 'YZIXZZZIIYYI', 'IZZZYYYXYXXY', 'XXIZZZYXIIII', 'XIZZIZXYZXII', 'YZXZZIZZYZYI', 'IIYXYYZZZZII', 'XIIIZZXYYIXY', 'IXXZIIIZZXYI', 'XIIIZZXYYIXY', 'YZIXZZZIIYYI', 'XYZIZIYYZIII', 'ZIXYZZZIYYII', 'XXIZZZYXIIII', 'ZYXIZZZZZYYI', 'XIIIZZXYYIXY', 'YZXZZIZZYZYI', 'ZZZIZIIZXXXY', 'XIZZIZXYZXII', 'ZIXYZZZIYYII', 'YZXZZIZZYZYI', 'YXIIZZIIYYII', 'YZIXZZZIIYYI', 'IIYXYYZZZZII', 'XIIIZZXYYIXY', 'YZYXZIZIXZXY', 'XXIZZZYXIIII', 'ZXIIIZZZZYII', 'ZZYXIZYYIIII', 'ZYXIZZZZZYYI']
 Finished:     -15.587757773776
 Error:       0.002642454395
1.4




 --------------------------------------------------------------------------
                         ADAPT-VQE iteration:  38
 --------------------------------------------------------------------------
0.0010784008829216516
['IZZZYYYXYXXY', 'XXIZZZYXIIII', 'XYZIZIYYZIII', 'YZYXZIZIXZXY', 'ZXIIIZZZZYII', 'ZZYXIZYYIIII', 'YZIXZZZIIYYI', 'XIIIZZXYYIXY', 'ZZZIZIIZXXXY', 'YZIXZZZIIYYI', 'IZZZYYYXYXXY', 'XXIZZZYXIIII', 'XIZZIZXYZXII', 'YZXZZIZZYZYI', 'IIYXYYZZZZII', 'XIIIZZXYYIXY', 'IXXZIIIZZXYI', 'XIIIZZXYYIXY', 'YZIXZZZIIYYI', 'XYZIZIYYZIII', 'ZIXYZZZIYYII', 'ZXIIIZZZZYII', 'XXIZZZYXIIII', 'ZYXIZZZZZYYI', 'XIIIZZXYYIXY', 'YZXZZIZZYZYI', 'ZZZIZIIZXXXY', 'XIZZIZXYZXII', 'ZIXYZZZIYYII', 'YZXZZIZZYZYI', 'YXIIZZIIYYII', 'YZIXZZZIIYYI', 'IIYXYYZZZZII', 'XIIIZZXYYIXY', 'YZYXZIZIXZXY', 'XXIZZZYXIIII', 'ZXIIIZZZZYII', 'ZZYXIZYYIIII', 'ZYXIZZZZZYYI']
 Finished:     -15.587758066277
 Error:       0.002642161894
1.4




 --------------------------------------------------------------------------
                         ADAPT-VQE iteration:  39
 --------------------------------------------------------------------------
0.001117623226251977
['IZZZYYYXYXXY', 'XXIZZZYXIIII', 'XYZIZIYYZIII', 'YZYXZIZIXZXY', 'ZXIIIZZZZYII', 'ZZYXIZYYIIII', 'YZIXZZZIIYYI', 'XIIIZZXYYIXY', 'ZZZIZIIZXXXY', 'YZIXZZZIIYYI', 'IZZZYYYXYXXY', 'XXIZZZYXIIII', 'XIZZIZXYZXII', 'YZXZZIZZYZYI', 'IIYXYYZZZZII', 'XIIIZZXYYIXY', 'IXXZIIIZZXYI', 'ZXIIIZZZZYII', 'XIIIZZXYYIXY', 'YZIXZZZIIYYI', 'XYZIZIYYZIII', 'ZIXYZZZIYYII', 'ZXIIIZZZZYII', 'XXIZZZYXIIII', 'ZYXIZZZZZYYI', 'XIIIZZXYYIXY', 'YZXZZIZZYZYI', 'ZZZIZIIZXXXY', 'XIZZIZXYZXII', 'ZIXYZZZIYYII', 'YZXZZIZZYZYI', 'YXIIZZIIYYII', 'YZIXZZZIIYYI', 'IIYXYYZZZZII', 'XIIIZZXYYIXY', 'YZYXZIZIXZXY', 'XXIZZZYXIIII', 'ZXIIIZZZZYII', 'ZZYXIZYYIIII', 'ZYXIZZZZZYYI']
 Finished:     -15.587772600256
 Error:       0.002627627915
1.4




 --------------------------------------------------------------------------
                         ADAPT-VQE iteration:  40
 --------------------------------------------------------------------------
0.0016968278092463756
['IZZZYYYXYXXY', 'XXIZZZYXIIII', 'XYZIZIYYZIII', 'YZYXZIZIXZXY', 'ZXIIIZZZZYII', 'ZZYXIZYYIIII', 'YZIXZZZIIYYI', 'XIIIZZXYYIXY', 'ZZZIZIIZXXXY', 'YZIXZZZIIYYI', 'IZZZYYYXYXXY', 'XXIZZZYXIIII', 'XIZZIZXYZXII', 'YZXZZIZZYZYI', 'IIYXYYZZZZII', 'XIIIZZXYYIXY', 'IXXZIIIZZXYI', 'ZXIIIZZZZYII', 'ZZYXIZYYIIII', 'XIIIZZXYYIXY', 'YZIXZZZIIYYI', 'XYZIZIYYZIII', 'ZIXYZZZIYYII', 'ZXIIIZZZZYII', 'XXIZZZYXIIII', 'ZYXIZZZZZYYI', 'XIIIZZXYYIXY', 'YZXZZIZZYZYI', 'ZZZIZIIZXXXY', 'XIZZIZXYZXII', 'ZIXYZZZIYYII', 'YZXZZIZZYZYI', 'YXIIZZIIYYII', 'YZIXZZZIIYYI', 'IIYXYYZZZZII', 'XIIIZZXYYIXY', 'YZYXZIZIXZXY', 'XXIZZZYXIIII', 'ZXIIIZZZZYII', 'ZZYXIZYYIIII', 'ZYXIZZZZZYYI']
 Finished:     -15.587774125133
 Error:       0.002626103038
1.4




 --------------------------------------------------------------------------
                         ADAPT-VQE iteration:  41
 --------------------------------------------------------------------------
0.002248868364091737
['IZZZYYYXYXXY', 'XXIZZZYXIIII', 'XYZIZIYYZIII', 'YZYXZIZIXZXY', 'ZXIIIZZZZYII', 'ZZYXIZYYIIII', 'YZIXZZZIIYYI', 'XIIIZZXYYIXY', 'ZZZIZIIZXXXY', 'YZIXZZZIIYYI', 'IZZZYYYXYXXY', 'XXIZZZYXIIII', 'XIZZIZXYZXII', 'YZXZZIZZYZYI', 'IIYXYYZZZZII', 'XIIIZZXYYIXY', 'IXXZIIIZZXYI', 'ZXIIIZZZZYII', 'ZZYXIZYYIIII', 'XIIIZZXYYIXY', 'YZIXZZZIIYYI', 'XYZIZIYYZIII', 'ZIXYZZZIYYII', 'ZXIIIZZZZYII', 'ZZYXIZYYIIII', 'XXIZZZYXIIII', 'ZYXIZZZZZYYI', 'XIIIZZXYYIXY', 'YZXZZIZZYZYI', 'ZZZIZIIZXXXY', 'XIZZIZXYZXII', 'ZIXYZZZIYYII', 'YZXZZIZZYZYI', 'YXIIZZIIYYII', 'YZIXZZZIIYYI', 'IIYXYYZZZZII', 'XIIIZZXYYIXY', 'YZYXZIZIXZXY', 'XXIZZZYXIIII', 'ZXIIIZZZZYII', 'ZZYXIZYYIIII', 'ZYXIZZZZZYYI']
 Finished:     -15.587844477383
 Error:       0.002555750788
1.4




 --------------------------------------------------------------------------
                         ADAPT-VQE iteration:  42
 --------------------------------------------------------------------------
0.0014856050573836305
['IZZZYYYXYXXY', 'XXIZZZYXIIII', 'XYZIZIYYZIII', 'YZYXZIZIXZXY', 'ZXIIIZZZZYII', 'ZZYXIZYYIIII', 'YZIXZZZIIYYI', 'XIIIZZXYYIXY', 'ZZZIZIIZXXXY', 'YZIXZZZIIYYI', 'IZZZYYYXYXXY', 'XXIZZZYXIIII', 'XIZZIZXYZXII', 'YZXZZIZZYZYI', 'IIYXYYZZZZII', 'XIIIZZXYYIXY', 'IXXZIIIZZXYI', 'ZXIIIZZZZYII', 'ZZYXIZYYIIII', 'XIIIZZXYYIXY', 'YZIXZZZIIYYI', 'IIYXYYZZZZII', 'XYZIZIYYZIII', 'ZIXYZZZIYYII', 'ZXIIIZZZZYII', 'ZZYXIZYYIIII', 'XXIZZZYXIIII', 'ZYXIZZZZZYYI', 'XIIIZZXYYIXY', 'YZXZZIZZYZYI', 'ZZZIZIIZXXXY', 'XIZZIZXYZXII', 'ZIXYZZZIYYII', 'YZXZZIZZYZYI', 'YXIIZZIIYYII', 'YZIXZZZIIYYI', 'IIYXYYZZZZII', 'XIIIZZXYYIXY', 'YZYXZIZIXZXY', 'XXIZZZYXIIII', 'ZXIIIZZZZYII', 'ZZYXIZYYIIII', 'ZYXIZZZZZYYI']
 Finished:     -15.587850222130
 Error:       0.002550006041
1.4




 --------------------------------------------------------------------------
                         ADAPT-VQE iteration:  43
 --------------------------------------------------------------------------
0.0013228224855029128
['IZZZYYYXYXXY', 'YZXZZIZZYZYI', 'XXIZZZYXIIII', 'XYZIZIYYZIII', 'YZYXZIZIXZXY', 'ZXIIIZZZZYII', 'ZZYXIZYYIIII', 'YZIXZZZIIYYI', 'XIIIZZXYYIXY', 'ZZZIZIIZXXXY', 'YZIXZZZIIYYI', 'IZZZYYYXYXXY', 'XXIZZZYXIIII', 'XIZZIZXYZXII', 'YZXZZIZZYZYI', 'IIYXYYZZZZII', 'XIIIZZXYYIXY', 'IXXZIIIZZXYI', 'ZXIIIZZZZYII', 'ZZYXIZYYIIII', 'XIIIZZXYYIXY', 'YZIXZZZIIYYI', 'IIYXYYZZZZII', 'XYZIZIYYZIII', 'ZIXYZZZIYYII', 'ZXIIIZZZZYII', 'ZZYXIZYYIIII', 'XXIZZZYXIIII', 'ZYXIZZZZZYYI', 'XIIIZZXYYIXY', 'YZXZZIZZYZYI', 'ZZZIZIIZXXXY', 'XIZZIZXYZXII', 'ZIXYZZZIYYII', 'YZXZZIZZYZYI', 'YXIIZZIIYYII', 'YZIXZZZIIYYI', 'IIYXYYZZZZII', 'XIIIZZXYYIXY', 'YZYXZIZIXZXY', 'XXIZZZYXIIII', 'ZXIIIZZZZYII', 'ZZYXIZYYIIII', 'ZYXIZZZZZYYI']
 Finished:     -15.587856522962
 Error:       0.002543705209
1.4




 --------------------------------------------------------------------------
                         ADAPT-VQE iteration:  44
 --------------------------------------------------------------------------
0.0012320951530108456
['IZZZYYYXYXXY', 'YZXZZIZZYZYI', 'XXIZZZYXIIII', 'XYZIZIYYZIII', 'YZYXZIZIXZXY', 'ZXIIIZZZZYII', 'ZZYXIZYYIIII', 'YZIXZZZIIYYI', 'XIIIZZXYYIXY', 'ZZZIZIIZXXXY', 'YZIXZZZIIYYI', 'IZZZYYYXYXXY', 'XXIZZZYXIIII', 'XIZZIZXYZXII', 'YZXZZIZZYZYI', 'IIYXYYZZZZII', 'XIIIZZXYYIXY', 'IXXZIIIZZXYI', 'ZXIIIZZZZYII', 'ZZYXIZYYIIII', 'XIIIZZXYYIXY', 'YZIXZZZIIYYI', 'IIYXYYZZZZII', 'XYZIZIYYZIII', 'ZIXYZZZIYYII', 'ZXIIIZZZZYII', 'ZZYXIZYYIIII', 'XXIZZZYXIIII', 'ZYXIZZZZZYYI', 'IZZZYYYXYXXY', 'XIIIZZXYYIXY', 'YZXZZIZZYZYI', 'ZZZIZIIZXXXY', 'XIZZIZXYZXII', 'ZIXYZZZIYYII', 'YZXZZIZZYZYI', 'YXIIZZIIYYII', 'YZIXZZZIIYYI', 'IIYXYYZZZZII', 'XIIIZZXYYIXY', 'YZYXZIZIXZXY', 'XXIZZZYXIIII', 'ZXIIIZZZZYII', 'ZZYXIZYYIIII', 'ZYXIZZZZZYYI']
 Finished:     -15.587857192984
 Error:       0.002543035186
1.4




 --------------------------------------------------------------------------
                         ADAPT-VQE iteration:  45
 --------------------------------------------------------------------------
0.000990014125884963
['IZZZYYYXYXXY', 'YZXZZIZZYZYI', 'XXIZZZYXIIII', 'XYZIZIYYZIII', 'YZYXZIZIXZXY', 'ZXIIIZZZZYII', 'ZZYXIZYYIIII', 'YZIXZZZIIYYI', 'XIIIZZXYYIXY', 'ZZZIZIIZXXXY', 'YZIXZZZIIYYI', 'IZZZYYYXYXXY', 'XXIZZZYXIIII', 'XIZZIZXYZXII', 'YZXZZIZZYZYI', 'IIYXYYZZZZII', 'XIIIZZXYYIXY', 'IXXZIIIZZXYI', 'ZXIIIZZZZYII', 'ZZYXIZYYIIII', 'XIIIZZXYYIXY', 'YZIXZZZIIYYI', 'IIYXYYZZZZII', 'XYZIZIYYZIII', 'ZIXYZZZIYYII', 'ZXIIIZZZZYII', 'ZZYXIZYYIIII', 'IIYXYYZZZZII', 'XXIZZZYXIIII', 'ZYXIZZZZZYYI', 'IZZZYYYXYXXY', 'XIIIZZXYYIXY', 'YZXZZIZZYZYI', 'ZZZIZIIZXXXY', 'XIZZIZXYZXII', 'ZIXYZZZIYYII', 'YZXZZIZZYZYI', 'YXIIZZIIYYII', 'YZIXZZZIIYYI', 'IIYXYYZZZZII', 'XIIIZZXYYIXY', 'YZYXZIZIXZXY', 'XXIZZZYXIIII', 'ZXIIIZZZZYII', 'ZZYXIZYYIIII', 'ZYXIZZZZZYYI']
 Finished:     -15.587869162101
 Error:       0.002531066070
1.4




 --------------------------------------------------------------------------
                         ADAPT-VQE iteration:  46
 --------------------------------------------------------------------------
0.002080819640354404
['IZZZYYYXYXXY', 'YZXZZIZZYZYI', 'XXIZZZYXIIII', 'XYZIZIYYZIII', 'YZYXZIZIXZXY', 'ZXIIIZZZZYII', 'ZZYXIZYYIIII', 'YZIXZZZIIYYI', 'XIIIZZXYYIXY', 'ZZZIZIIZXXXY', 'YZIXZZZIIYYI', 'IZZZYYYXYXXY', 'XXIZZZYXIIII', 'XIZZIZXYZXII', 'YZXZZIZZYZYI', 'IIYXYYZZZZII', 'XIIIZZXYYIXY', 'IXXZIIIZZXYI', 'ZXIIIZZZZYII', 'ZZYXIZYYIIII', 'XIIIZZXYYIXY', 'YZIXZZZIIYYI', 'IIYXYYZZZZII', 'XYZIZIYYZIII', 'ZIXYZZZIYYII', 'ZXIIIZZZZYII', 'ZZYXIZYYIIII', 'IIYXYYZZZZII', 'XXIZZZYXIIII', 'ZYXIZZZZZYYI', 'IZZZYYYXYXXY', 'XIIIZZXYYIXY', 'YZXZZIZZYZYI', 'ZZZIZIIZXXXY', 'XIZZIZXYZXII', 'ZIXYZZZIYYII', 'YZXZZIZZYZYI', 'YXIIZZIIYYII', 'YZIXZZZIIYYI', 'IIYXYYZZZZII', 'XIIIZZXYYIXY', 'YZYXZIZIXZXY', 'XXIZZZYXIIII', 'IZZZYYYXYXXY', 'ZXIIIZZZZYII', 'ZZYXIZYYIIII', 'ZYXIZZZZZYYI']
 Finished:     -15.587874573615
 Error:       0.002525654556
1.4




 --------------------------------------------------------------------------
                         ADAPT-VQE iteration:  47
 --------------------------------------------------------------------------
0.0012845278814187483
slurmstepd: error: *** JOB 132324 ON tc150 CANCELLED AT 2021-04-09T10:56:34 ***
