The list of distances to compute is: [1.0, 1.1, 1.2, 1.3, 1.4, 1.5, 1.6, 1.7, 1.8, 1.9]
I am the distance: 1.6
H 0 0 0; Be 0 0 1.6; H 0 0 3.2
Problem reduced to 12 qubits.
HF energy:                -15.5040855166709708
Active space FCI energy:   -15.5542785549568929
n_electrons: 4
0.0
molecule.n_orbitals: 6
 adapt threshold: 1e-07
 theta threshold: 1e-10
 Generate Sparse Matrices for operators in pool
Ground state energy: -15.554278554956964
initial energy -15.504085516670969
 Start ADAPT-VQE algorithm
 Now start to grow the ansatz




 --------------------------------------------------------------------------
                         ADAPT-VQE iteration:  0
 --------------------------------------------------------------------------
0.0
['ZYXIZZZZZYYI']
 Finished:     -15.509384276448
 Error:       0.044894278509
1.6




 --------------------------------------------------------------------------
                         ADAPT-VQE iteration:  1
 --------------------------------------------------------------------------
0.1938641067263956
['ZIXYZZZIYYII', 'ZYXIZZZZZYYI']
 Finished:     -15.520309572133
 Error:       0.033968982824
1.6




 --------------------------------------------------------------------------
                         ADAPT-VQE iteration:  2
 --------------------------------------------------------------------------
0.13760570394797078
['ZIXYZZZIYYII', 'YXIIZZIIYYII', 'ZYXIZZZZZYYI']
 Finished:     -15.525321745282
 Error:       0.028956809675
1.6




 --------------------------------------------------------------------------
                         ADAPT-VQE iteration:  3
 --------------------------------------------------------------------------
0.13897947016011078
['YZIXZZZIIYYI', 'ZIXYZZZIYYII', 'YXIIZZIIYYII', 'ZYXIZZZZZYYI']
 Finished:     -15.529548318552
 Error:       0.024730236405
1.6




 --------------------------------------------------------------------------
                         ADAPT-VQE iteration:  4
 --------------------------------------------------------------------------
0.0856020016525558
['YZIXZZZIIYYI', 'ZIXYZZZIYYII', 'YXIIZZIIYYII', 'XXIZZZYXIIII', 'ZYXIZZZZZYYI']
 Finished:     -15.531833877170
 Error:       0.022444677787
1.6




 --------------------------------------------------------------------------
                         ADAPT-VQE iteration:  5
 --------------------------------------------------------------------------
0.030622007792140072
['YZIXZZZIIYYI', 'ZIXYZZZIYYII', 'YZXZZIZZYZYI', 'YXIIZZIIYYII', 'XXIZZZYXIIII', 'ZYXIZZZZZYYI']
 Finished:     -15.532050757862
 Error:       0.022227797095
1.6




 --------------------------------------------------------------------------
                         ADAPT-VQE iteration:  6
 --------------------------------------------------------------------------
0.027830699740998478
['YZIXZZZIIYYI', 'ZZZIZIIZXXXY', 'ZIXYZZZIYYII', 'YZXZZIZZYZYI', 'YXIIZZIIYYII', 'XXIZZZYXIIII', 'ZYXIZZZZZYYI']
 Finished:     -15.532097160392
 Error:       0.022181394565
1.6




 --------------------------------------------------------------------------
                         ADAPT-VQE iteration:  7
 --------------------------------------------------------------------------
0.033617867495021825
['YZIXZZZIIYYI', 'ZZZIZIIZXXXY', 'ZIXYZZZIYYII', 'YZXZZIZZYZYI', 'ZZZIZIIZXXXY', 'YXIIZZIIYYII', 'XXIZZZYXIIII', 'ZYXIZZZZZYYI']
 Finished:     -15.536553870937
 Error:       0.017724684020
1.6




 --------------------------------------------------------------------------
                         ADAPT-VQE iteration:  8
 --------------------------------------------------------------------------
0.08654447257024007
['YZIXZZZIIYYI', 'ZZZIZIIZXXXY', 'YZIXZZZIIYYI', 'ZIXYZZZIYYII', 'YZXZZIZZYZYI', 'ZZZIZIIZXXXY', 'YXIIZZIIYYII', 'XXIZZZYXIIII', 'ZYXIZZZZZYYI']
 Finished:     -15.542642462186
 Error:       0.011636092771
1.6




 --------------------------------------------------------------------------
                         ADAPT-VQE iteration:  9
 --------------------------------------------------------------------------
0.058290895033467474
['YZIXZZZIIYYI', 'ZZZIZIIZXXXY', 'YZIXZZZIIYYI', 'ZIXYZZZIYYII', 'ZYXIZZZZZYYI', 'YZXZZIZZYZYI', 'ZZZIZIIZXXXY', 'YXIIZZIIYYII', 'XXIZZZYXIIII', 'ZYXIZZZZZYYI']
 Finished:     -15.546038345031
 Error:       0.008240209926
1.6




 --------------------------------------------------------------------------
                         ADAPT-VQE iteration:  10
 --------------------------------------------------------------------------
0.029348310828668824
['YZIXZZZIIYYI', 'IXXZIIIZZXYI', 'ZZZIZIIZXXXY', 'YZIXZZZIIYYI', 'ZIXYZZZIYYII', 'ZYXIZZZZZYYI', 'YZXZZIZZYZYI', 'ZZZIZIIZXXXY', 'YXIIZZIIYYII', 'XXIZZZYXIIII', 'ZYXIZZZZZYYI']
 Finished:     -15.547011569695
 Error:       0.007266985262
1.6




 --------------------------------------------------------------------------
                         ADAPT-VQE iteration:  11
 --------------------------------------------------------------------------
0.023205188681583475
['YZIXZZZIIYYI', 'IXXZIIIZZXYI', 'ZZZIZIIZXXXY', 'YZIXZZZIIYYI', 'ZIXYZZZIYYII', 'ZYXIZZZZZYYI', 'YZXZZIZZYZYI', 'ZZZIZIIZXXXY', 'YXIIZZIIYYII', 'YZYXZIZIXZXY', 'XXIZZZYXIIII', 'ZYXIZZZZZYYI']
 Finished:     -15.547084883006
 Error:       0.007193671951
1.6




 --------------------------------------------------------------------------
                         ADAPT-VQE iteration:  12
 --------------------------------------------------------------------------
0.02274555933621069
['YZIXZZZIIYYI', 'IXXZIIIZZXYI', 'ZZZIZIIZXXXY', 'YZIXZZZIIYYI', 'ZIXYZZZIYYII', 'ZYXIZZZZZYYI', 'YZXZZIZZYZYI', 'ZZZIZIIZXXXY', 'YXIIZZIIYYII', 'YZIXZZZIIYYI', 'YZYXZIZIXZXY', 'XXIZZZYXIIII', 'ZYXIZZZZZYYI']
 Finished:     -15.548626804544
 Error:       0.005651750413
1.6




 --------------------------------------------------------------------------
                         ADAPT-VQE iteration:  13
 --------------------------------------------------------------------------
0.024667576614978606
['YZIXZZZIIYYI', 'IXXZIIIZZXYI', 'ZZZIZIIZXXXY', 'YZIXZZZIIYYI', 'ZIXYZZZIYYII', 'ZYXIZZZZZYYI', 'YZXZZIZZYZYI', 'ZZZIZIIZXXXY', 'YZXZZIZZYZYI', 'YXIIZZIIYYII', 'YZIXZZZIIYYI', 'YZYXZIZIXZXY', 'XXIZZZYXIIII', 'ZYXIZZZZZYYI']
 Finished:     -15.549499957492
 Error:       0.004778597465
1.6




 --------------------------------------------------------------------------
                         ADAPT-VQE iteration:  14
 --------------------------------------------------------------------------
0.016817812668285984
['XYZIZIYYZIII', 'YZIXZZZIIYYI', 'IXXZIIIZZXYI', 'ZZZIZIIZXXXY', 'YZIXZZZIIYYI', 'ZIXYZZZIYYII', 'ZYXIZZZZZYYI', 'YZXZZIZZYZYI', 'ZZZIZIIZXXXY', 'YZXZZIZZYZYI', 'YXIIZZIIYYII', 'YZIXZZZIIYYI', 'YZYXZIZIXZXY', 'XXIZZZYXIIII', 'ZYXIZZZZZYYI']
 Finished:     -15.549789799659
 Error:       0.004488755298
1.6




 --------------------------------------------------------------------------
                         ADAPT-VQE iteration:  15
 --------------------------------------------------------------------------
0.015401285456822886
['XYZIZIYYZIII', 'YZIXZZZIIYYI', 'IXXZIIIZZXYI', 'ZZZIZIIZXXXY', 'YZIXZZZIIYYI', 'ZIXYZZZIYYII', 'ZYXIZZZZZYYI', 'YZXZZIZZYZYI', 'ZZZIZIIZXXXY', 'ZIXYZZZIYYII', 'YZXZZIZZYZYI', 'YXIIZZIIYYII', 'YZIXZZZIIYYI', 'YZYXZIZIXZXY', 'XXIZZZYXIIII', 'ZYXIZZZZZYYI']
 Finished:     -15.550054741199
 Error:       0.004223813758
1.6




 --------------------------------------------------------------------------
                         ADAPT-VQE iteration:  16
 --------------------------------------------------------------------------
0.012726895742388115
['XYZIZIYYZIII', 'YZIXZZZIIYYI', 'IIYXYYZZZZII', 'IXXZIIIZZXYI', 'ZZZIZIIZXXXY', 'YZIXZZZIIYYI', 'ZIXYZZZIYYII', 'ZYXIZZZZZYYI', 'YZXZZIZZYZYI', 'ZZZIZIIZXXXY', 'ZIXYZZZIYYII', 'YZXZZIZZYZYI', 'YXIIZZIIYYII', 'YZIXZZZIIYYI', 'YZYXZIZIXZXY', 'XXIZZZYXIIII', 'ZYXIZZZZZYYI']
 Finished:     -15.550103603861
 Error:       0.004174951096
1.6




 --------------------------------------------------------------------------
                         ADAPT-VQE iteration:  17
 --------------------------------------------------------------------------
0.01019469032916163
['ZXIIIZZZZYII', 'XYZIZIYYZIII', 'YZIXZZZIIYYI', 'IIYXYYZZZZII', 'IXXZIIIZZXYI', 'ZZZIZIIZXXXY', 'YZIXZZZIIYYI', 'ZIXYZZZIYYII', 'ZYXIZZZZZYYI', 'YZXZZIZZYZYI', 'ZZZIZIIZXXXY', 'ZIXYZZZIYYII', 'YZXZZIZZYZYI', 'YXIIZZIIYYII', 'YZIXZZZIIYYI', 'YZYXZIZIXZXY', 'XXIZZZYXIIII', 'ZYXIZZZZZYYI']
 Finished:     -15.550157822799
 Error:       0.004120732157
1.6




 --------------------------------------------------------------------------
                         ADAPT-VQE iteration:  18
 --------------------------------------------------------------------------
0.008453500577035034
['ZXIIIZZZZYII', 'XYZIZIYYZIII', 'YXIIZZIIYYII', 'YZIXZZZIIYYI', 'IIYXYYZZZZII', 'IXXZIIIZZXYI', 'ZZZIZIIZXXXY', 'YZIXZZZIIYYI', 'ZIXYZZZIYYII', 'ZYXIZZZZZYYI', 'YZXZZIZZYZYI', 'ZZZIZIIZXXXY', 'ZIXYZZZIYYII', 'YZXZZIZZYZYI', 'YXIIZZIIYYII', 'YZIXZZZIIYYI', 'YZYXZIZIXZXY', 'XXIZZZYXIIII', 'ZYXIZZZZZYYI']
 Finished:     -15.550902827406
 Error:       0.003375727551
1.6




 --------------------------------------------------------------------------
                         ADAPT-VQE iteration:  19
 --------------------------------------------------------------------------
0.007030109251534004
['ZXIIIZZZZYII', 'XYZIZIYYZIII', 'YXIIZZIIYYII', 'YZIXZZZIIYYI', 'IIYXYYZZZZII', 'IXXZIIIZZXYI', 'ZZZIZIIZXXXY', 'YZIXZZZIIYYI', 'XYZIZIYYZIII', 'ZIXYZZZIYYII', 'ZYXIZZZZZYYI', 'YZXZZIZZYZYI', 'ZZZIZIIZXXXY', 'ZIXYZZZIYYII', 'YZXZZIZZYZYI', 'YXIIZZIIYYII', 'YZIXZZZIIYYI', 'YZYXZIZIXZXY', 'XXIZZZYXIIII', 'ZYXIZZZZZYYI']
 Finished:     -15.550921276797
 Error:       0.003357278160
1.6




 --------------------------------------------------------------------------
                         ADAPT-VQE iteration:  20
 --------------------------------------------------------------------------
0.006791979827200978
['ZXIIIZZZZYII', 'XYZIZIYYZIII', 'YXIIZZIIYYII', 'YZIXZZZIIYYI', 'IIYXYYZZZZII', 'IXXZIIIZZXYI', 'ZZZIZIIZXXXY', 'YZIXZZZIIYYI', 'XYZIZIYYZIII', 'ZIXYZZZIYYII', 'XXIZZZYXIIII', 'ZYXIZZZZZYYI', 'YZXZZIZZYZYI', 'ZZZIZIIZXXXY', 'ZIXYZZZIYYII', 'YZXZZIZZYZYI', 'YXIIZZIIYYII', 'YZIXZZZIIYYI', 'YZYXZIZIXZXY', 'XXIZZZYXIIII', 'ZYXIZZZZZYYI']
 Finished:     -15.550934672726
 Error:       0.003343882231
1.6




 --------------------------------------------------------------------------
                         ADAPT-VQE iteration:  21
 --------------------------------------------------------------------------
0.00652106780100261
['ZXIIIZZZZYII', 'XYZIZIYYZIII', 'YXIIZZIIYYII', 'YZIXZZZIIYYI', 'IIYXYYZZZZII', 'IXXZIIIZZXYI', 'ZZZIZIIZXXXY', 'YZIXZZZIIYYI', 'XYZIZIYYZIII', 'ZIXYZZZIYYII', 'XXIZZZYXIIII', 'ZYXIZZZZZYYI', 'YZXZZIZZYZYI', 'ZZZIZIIZXXXY', 'ZIXYZZZIYYII', 'YZYXZIZIXZXY', 'YZXZZIZZYZYI', 'YXIIZZIIYYII', 'YZIXZZZIIYYI', 'YZYXZIZIXZXY', 'XXIZZZYXIIII', 'ZYXIZZZZZYYI']
 Finished:     -15.550954894802
 Error:       0.003323660155
1.6




 --------------------------------------------------------------------------
                         ADAPT-VQE iteration:  22
 --------------------------------------------------------------------------
0.00589418362420778
['ZXIIIZZZZYII', 'XYZIZIYYZIII', 'YXIIZZIIYYII', 'YZIXZZZIIYYI', 'IIYXYYZZZZII', 'IXXZIIIZZXYI', 'ZZZIZIIZXXXY', 'YZIXZZZIIYYI', 'XYZIZIYYZIII', 'ZIXYZZZIYYII', 'XXIZZZYXIIII', 'ZYXIZZZZZYYI', 'YZXZZIZZYZYI', 'ZZZIZIIZXXXY', 'ZIXYZZZIYYII', 'YZYXZIZIXZXY', 'YZXZZIZZYZYI', 'YXIIZZIIYYII', 'YZIXZZZIIYYI', 'YZYXZIZIXZXY', 'XXIZZZYXIIII', 'ZXIIIZZZZYII', 'ZYXIZZZZZYYI']
 Finished:     -15.550972637788
 Error:       0.003305917169
1.6




 --------------------------------------------------------------------------
                         ADAPT-VQE iteration:  23
 --------------------------------------------------------------------------
0.005683866962207955
['ZXIIIZZZZYII', 'XYZIZIYYZIII', 'YXIIZZIIYYII', 'YZIXZZZIIYYI', 'IIYXYYZZZZII', 'IXXZIIIZZXYI', 'ZZZIZIIZXXXY', 'YZIXZZZIIYYI', 'XYZIZIYYZIII', 'ZIXYZZZIYYII', 'XXIZZZYXIIII', 'ZYXIZZZZZYYI', 'XIIIZZXYYIXY', 'YZXZZIZZYZYI', 'ZZZIZIIZXXXY', 'ZIXYZZZIYYII', 'YZYXZIZIXZXY', 'YZXZZIZZYZYI', 'YXIIZZIIYYII', 'YZIXZZZIIYYI', 'YZYXZIZIXZXY', 'XXIZZZYXIIII', 'ZXIIIZZZZYII', 'ZYXIZZZZZYYI']
 Finished:     -15.550975244679
 Error:       0.003303310278
1.6




 --------------------------------------------------------------------------
                         ADAPT-VQE iteration:  24
 --------------------------------------------------------------------------
0.006703950704055159
['ZXIIIZZZZYII', 'XYZIZIYYZIII', 'YXIIZZIIYYII', 'YZIXZZZIIYYI', 'IIYXYYZZZZII', 'IXXZIIIZZXYI', 'XIIIZZXYYIXY', 'ZZZIZIIZXXXY', 'YZIXZZZIIYYI', 'XYZIZIYYZIII', 'ZIXYZZZIYYII', 'XXIZZZYXIIII', 'ZYXIZZZZZYYI', 'XIIIZZXYYIXY', 'YZXZZIZZYZYI', 'ZZZIZIIZXXXY', 'ZIXYZZZIYYII', 'YZYXZIZIXZXY', 'YZXZZIZZYZYI', 'YXIIZZIIYYII', 'YZIXZZZIIYYI', 'YZYXZIZIXZXY', 'XXIZZZYXIIII', 'ZXIIIZZZZYII', 'ZYXIZZZZZYYI']
 Finished:     -15.550985186242
 Error:       0.003293368715
1.6




 --------------------------------------------------------------------------
                         ADAPT-VQE iteration:  25
 --------------------------------------------------------------------------
0.007343335698188564
['ZXIIIZZZZYII', 'XYZIZIYYZIII', 'YXIIZZIIYYII', 'YZIXZZZIIYYI', 'IIYXYYZZZZII', 'IXXZIIIZZXYI', 'XIIIZZXYYIXY', 'ZZZIZIIZXXXY', 'YZIXZZZIIYYI', 'XYZIZIYYZIII', 'ZIXYZZZIYYII', 'XXIZZZYXIIII', 'ZYXIZZZZZYYI', 'XIIIZZXYYIXY', 'YZXZZIZZYZYI', 'ZZZIZIIZXXXY', 'XIZZIZXYZXII', 'ZIXYZZZIYYII', 'YZYXZIZIXZXY', 'YZXZZIZZYZYI', 'YXIIZZIIYYII', 'YZIXZZZIIYYI', 'YZYXZIZIXZXY', 'XXIZZZYXIIII', 'ZXIIIZZZZYII', 'ZYXIZZZZZYYI']
 Finished:     -15.550999365346
 Error:       0.003279189611
1.6




 --------------------------------------------------------------------------
                         ADAPT-VQE iteration:  26
 --------------------------------------------------------------------------
0.00577326056311722
['ZXIIIZZZZYII', 'XYZIZIYYZIII', 'YXIIZZIIYYII', 'XIZZIZXYZXII', 'YZIXZZZIIYYI', 'IIYXYYZZZZII', 'IXXZIIIZZXYI', 'XIIIZZXYYIXY', 'ZZZIZIIZXXXY', 'YZIXZZZIIYYI', 'XYZIZIYYZIII', 'ZIXYZZZIYYII', 'XXIZZZYXIIII', 'ZYXIZZZZZYYI', 'XIIIZZXYYIXY', 'YZXZZIZZYZYI', 'ZZZIZIIZXXXY', 'XIZZIZXYZXII', 'ZIXYZZZIYYII', 'YZYXZIZIXZXY', 'YZXZZIZZYZYI', 'YXIIZZIIYYII', 'YZIXZZZIIYYI', 'YZYXZIZIXZXY', 'XXIZZZYXIIII', 'ZXIIIZZZZYII', 'ZYXIZZZZZYYI']
 Finished:     -15.551032013095
 Error:       0.003246541862
1.6




 --------------------------------------------------------------------------
                         ADAPT-VQE iteration:  27
 --------------------------------------------------------------------------
0.005588052947677717
['ZXIIIZZZZYII', 'XYZIZIYYZIII', 'YXIIZZIIYYII', 'XIZZIZXYZXII', 'YZIXZZZIIYYI', 'IIYXYYZZZZII', 'XIIIZZXYYIXY', 'IXXZIIIZZXYI', 'XIIIZZXYYIXY', 'ZZZIZIIZXXXY', 'YZIXZZZIIYYI', 'XYZIZIYYZIII', 'ZIXYZZZIYYII', 'XXIZZZYXIIII', 'ZYXIZZZZZYYI', 'XIIIZZXYYIXY', 'YZXZZIZZYZYI', 'ZZZIZIIZXXXY', 'XIZZIZXYZXII', 'ZIXYZZZIYYII', 'YZYXZIZIXZXY', 'YZXZZIZZYZYI', 'YXIIZZIIYYII', 'YZIXZZZIIYYI', 'YZYXZIZIXZXY', 'XXIZZZYXIIII', 'ZXIIIZZZZYII', 'ZYXIZZZZZYYI']
 Finished:     -15.551045022579
 Error:       0.003233532378
1.6




 --------------------------------------------------------------------------
                         ADAPT-VQE iteration:  28
 --------------------------------------------------------------------------
0.004578178562061254
['ZXIIIZZZZYII', 'XYZIZIYYZIII', 'YXIIZZIIYYII', 'XIZZIZXYZXII', 'YZIXZZZIIYYI', 'IIYXYYZZZZII', 'XIIIZZXYYIXY', 'IXXZIIIZZXYI', 'XIIIZZXYYIXY', 'ZZZIZIIZXXXY', 'YZIXZZZIIYYI', 'XYZIZIYYZIII', 'ZIXYZZZIYYII', 'XXIZZZYXIIII', 'ZYXIZZZZZYYI', 'XIIIZZXYYIXY', 'YZXZZIZZYZYI', 'ZZZIZIIZXXXY', 'XIZZIZXYZXII', 'ZIXYZZZIYYII', 'YZYXZIZIXZXY', 'YZXZZIZZYZYI', 'YXIIZZIIYYII', 'YZIXZZZIIYYI', 'YZYXZIZIXZXY', 'XXIZZZYXIIII', 'ZXIIIZZZZYII', 'ZZYXIZYYIIII', 'ZYXIZZZZZYYI']
 Finished:     -15.551051667198
 Error:       0.003226887759
1.6




 --------------------------------------------------------------------------
                         ADAPT-VQE iteration:  29
 --------------------------------------------------------------------------
0.003977896995859547
['ZXIIIZZZZYII', 'XYZIZIYYZIII', 'YXIIZZIIYYII', 'ZIXYZZZIYYII', 'XIZZIZXYZXII', 'YZIXZZZIIYYI', 'IIYXYYZZZZII', 'XIIIZZXYYIXY', 'IXXZIIIZZXYI', 'XIIIZZXYYIXY', 'ZZZIZIIZXXXY', 'YZIXZZZIIYYI', 'XYZIZIYYZIII', 'ZIXYZZZIYYII', 'XXIZZZYXIIII', 'ZYXIZZZZZYYI', 'XIIIZZXYYIXY', 'YZXZZIZZYZYI', 'ZZZIZIIZXXXY', 'XIZZIZXYZXII', 'ZIXYZZZIYYII', 'YZYXZIZIXZXY', 'YZXZZIZZYZYI', 'YXIIZZIIYYII', 'YZIXZZZIIYYI', 'YZYXZIZIXZXY', 'XXIZZZYXIIII', 'ZXIIIZZZZYII', 'ZZYXIZYYIIII', 'ZYXIZZZZZYYI']
 Finished:     -15.551287656000
 Error:       0.002990898957
1.6




 --------------------------------------------------------------------------
                         ADAPT-VQE iteration:  30
 --------------------------------------------------------------------------
0.004679445634971384
['ZXIIIZZZZYII', 'XYZIZIYYZIII', 'YXIIZZIIYYII', 'ZIXYZZZIYYII', 'XIZZIZXYZXII', 'YZIXZZZIIYYI', 'IIYXYYZZZZII', 'XIIIZZXYYIXY', 'IXXZIIIZZXYI', 'XIIIZZXYYIXY', 'ZZZIZIIZXXXY', 'YZIXZZZIIYYI', 'XYZIZIYYZIII', 'ZIXYZZZIYYII', 'XXIZZZYXIIII', 'ZYXIZZZZZYYI', 'XIIIZZXYYIXY', 'YZXZZIZZYZYI', 'ZZZIZIIZXXXY', 'XIIIZZXYYIXY', 'XIZZIZXYZXII', 'ZIXYZZZIYYII', 'YZYXZIZIXZXY', 'YZXZZIZZYZYI', 'YXIIZZIIYYII', 'YZIXZZZIIYYI', 'YZYXZIZIXZXY', 'XXIZZZYXIIII', 'ZXIIIZZZZYII', 'ZZYXIZYYIIII', 'ZYXIZZZZZYYI']
 Finished:     -15.551349202457
 Error:       0.002929352500
1.6




 --------------------------------------------------------------------------
                         ADAPT-VQE iteration:  31
 --------------------------------------------------------------------------
0.005693532476520836
['ZXIIIZZZZYII', 'XIIIZZXYYIXY', 'XYZIZIYYZIII', 'YXIIZZIIYYII', 'ZIXYZZZIYYII', 'XIZZIZXYZXII', 'YZIXZZZIIYYI', 'IIYXYYZZZZII', 'XIIIZZXYYIXY', 'IXXZIIIZZXYI', 'XIIIZZXYYIXY', 'ZZZIZIIZXXXY', 'YZIXZZZIIYYI', 'XYZIZIYYZIII', 'ZIXYZZZIYYII', 'XXIZZZYXIIII', 'ZYXIZZZZZYYI', 'XIIIZZXYYIXY', 'YZXZZIZZYZYI', 'ZZZIZIIZXXXY', 'XIIIZZXYYIXY', 'XIZZIZXYZXII', 'ZIXYZZZIYYII', 'YZYXZIZIXZXY', 'YZXZZIZZYZYI', 'YXIIZZIIYYII', 'YZIXZZZIIYYI', 'YZYXZIZIXZXY', 'XXIZZZYXIIII', 'ZXIIIZZZZYII', 'ZZYXIZYYIIII', 'ZYXIZZZZZYYI']
 Finished:     -15.551359939409
 Error:       0.002918615548
1.6




 --------------------------------------------------------------------------
                         ADAPT-VQE iteration:  32
 --------------------------------------------------------------------------
0.005164608754012609
['ZXIIIZZZZYII', 'XIIIZZXYYIXY', 'XYZIZIYYZIII', 'YXIIZZIIYYII', 'ZIXYZZZIYYII', 'XIZZIZXYZXII', 'XYZIZIYYZIII', 'YZIXZZZIIYYI', 'IIYXYYZZZZII', 'XIIIZZXYYIXY', 'IXXZIIIZZXYI', 'XIIIZZXYYIXY', 'ZZZIZIIZXXXY', 'YZIXZZZIIYYI', 'XYZIZIYYZIII', 'ZIXYZZZIYYII', 'XXIZZZYXIIII', 'ZYXIZZZZZYYI', 'XIIIZZXYYIXY', 'YZXZZIZZYZYI', 'ZZZIZIIZXXXY', 'XIIIZZXYYIXY', 'XIZZIZXYZXII', 'ZIXYZZZIYYII', 'YZYXZIZIXZXY', 'YZXZZIZZYZYI', 'YXIIZZIIYYII', 'YZIXZZZIIYYI', 'YZYXZIZIXZXY', 'XXIZZZYXIIII', 'ZXIIIZZZZYII', 'ZZYXIZYYIIII', 'ZYXIZZZZZYYI']
 Finished:     -15.551387948164
 Error:       0.002890606793
1.6




 --------------------------------------------------------------------------
                         ADAPT-VQE iteration:  33
 --------------------------------------------------------------------------
0.0035471642563014616
['ZXIIIZZZZYII', 'XIIIZZXYYIXY', 'XYZIZIYYZIII', 'YXIIZZIIYYII', 'ZIXYZZZIYYII', 'XXIZZZYXIIII', 'XIZZIZXYZXII', 'XYZIZIYYZIII', 'YZIXZZZIIYYI', 'IIYXYYZZZZII', 'XIIIZZXYYIXY', 'IXXZIIIZZXYI', 'XIIIZZXYYIXY', 'ZZZIZIIZXXXY', 'YZIXZZZIIYYI', 'XYZIZIYYZIII', 'ZIXYZZZIYYII', 'XXIZZZYXIIII', 'ZYXIZZZZZYYI', 'XIIIZZXYYIXY', 'YZXZZIZZYZYI', 'ZZZIZIIZXXXY', 'XIIIZZXYYIXY', 'XIZZIZXYZXII', 'ZIXYZZZIYYII', 'YZYXZIZIXZXY', 'YZXZZIZZYZYI', 'YXIIZZIIYYII', 'YZIXZZZIIYYI', 'YZYXZIZIXZXY', 'XXIZZZYXIIII', 'ZXIIIZZZZYII', 'ZZYXIZYYIIII', 'ZYXIZZZZZYYI']
 Finished:     -15.551426377999
 Error:       0.002852176958
1.6




 --------------------------------------------------------------------------
                         ADAPT-VQE iteration:  34
 --------------------------------------------------------------------------
0.0029585507579568647
['ZXIIIZZZZYII', 'XIIIZZXYYIXY', 'XYZIZIYYZIII', 'YXIIZZIIYYII', 'ZIXYZZZIYYII', 'XXIZZZYXIIII', 'XIZZIZXYZXII', 'XYZIZIYYZIII', 'YZIXZZZIIYYI', 'IIYXYYZZZZII', 'XIIIZZXYYIXY', 'IXXZIIIZZXYI', 'XIIIZZXYYIXY', 'ZZZIZIIZXXXY', 'YZIXZZZIIYYI', 'XYZIZIYYZIII', 'ZIXYZZZIYYII', 'XXIZZZYXIIII', 'IZZZYYYXYXXY', 'ZYXIZZZZZYYI', 'XIIIZZXYYIXY', 'YZXZZIZZYZYI', 'ZZZIZIIZXXXY', 'XIIIZZXYYIXY', 'XIZZIZXYZXII', 'ZIXYZZZIYYII', 'YZYXZIZIXZXY', 'YZXZZIZZYZYI', 'YXIIZZIIYYII', 'YZIXZZZIIYYI', 'YZYXZIZIXZXY', 'XXIZZZYXIIII', 'ZXIIIZZZZYII', 'ZZYXIZYYIIII', 'ZYXIZZZZZYYI']
 Finished:     -15.551426768468
 Error:       0.002851786489
1.6




 --------------------------------------------------------------------------
                         ADAPT-VQE iteration:  35
 --------------------------------------------------------------------------
0.003174114007195767
['IZZZYYYXYXXY', 'ZXIIIZZZZYII', 'XIIIZZXYYIXY', 'XYZIZIYYZIII', 'YXIIZZIIYYII', 'ZIXYZZZIYYII', 'XXIZZZYXIIII', 'XIZZIZXYZXII', 'XYZIZIYYZIII', 'YZIXZZZIIYYI', 'IIYXYYZZZZII', 'XIIIZZXYYIXY', 'IXXZIIIZZXYI', 'XIIIZZXYYIXY', 'ZZZIZIIZXXXY', 'YZIXZZZIIYYI', 'XYZIZIYYZIII', 'ZIXYZZZIYYII', 'XXIZZZYXIIII', 'IZZZYYYXYXXY', 'ZYXIZZZZZYYI', 'XIIIZZXYYIXY', 'YZXZZIZZYZYI', 'ZZZIZIIZXXXY', 'XIIIZZXYYIXY', 'XIZZIZXYZXII', 'ZIXYZZZIYYII', 'YZYXZIZIXZXY', 'YZXZZIZZYZYI', 'YXIIZZIIYYII', 'YZIXZZZIIYYI', 'YZYXZIZIXZXY', 'XXIZZZYXIIII', 'ZXIIIZZZZYII', 'ZZYXIZYYIIII', 'ZYXIZZZZZYYI']
 Finished:     -15.551427105744
 Error:       0.002851449213
1.6




 --------------------------------------------------------------------------
                         ADAPT-VQE iteration:  36
 --------------------------------------------------------------------------
0.0028069251172116692
['IZZZYYYXYXXY', 'ZXIIIZZZZYII', 'XIIIZZXYYIXY', 'XYZIZIYYZIII', 'YXIIZZIIYYII', 'ZIXYZZZIYYII', 'XXIZZZYXIIII', 'XIZZIZXYZXII', 'XYZIZIYYZIII', 'YZIXZZZIIYYI', 'IIYXYYZZZZII', 'XIIIZZXYYIXY', 'IXXZIIIZZXYI', 'XIIIZZXYYIXY', 'ZZZIZIIZXXXY', 'YZIXZZZIIYYI', 'XYZIZIYYZIII', 'ZIXYZZZIYYII', 'XXIZZZYXIIII', 'IZZZYYYXYXXY', 'ZYXIZZZZZYYI', 'ZXIIIZZZZYII', 'XIIIZZXYYIXY', 'YZXZZIZZYZYI', 'ZZZIZIIZXXXY', 'XIIIZZXYYIXY', 'XIZZIZXYZXII', 'ZIXYZZZIYYII', 'YZYXZIZIXZXY', 'YZXZZIZZYZYI', 'YXIIZZIIYYII', 'YZIXZZZIIYYI', 'YZYXZIZIXZXY', 'XXIZZZYXIIII', 'ZXIIIZZZZYII', 'ZZYXIZYYIIII', 'ZYXIZZZZZYYI']
 Finished:     -15.551428467205
 Error:       0.002850087752
1.6




 --------------------------------------------------------------------------
                         ADAPT-VQE iteration:  37
 --------------------------------------------------------------------------
0.0026336005343411684
['IZZZYYYXYXXY', 'ZXIIIZZZZYII', 'ZZYXIZYYIIII', 'XIIIZZXYYIXY', 'XYZIZIYYZIII', 'YXIIZZIIYYII', 'ZIXYZZZIYYII', 'XXIZZZYXIIII', 'XIZZIZXYZXII', 'XYZIZIYYZIII', 'YZIXZZZIIYYI', 'IIYXYYZZZZII', 'XIIIZZXYYIXY', 'IXXZIIIZZXYI', 'XIIIZZXYYIXY', 'ZZZIZIIZXXXY', 'YZIXZZZIIYYI', 'XYZIZIYYZIII', 'ZIXYZZZIYYII', 'XXIZZZYXIIII', 'IZZZYYYXYXXY', 'ZYXIZZZZZYYI', 'ZXIIIZZZZYII', 'XIIIZZXYYIXY', 'YZXZZIZZYZYI', 'ZZZIZIIZXXXY', 'XIIIZZXYYIXY', 'XIZZIZXYZXII', 'ZIXYZZZIYYII', 'YZYXZIZIXZXY', 'YZXZZIZZYZYI', 'YXIIZZIIYYII', 'YZIXZZZIIYYI', 'YZYXZIZIXZXY', 'XXIZZZYXIIII', 'ZXIIIZZZZYII', 'ZZYXIZYYIIII', 'ZYXIZZZZZYYI']
 Finished:     -15.551452861164
 Error:       0.002825693792
1.6




 --------------------------------------------------------------------------
                         ADAPT-VQE iteration:  38
 --------------------------------------------------------------------------
0.0018957708010478112
['IZZZYYYXYXXY', 'ZXIIIZZZZYII', 'ZZYXIZYYIIII', 'XIIIZZXYYIXY', 'XYZIZIYYZIII', 'YXIIZZIIYYII', 'ZIXYZZZIYYII', 'XXIZZZYXIIII', 'XIZZIZXYZXII', 'XYZIZIYYZIII', 'YZIXZZZIIYYI', 'IIYXYYZZZZII', 'XIIIZZXYYIXY', 'IXXZIIIZZXYI', 'XIIIZZXYYIXY', 'ZZZIZIIZXXXY', 'YZIXZZZIIYYI', 'XYZIZIYYZIII', 'ZIXYZZZIYYII', 'XXIZZZYXIIII', 'IZZZYYYXYXXY', 'ZYXIZZZZZYYI', 'ZXIIIZZZZYII', 'XIIIZZXYYIXY', 'YZXZZIZZYZYI', 'ZZZIZIIZXXXY', 'XIIIZZXYYIXY', 'XIZZIZXYZXII', 'ZIXYZZZIYYII', 'YZYXZIZIXZXY', 'YZXZZIZZYZYI', 'YXIIZZIIYYII', 'YZIXZZZIIYYI', 'YZYXZIZIXZXY', 'XXIZZZYXIIII', 'IIYXYYZZZZII', 'ZXIIIZZZZYII', 'ZZYXIZYYIIII', 'ZYXIZZZZZYYI']
 Finished:     -15.551453687820
 Error:       0.002824867137
1.6




 --------------------------------------------------------------------------
                         ADAPT-VQE iteration:  39
 --------------------------------------------------------------------------
0.0017296308808756938
['IZZZYYYXYXXY', 'ZXIIIZZZZYII', 'ZZYXIZYYIIII', 'XIIIZZXYYIXY', 'XYZIZIYYZIII', 'YXIIZZIIYYII', 'ZIXYZZZIYYII', 'XXIZZZYXIIII', 'XIZZIZXYZXII', 'XYZIZIYYZIII', 'YZIXZZZIIYYI', 'IIYXYYZZZZII', 'XIIIZZXYYIXY', 'IXXZIIIZZXYI', 'XIIIZZXYYIXY', 'ZZZIZIIZXXXY', 'YZIXZZZIIYYI', 'XYZIZIYYZIII', 'ZIXYZZZIYYII', 'XXIZZZYXIIII', 'IZZZYYYXYXXY', 'ZYXIZZZZZYYI', 'ZXIIIZZZZYII', 'XIIIZZXYYIXY', 'YZXZZIZZYZYI', 'ZZZIZIIZXXXY', 'XIIIZZXYYIXY', 'XIZZIZXYZXII', 'ZIXYZZZIYYII', 'YZYXZIZIXZXY', 'YZXZZIZZYZYI', 'YXIIZZIIYYII', 'XIIIZZXYYIXY', 'YZIXZZZIIYYI', 'YZYXZIZIXZXY', 'XXIZZZYXIIII', 'IIYXYYZZZZII', 'ZXIIIZZZZYII', 'ZZYXIZYYIIII', 'ZYXIZZZZZYYI']
 Finished:     -15.551455774612
 Error:       0.002822780345
1.6




 --------------------------------------------------------------------------
                         ADAPT-VQE iteration:  40
 --------------------------------------------------------------------------
0.0017849671704160373
['IZZZYYYXYXXY', 'ZXIIIZZZZYII', 'ZZYXIZYYIIII', 'XIIIZZXYYIXY', 'XYZIZIYYZIII', 'YXIIZZIIYYII', 'ZIXYZZZIYYII', 'XXIZZZYXIIII', 'XIZZIZXYZXII', 'XYZIZIYYZIII', 'YZIXZZZIIYYI', 'IIYXYYZZZZII', 'XIIIZZXYYIXY', 'IXXZIIIZZXYI', 'XIIIZZXYYIXY', 'ZZZIZIIZXXXY', 'YZIXZZZIIYYI', 'XYZIZIYYZIII', 'ZIXYZZZIYYII', 'XXIZZZYXIIII', 'IZZZYYYXYXXY', 'XXXZYXXXYXYI', 'ZYXIZZZZZYYI', 'ZXIIIZZZZYII', 'XIIIZZXYYIXY', 'YZXZZIZZYZYI', 'ZZZIZIIZXXXY', 'XIIIZZXYYIXY', 'XIZZIZXYZXII', 'ZIXYZZZIYYII', 'YZYXZIZIXZXY', 'YZXZZIZZYZYI', 'YXIIZZIIYYII', 'XIIIZZXYYIXY', 'YZIXZZZIIYYI', 'YZYXZIZIXZXY', 'XXIZZZYXIIII', 'IIYXYYZZZZII', 'ZXIIIZZZZYII', 'ZZYXIZYYIIII', 'ZYXIZZZZZYYI']
 Finished:     -15.551456007271
 Error:       0.002822547686
1.6




 --------------------------------------------------------------------------
                         ADAPT-VQE iteration:  41
 --------------------------------------------------------------------------
0.0016675439973518201
['IZZZYYYXYXXY', 'ZXIIIZZZZYII', 'ZZYXIZYYIIII', 'XIIIZZXYYIXY', 'XYZIZIYYZIII', 'YXIIZZIIYYII', 'ZIXYZZZIYYII', 'XXIZZZYXIIII', 'XIZZIZXYZXII', 'XYZIZIYYZIII', 'YZIXZZZIIYYI', 'IIYXYYZZZZII', 'XIIIZZXYYIXY', 'IXXZIIIZZXYI', 'XYZIZIYYZIII', 'XIIIZZXYYIXY', 'ZZZIZIIZXXXY', 'YZIXZZZIIYYI', 'XYZIZIYYZIII', 'ZIXYZZZIYYII', 'XXIZZZYXIIII', 'IZZZYYYXYXXY', 'XXXZYXXXYXYI', 'ZYXIZZZZZYYI', 'ZXIIIZZZZYII', 'XIIIZZXYYIXY', 'YZXZZIZZYZYI', 'ZZZIZIIZXXXY', 'XIIIZZXYYIXY', 'XIZZIZXYZXII', 'ZIXYZZZIYYII', 'YZYXZIZIXZXY', 'YZXZZIZZYZYI', 'YXIIZZIIYYII', 'XIIIZZXYYIXY', 'YZIXZZZIIYYI', 'YZYXZIZIXZXY', 'XXIZZZYXIIII', 'IIYXYYZZZZII', 'ZXIIIZZZZYII', 'ZZYXIZYYIIII', 'ZYXIZZZZZYYI']
 Finished:     -15.551465817185
 Error:       0.002812737772
1.6




 --------------------------------------------------------------------------
                         ADAPT-VQE iteration:  42
 --------------------------------------------------------------------------
0.0015836810596327967
['IZZZYYYXYXXY', 'ZXIIIZZZZYII', 'ZZYXIZYYIIII', 'XIIIZZXYYIXY', 'XYZIZIYYZIII', 'YXIIZZIIYYII', 'ZIXYZZZIYYII', 'XXIZZZYXIIII', 'XIZZIZXYZXII', 'XYZIZIYYZIII', 'YZIXZZZIIYYI', 'IIYXYYZZZZII', 'XIIIZZXYYIXY', 'IXXZIIIZZXYI', 'XYZIZIYYZIII', 'XIIIZZXYYIXY', 'ZZZIZIIZXXXY', 'YZIXZZZIIYYI', 'XYZIZIYYZIII', 'ZIXYZZZIYYII', 'XXIZZZYXIIII', 'IZZZYYYXYXXY', 'XXXZYXXXYXYI', 'ZYXIZZZZZYYI', 'ZXIIIZZZZYII', 'XIIIZZXYYIXY', 'YZXZZIZZYZYI', 'ZZZIZIIZXXXY', 'XIIIZZXYYIXY', 'XIZZIZXYZXII', 'ZIXYZZZIYYII', 'YZYXZIZIXZXY', 'YZXZZIZZYZYI', 'YXIIZZIIYYII', 'XIIIZZXYYIXY', 'YZIXZZZIIYYI', 'YZYXZIZIXZXY', 'XXXZYXXXYXYI', 'XXIZZZYXIIII', 'IIYXYYZZZZII', 'ZXIIIZZZZYII', 'ZZYXIZYYIIII', 'ZYXIZZZZZYYI']
 Finished:     -15.551466029336
 Error:       0.002812525621
1.6




 --------------------------------------------------------------------------
                         ADAPT-VQE iteration:  43
 --------------------------------------------------------------------------
0.0015756549329713917
['IZZZYYYXYXXY', 'ZXIIIZZZZYII', 'ZZYXIZYYIIII', 'XIIIZZXYYIXY', 'XYZIZIYYZIII', 'YXIIZZIIYYII', 'ZIXYZZZIYYII', 'XXIZZZYXIIII', 'XIZZIZXYZXII', 'XYZIZIYYZIII', 'YZIXZZZIIYYI', 'IIYXYYZZZZII', 'XIIIZZXYYIXY', 'IXXZIIIZZXYI', 'XYZIZIYYZIII', 'XIIIZZXYYIXY', 'ZZZIZIIZXXXY', 'YZIXZZZIIYYI', 'XYZIZIYYZIII', 'ZIXYZZZIYYII', 'XXIZZZYXIIII', 'IZZZYYYXYXXY', 'XXXZYXXXYXYI', 'ZYXIZZZZZYYI', 'ZXIIIZZZZYII', 'XIIIZZXYYIXY', 'XIZZIZXYZXII', 'YZXZZIZZYZYI', 'ZZZIZIIZXXXY', 'XIIIZZXYYIXY', 'XIZZIZXYZXII', 'ZIXYZZZIYYII', 'YZYXZIZIXZXY', 'YZXZZIZZYZYI', 'YXIIZZIIYYII', 'XIIIZZXYYIXY', 'YZIXZZZIIYYI', 'YZYXZIZIXZXY', 'XXXZYXXXYXYI', 'XXIZZZYXIIII', 'IIYXYYZZZZII', 'ZXIIIZZZZYII', 'ZZYXIZYYIIII', 'ZYXIZZZZZYYI']
 Finished:     -15.551485666253
 Error:       0.002792888704
1.6




 --------------------------------------------------------------------------
                         ADAPT-VQE iteration:  44
 --------------------------------------------------------------------------
0.0018270095761912075
['IZZZYYYXYXXY', 'ZXIIIZZZZYII', 'ZZYXIZYYIIII', 'XIIIZZXYYIXY', 'XYZIZIYYZIII', 'YXIIZZIIYYII', 'ZIXYZZZIYYII', 'XXIZZZYXIIII', 'XIZZIZXYZXII', 'XYZIZIYYZIII', 'YZIXZZZIIYYI', 'IIYXYYZZZZII', 'XIIIZZXYYIXY', 'IXXZIIIZZXYI', 'XYZIZIYYZIII', 'XIIIZZXYYIXY', 'ZZZIZIIZXXXY', 'XIIIZZXYYIXY', 'YZIXZZZIIYYI', 'XYZIZIYYZIII', 'ZIXYZZZIYYII', 'XXIZZZYXIIII', 'IZZZYYYXYXXY', 'XXXZYXXXYXYI', 'ZYXIZZZZZYYI', 'ZXIIIZZZZYII', 'XIIIZZXYYIXY', 'XIZZIZXYZXII', 'YZXZZIZZYZYI', 'ZZZIZIIZXXXY', 'XIIIZZXYYIXY', 'XIZZIZXYZXII', 'ZIXYZZZIYYII', 'YZYXZIZIXZXY', 'YZXZZIZZYZYI', 'YXIIZZIIYYII', 'XIIIZZXYYIXY', 'YZIXZZZIIYYI', 'YZYXZIZIXZXY', 'XXXZYXXXYXYI', 'XXIZZZYXIIII', 'IIYXYYZZZZII', 'ZXIIIZZZZYII', 'ZZYXIZYYIIII', 'ZYXIZZZZZYYI']
 Finished:     -15.551576391306
 Error:       0.002702163651
1.6




 --------------------------------------------------------------------------
                         ADAPT-VQE iteration:  45
 --------------------------------------------------------------------------
0.0023414815953624163
['IZZZYYYXYXXY', 'ZXIIIZZZZYII', 'ZZYXIZYYIIII', 'XIIIZZXYYIXY', 'XYZIZIYYZIII', 'YXIIZZIIYYII', 'ZIXYZZZIYYII', 'XXIZZZYXIIII', 'XIZZIZXYZXII', 'XYZIZIYYZIII', 'YZIXZZZIIYYI', 'IIYXYYZZZZII', 'XIIIZZXYYIXY', 'IXXZIIIZZXYI', 'XYZIZIYYZIII', 'XIIIZZXYYIXY', 'ZZZIZIIZXXXY', 'XIIIZZXYYIXY', 'YZIXZZZIIYYI', 'XYZIZIYYZIII', 'ZIXYZZZIYYII', 'XXIZZZYXIIII', 'IZZZYYYXYXXY', 'XXXZYXXXYXYI', 'ZYXIZZZZZYYI', 'ZXIIIZZZZYII', 'XIIIZZXYYIXY', 'XIZZIZXYZXII', 'YZXZZIZZYZYI', 'ZZZIZIIZXXXY', 'IZZZYYYXYXXY', 'XIIIZZXYYIXY', 'XIZZIZXYZXII', 'ZIXYZZZIYYII', 'YZYXZIZIXZXY', 'YZXZZIZZYZYI', 'YXIIZZIIYYII', 'XIIIZZXYYIXY', 'YZIXZZZIIYYI', 'YZYXZIZIXZXY', 'XXXZYXXXYXYI', 'XXIZZZYXIIII', 'IIYXYYZZZZII', 'ZXIIIZZZZYII', 'ZZYXIZYYIIII', 'ZYXIZZZZZYYI']
 Finished:     -15.551577105654
 Error:       0.002701449303
1.6




 --------------------------------------------------------------------------
                         ADAPT-VQE iteration:  46
 --------------------------------------------------------------------------
0.00219792360790199
['IZZZYYYXYXXY', 'ZXIIIZZZZYII', 'ZZYXIZYYIIII', 'XIIIZZXYYIXY', 'XYZIZIYYZIII', 'YXIIZZIIYYII', 'ZIXYZZZIYYII', 'XXIZZZYXIIII', 'XIZZIZXYZXII', 'XYZIZIYYZIII', 'YZIXZZZIIYYI', 'IIYXYYZZZZII', 'XIIIZZXYYIXY', 'IXXZIIIZZXYI', 'XYZIZIYYZIII', 'XIIIZZXYYIXY', 'ZZZIZIIZXXXY', 'XIIIZZXYYIXY', 'YZIXZZZIIYYI', 'XYZIZIYYZIII', 'ZIXYZZZIYYII', 'XXIZZZYXIIII', 'IZZZYYYXYXXY', 'XXXZYXXXYXYI', 'ZYXIZZZZZYYI', 'ZXIIIZZZZYII', 'XIIIZZXYYIXY', 'XIZZIZXYZXII', 'YZXZZIZZYZYI', 'ZZZIZIIZXXXY', 'IZZZYYYXYXXY', 'XXIZZZYXIIII', 'XIIIZZXYYIXY', 'XIZZIZXYZXII', 'ZIXYZZZIYYII', 'YZYXZIZIXZXY', 'YZXZZIZZYZYI', 'YXIIZZIIYYII', 'XIIIZZXYYIXY', 'YZIXZZZIIYYI', 'YZYXZIZIXZXY', 'XXXZYXXXYXYI', 'XXIZZZYXIIII', 'IIYXYYZZZZII', 'ZXIIIZZZZYII', 'ZZYXIZYYIIII', 'ZYXIZZZZZYYI']
 Finished:     -15.551635254296
 Error:       0.002643300661
1.6




 --------------------------------------------------------------------------
                         ADAPT-VQE iteration:  47
 --------------------------------------------------------------------------
0.0020187277577583046
slurmstepd: error: *** JOB 132326 ON tc150 CANCELLED AT 2021-04-09T10:56:34 ***
