The list of distances to compute is: [1.0, 1.1, 1.2, 1.3, 1.4, 1.5, 1.6, 1.7, 1.8, 1.9]
I am the distance: 1.8
H 0 0 0; Be 0 0 1.8; H 0 0 3.6
Problem reduced to 12 qubits.
HF energy:                -15.4336258626538463
Active space FCI energy:   -15.5012058484943545
n_electrons: 4
0.0
molecule.n_orbitals: 6
 adapt threshold: 1e-07
 theta threshold: 1e-10
 Generate Sparse Matrices for operators in pool
Ground state energy: -15.50120584849433
initial energy -15.433625862653845
 Start ADAPT-VQE algorithm
 Now start to grow the ansatz




 --------------------------------------------------------------------------
                         ADAPT-VQE iteration:  0
 --------------------------------------------------------------------------
0.0
['ZYXIZZZZZYYI']
 Finished:     -15.441015719626
 Error:       0.060190128868
1.8




 --------------------------------------------------------------------------
                         ADAPT-VQE iteration:  1
 --------------------------------------------------------------------------
0.21081837422837957
['ZIXYZZZIYYII', 'ZYXIZZZZZYYI']
 Finished:     -15.457233256528
 Error:       0.043972591966
1.8




 --------------------------------------------------------------------------
                         ADAPT-VQE iteration:  2
 --------------------------------------------------------------------------
0.13504371136556728
['ZIXYZZZIYYII', 'YXIIZZIIYYII', 'ZYXIZZZZZYYI']
 Finished:     -15.463014335276
 Error:       0.038191513219
1.8




 --------------------------------------------------------------------------
                         ADAPT-VQE iteration:  3
 --------------------------------------------------------------------------
0.14463348823546746
['YZIXZZZIIYYI', 'ZIXYZZZIYYII', 'YXIIZZIIYYII', 'ZYXIZZZZZYYI']
 Finished:     -15.468748265986
 Error:       0.032457582508
1.8




 --------------------------------------------------------------------------
                         ADAPT-VQE iteration:  4
 --------------------------------------------------------------------------
0.0828095399410717
['YZIXZZZIIYYI', 'ZIXYZZZIYYII', 'YXIIZZIIYYII', 'XXIZZZYXIIII', 'ZYXIZZZZZYYI']
 Finished:     -15.470966042079
 Error:       0.030239806415
1.8




 --------------------------------------------------------------------------
                         ADAPT-VQE iteration:  5
 --------------------------------------------------------------------------
0.0378262058187067
['YZIXZZZIIYYI', 'ZZZIZIIZXXXY', 'ZIXYZZZIYYII', 'YXIIZZIIYYII', 'XXIZZZYXIIII', 'ZYXIZZZZZYYI']
 Finished:     -15.471065103731
 Error:       0.030140744763
1.8




 --------------------------------------------------------------------------
                         ADAPT-VQE iteration:  6
 --------------------------------------------------------------------------
0.04373833739535889
['YZIXZZZIIYYI', 'ZZZIZIIZXXXY', 'ZIXYZZZIYYII', 'ZZZIZIIZXXXY', 'YXIIZZIIYYII', 'XXIZZZYXIIII', 'ZYXIZZZZZYYI']
 Finished:     -15.476424489649
 Error:       0.024781358845
1.8




 --------------------------------------------------------------------------
                         ADAPT-VQE iteration:  7
 --------------------------------------------------------------------------
0.08489026650330041
['YZIXZZZIIYYI', 'ZZZIZIIZXXXY', 'YZIXZZZIIYYI', 'ZIXYZZZIYYII', 'ZZZIZIIZXXXY', 'YXIIZZIIYYII', 'XXIZZZYXIIII', 'ZYXIZZZZZYYI']
 Finished:     -15.484423885175
 Error:       0.016781963319
1.8




 --------------------------------------------------------------------------
                         ADAPT-VQE iteration:  8
 --------------------------------------------------------------------------
0.05834628075982247
['YZIXZZZIIYYI', 'ZZZIZIIZXXXY', 'YZIXZZZIIYYI', 'ZIXYZZZIYYII', 'ZYXIZZZZZYYI', 'ZZZIZIIZXXXY', 'YXIIZZIIYYII', 'XXIZZZYXIIII', 'ZYXIZZZZZYYI']
 Finished:     -15.488779313024
 Error:       0.012426535471
1.8




 --------------------------------------------------------------------------
                         ADAPT-VQE iteration:  9
 --------------------------------------------------------------------------
0.046169990855172455
['YXIIZZIIYYII', 'YZIXZZZIIYYI', 'ZZZIZIIZXXXY', 'YZIXZZZIIYYI', 'ZIXYZZZIYYII', 'ZYXIZZZZZYYI', 'ZZZIZIIZXXXY', 'YXIIZZIIYYII', 'XXIZZZYXIIII', 'ZYXIZZZZZYYI']
 Finished:     -15.490578762661
 Error:       0.010627085833
1.8




 --------------------------------------------------------------------------
                         ADAPT-VQE iteration:  10
 --------------------------------------------------------------------------
0.03295562861392744
['YXIIZZIIYYII', 'YZIXZZZIIYYI', 'ZZZIZIIZXXXY', 'YZIXZZZIIYYI', 'ZIXYZZZIYYII', 'ZYXIZZZZZYYI', 'ZZZIZIIZXXXY', 'YXIIZZIIYYII', 'YZYXZIZIXZXY', 'XXIZZZYXIIII', 'ZYXIZZZZZYYI']
 Finished:     -15.490761228026
 Error:       0.010444620468
1.8




 --------------------------------------------------------------------------
                         ADAPT-VQE iteration:  11
 --------------------------------------------------------------------------
0.033271906991191126
['YXIIZZIIYYII', 'IXXZIIIZZXYI', 'YZIXZZZIIYYI', 'ZZZIZIIZXXXY', 'YZIXZZZIIYYI', 'ZIXYZZZIYYII', 'ZYXIZZZZZYYI', 'ZZZIZIIZXXXY', 'YXIIZZIIYYII', 'YZYXZIZIXZXY', 'XXIZZZYXIIII', 'ZYXIZZZZZYYI']
 Finished:     -15.492473991863
 Error:       0.008731856631
1.8




 --------------------------------------------------------------------------
                         ADAPT-VQE iteration:  12
 --------------------------------------------------------------------------
0.029327040667819233
['YXIIZZIIYYII', 'IXXZIIIZZXYI', 'YZIXZZZIIYYI', 'ZZZIZIIZXXXY', 'YZIXZZZIIYYI', 'ZIXYZZZIYYII', 'ZYXIZZZZZYYI', 'ZZZIZIIZXXXY', 'YZXZZIZZYZYI', 'YXIIZZIIYYII', 'YZYXZIZIXZXY', 'XXIZZZYXIIII', 'ZYXIZZZZZYYI']
 Finished:     -15.492770361608
 Error:       0.008435486886
1.8




 --------------------------------------------------------------------------
                         ADAPT-VQE iteration:  13
 --------------------------------------------------------------------------
0.01791529150882369
['YZXZZIZZYZYI', 'YXIIZZIIYYII', 'IXXZIIIZZXYI', 'YZIXZZZIIYYI', 'ZZZIZIIZXXXY', 'YZIXZZZIIYYI', 'ZIXYZZZIYYII', 'ZYXIZZZZZYYI', 'ZZZIZIIZXXXY', 'YZXZZIZZYZYI', 'YXIIZZIIYYII', 'YZYXZIZIXZXY', 'XXIZZZYXIIII', 'ZYXIZZZZZYYI']
 Finished:     -15.495277677564
 Error:       0.005928170930
1.8




 --------------------------------------------------------------------------
                         ADAPT-VQE iteration:  14
 --------------------------------------------------------------------------
0.022730337474970316
['XYZIZIYYZIII', 'YZXZZIZZYZYI', 'YXIIZZIIYYII', 'IXXZIIIZZXYI', 'YZIXZZZIIYYI', 'ZZZIZIIZXXXY', 'YZIXZZZIIYYI', 'ZIXYZZZIYYII', 'ZYXIZZZZZYYI', 'ZZZIZIIZXXXY', 'YZXZZIZZYZYI', 'YXIIZZIIYYII', 'YZYXZIZIXZXY', 'XXIZZZYXIIII', 'ZYXIZZZZZYYI']
 Finished:     -15.495652556916
 Error:       0.005553291579
1.8




 --------------------------------------------------------------------------
                         ADAPT-VQE iteration:  15
 --------------------------------------------------------------------------
0.023968526890946057
['XYZIZIYYZIII', 'YZXZZIZZYZYI', 'YXIIZZIIYYII', 'IXXZIIIZZXYI', 'YZIXZZZIIYYI', 'IXXZIIIZZXYI', 'ZZZIZIIZXXXY', 'YZIXZZZIIYYI', 'ZIXYZZZIYYII', 'ZYXIZZZZZYYI', 'ZZZIZIIZXXXY', 'YZXZZIZZYZYI', 'YXIIZZIIYYII', 'YZYXZIZIXZXY', 'XXIZZZYXIIII', 'ZYXIZZZZZYYI']
 Finished:     -15.495996115295
 Error:       0.005209733199
1.8




 --------------------------------------------------------------------------
                         ADAPT-VQE iteration:  16
 --------------------------------------------------------------------------
0.02487055141496107
['XYZIZIYYZIII', 'YZXZZIZZYZYI', 'YXIIZZIIYYII', 'IXXZIIIZZXYI', 'YZIXZZZIIYYI', 'IXXZIIIZZXYI', 'ZZZIZIIZXXXY', 'YZIXZZZIIYYI', 'ZIXYZZZIYYII', 'ZYXIZZZZZYYI', 'ZIXYZZZIYYII', 'ZZZIZIIZXXXY', 'YZXZZIZZYZYI', 'YXIIZZIIYYII', 'YZYXZIZIXZXY', 'XXIZZZYXIIII', 'ZYXIZZZZZYYI']
 Finished:     -15.497329104151
 Error:       0.003876744343
1.8




 --------------------------------------------------------------------------
                         ADAPT-VQE iteration:  17
 --------------------------------------------------------------------------
0.016638287332045604
['XYZIZIYYZIII', 'YZXZZIZZYZYI', 'YXIIZZIIYYII', 'IXXZIIIZZXYI', 'YZIXZZZIIYYI', 'IXXZIIIZZXYI', 'ZZZIZIIZXXXY', 'YZIXZZZIIYYI', 'ZIXYZZZIYYII', 'ZYXIZZZZZYYI', 'ZIXYZZZIYYII', 'ZZZIZIIZXXXY', 'YZXZZIZZYZYI', 'YXIIZZIIYYII', 'XIZZIZXYZXII', 'YZYXZIZIXZXY', 'XXIZZZYXIIII', 'ZYXIZZZZZYYI']
 Finished:     -15.497384360088
 Error:       0.003821488406
1.8




 --------------------------------------------------------------------------
                         ADAPT-VQE iteration:  18
 --------------------------------------------------------------------------
0.012633151677968354
['XYZIZIYYZIII', 'YZXZZIZZYZYI', 'YXIIZZIIYYII', 'IXXZIIIZZXYI', 'YZIXZZZIIYYI', 'IXXZIIIZZXYI', 'ZZZIZIIZXXXY', 'YZIXZZZIIYYI', 'ZIXYZZZIYYII', 'ZYXIZZZZZYYI', 'ZIXYZZZIYYII', 'ZZZIZIIZXXXY', 'YZXZZIZZYZYI', 'ZZYXIZYYIIII', 'YXIIZZIIYYII', 'XIZZIZXYZXII', 'YZYXZIZIXZXY', 'XXIZZZYXIIII', 'ZYXIZZZZZYYI']
 Finished:     -15.497428397393
 Error:       0.003777451102
1.8




 --------------------------------------------------------------------------
                         ADAPT-VQE iteration:  19
 --------------------------------------------------------------------------
0.010693878661860286
['XYZIZIYYZIII', 'YZXZZIZZYZYI', 'YXIIZZIIYYII', 'IXXZIIIZZXYI', 'YZIXZZZIIYYI', 'IXXZIIIZZXYI', 'ZZZIZIIZXXXY', 'ZXIIIZZZZYII', 'YZIXZZZIIYYI', 'ZIXYZZZIYYII', 'ZYXIZZZZZYYI', 'ZIXYZZZIYYII', 'ZZZIZIIZXXXY', 'YZXZZIZZYZYI', 'ZZYXIZYYIIII', 'YXIIZZIIYYII', 'XIZZIZXYZXII', 'YZYXZIZIXZXY', 'XXIZZZYXIIII', 'ZYXIZZZZZYYI']
 Finished:     -15.497475890305
 Error:       0.003729958189
1.8




 --------------------------------------------------------------------------
                         ADAPT-VQE iteration:  20
 --------------------------------------------------------------------------
0.0092572149744359
['XYZIZIYYZIII', 'YZXZZIZZYZYI', 'YXIIZZIIYYII', 'IXXZIIIZZXYI', 'YZIXZZZIIYYI', 'IXXZIIIZZXYI', 'ZZZIZIIZXXXY', 'ZXIIIZZZZYII', 'YZIXZZZIIYYI', 'ZIXYZZZIYYII', 'ZYXIZZZZZYYI', 'XIIIZZXYYIXY', 'ZIXYZZZIYYII', 'ZZZIZIIZXXXY', 'YZXZZIZZYZYI', 'ZZYXIZYYIIII', 'YXIIZZIIYYII', 'XIZZIZXYZXII', 'YZYXZIZIXZXY', 'XXIZZZYXIIII', 'ZYXIZZZZZYYI']
 Finished:     -15.497486284683
 Error:       0.003719563811
1.8




 --------------------------------------------------------------------------
                         ADAPT-VQE iteration:  21
 --------------------------------------------------------------------------
0.008492501484543957
['XYZIZIYYZIII', 'YZXZZIZZYZYI', 'YXIIZZIIYYII', 'IXXZIIIZZXYI', 'YZIXZZZIIYYI', 'IXXZIIIZZXYI', 'ZZZIZIIZXXXY', 'ZXIIIZZZZYII', 'YZIXZZZIIYYI', 'ZIXYZZZIYYII', 'ZYXIZZZZZYYI', 'ZXIIIZZZZYII', 'XIIIZZXYYIXY', 'ZIXYZZZIYYII', 'ZZZIZIIZXXXY', 'YZXZZIZZYZYI', 'ZZYXIZYYIIII', 'YXIIZZIIYYII', 'XIZZIZXYZXII', 'YZYXZIZIXZXY', 'XXIZZZYXIIII', 'ZYXIZZZZZYYI']
 Finished:     -15.497523952679
 Error:       0.003681895815
1.8




 --------------------------------------------------------------------------
                         ADAPT-VQE iteration:  22
 --------------------------------------------------------------------------
0.008987098727024662
['XYZIZIYYZIII', 'YZXZZIZZYZYI', 'YXIIZZIIYYII', 'IXXZIIIZZXYI', 'YZIXZZZIIYYI', 'IXXZIIIZZXYI', 'ZZZIZIIZXXXY', 'XIZZIZXYZXII', 'ZXIIIZZZZYII', 'YZIXZZZIIYYI', 'ZIXYZZZIYYII', 'ZYXIZZZZZYYI', 'ZXIIIZZZZYII', 'XIIIZZXYYIXY', 'ZIXYZZZIYYII', 'ZZZIZIIZXXXY', 'YZXZZIZZYZYI', 'ZZYXIZYYIIII', 'YXIIZZIIYYII', 'XIZZIZXYZXII', 'YZYXZIZIXZXY', 'XXIZZZYXIIII', 'ZYXIZZZZZYYI']
 Finished:     -15.497544536085
 Error:       0.003661312409
1.8




 --------------------------------------------------------------------------
                         ADAPT-VQE iteration:  23
 --------------------------------------------------------------------------
0.007245698704429992
['XYZIZIYYZIII', 'YZXZZIZZYZYI', 'YXIIZZIIYYII', 'IXXZIIIZZXYI', 'YZIXZZZIIYYI', 'IXXZIIIZZXYI', 'ZZZIZIIZXXXY', 'XIZZIZXYZXII', 'ZXIIIZZZZYII', 'XXIZZZYXIIII', 'YZIXZZZIIYYI', 'ZIXYZZZIYYII', 'ZYXIZZZZZYYI', 'ZXIIIZZZZYII', 'XIIIZZXYYIXY', 'ZIXYZZZIYYII', 'ZZZIZIIZXXXY', 'YZXZZIZZYZYI', 'ZZYXIZYYIIII', 'YXIIZZIIYYII', 'XIZZIZXYZXII', 'YZYXZIZIXZXY', 'XXIZZZYXIIII', 'ZYXIZZZZZYYI']
 Finished:     -15.497596293659
 Error:       0.003609554836
1.8




 --------------------------------------------------------------------------
                         ADAPT-VQE iteration:  24
 --------------------------------------------------------------------------
0.005989416394890248
['IIYXYYZZZZII', 'XYZIZIYYZIII', 'YZXZZIZZYZYI', 'YXIIZZIIYYII', 'IXXZIIIZZXYI', 'YZIXZZZIIYYI', 'IXXZIIIZZXYI', 'ZZZIZIIZXXXY', 'XIZZIZXYZXII', 'ZXIIIZZZZYII', 'XXIZZZYXIIII', 'YZIXZZZIIYYI', 'ZIXYZZZIYYII', 'ZYXIZZZZZYYI', 'ZXIIIZZZZYII', 'XIIIZZXYYIXY', 'ZIXYZZZIYYII', 'ZZZIZIIZXXXY', 'YZXZZIZZYZYI', 'ZZYXIZYYIIII', 'YXIIZZIIYYII', 'XIZZIZXYZXII', 'YZYXZIZIXZXY', 'XXIZZZYXIIII', 'ZYXIZZZZZYYI']
 Finished:     -15.497606949143
 Error:       0.003598899351
1.8




 --------------------------------------------------------------------------
                         ADAPT-VQE iteration:  25
 --------------------------------------------------------------------------
0.008813673558227477
['IIYXYYZZZZII', 'XYZIZIYYZIII', 'YZXZZIZZYZYI', 'YXIIZZIIYYII', 'IXXZIIIZZXYI', 'IIYXYYZZZZII', 'YZIXZZZIIYYI', 'IXXZIIIZZXYI', 'ZZZIZIIZXXXY', 'XIZZIZXYZXII', 'ZXIIIZZZZYII', 'XXIZZZYXIIII', 'YZIXZZZIIYYI', 'ZIXYZZZIYYII', 'ZYXIZZZZZYYI', 'ZXIIIZZZZYII', 'XIIIZZXYYIXY', 'ZIXYZZZIYYII', 'ZZZIZIIZXXXY', 'YZXZZIZZYZYI', 'ZZYXIZYYIIII', 'YXIIZZIIYYII', 'XIZZIZXYZXII', 'YZYXZIZIXZXY', 'XXIZZZYXIIII', 'ZYXIZZZZZYYI']
 Finished:     -15.497655956133
 Error:       0.003549892361
1.8




 --------------------------------------------------------------------------
                         ADAPT-VQE iteration:  26
 --------------------------------------------------------------------------
0.007433503561608445
['IIYXYYZZZZII', 'XYZIZIYYZIII', 'YZXZZIZZYZYI', 'YXIIZZIIYYII', 'IXXZIIIZZXYI', 'IIYXYYZZZZII', 'YZIXZZZIIYYI', 'IIYXYYZZZZII', 'IXXZIIIZZXYI', 'ZZZIZIIZXXXY', 'XIZZIZXYZXII', 'ZXIIIZZZZYII', 'XXIZZZYXIIII', 'YZIXZZZIIYYI', 'ZIXYZZZIYYII', 'ZYXIZZZZZYYI', 'ZXIIIZZZZYII', 'XIIIZZXYYIXY', 'ZIXYZZZIYYII', 'ZZZIZIIZXXXY', 'YZXZZIZZYZYI', 'ZZYXIZYYIIII', 'YXIIZZIIYYII', 'XIZZIZXYZXII', 'YZYXZIZIXZXY', 'XXIZZZYXIIII', 'ZYXIZZZZZYYI']
 Finished:     -15.497664365764
 Error:       0.003541482730
1.8




 --------------------------------------------------------------------------
                         ADAPT-VQE iteration:  27
 --------------------------------------------------------------------------
0.005095151558440848
['YZYXZIZIXZXY', 'IIYXYYZZZZII', 'XYZIZIYYZIII', 'YZXZZIZZYZYI', 'YXIIZZIIYYII', 'IXXZIIIZZXYI', 'IIYXYYZZZZII', 'YZIXZZZIIYYI', 'IIYXYYZZZZII', 'IXXZIIIZZXYI', 'ZZZIZIIZXXXY', 'XIZZIZXYZXII', 'ZXIIIZZZZYII', 'XXIZZZYXIIII', 'YZIXZZZIIYYI', 'ZIXYZZZIYYII', 'ZYXIZZZZZYYI', 'ZXIIIZZZZYII', 'XIIIZZXYYIXY', 'ZIXYZZZIYYII', 'ZZZIZIIZXXXY', 'YZXZZIZZYZYI', 'ZZYXIZYYIIII', 'YXIIZZIIYYII', 'XIZZIZXYZXII', 'YZYXZIZIXZXY', 'XXIZZZYXIIII', 'ZYXIZZZZZYYI']
 Finished:     -15.497686026227
 Error:       0.003519822268
1.8




 --------------------------------------------------------------------------
                         ADAPT-VQE iteration:  28
 --------------------------------------------------------------------------
0.004036602069010775
['YZYXZIZIXZXY', 'IIYXYYZZZZII', 'XYZIZIYYZIII', 'YZXZZIZZYZYI', 'YXIIZZIIYYII', 'IXXZIIIZZXYI', 'IIYXYYZZZZII', 'YZIXZZZIIYYI', 'IIYXYYZZZZII', 'IXXZIIIZZXYI', 'ZZZIZIIZXXXY', 'XIZZIZXYZXII', 'ZXIIIZZZZYII', 'XXIZZZYXIIII', 'YZIXZZZIIYYI', 'ZIXYZZZIYYII', 'ZYXIZZZZZYYI', 'ZXIIIZZZZYII', 'XIIIZZXYYIXY', 'ZIXYZZZIYYII', 'XXIZZZYXIIII', 'ZZZIZIIZXXXY', 'YZXZZIZZYZYI', 'ZZYXIZYYIIII', 'YXIIZZIIYYII', 'XIZZIZXYZXII', 'YZYXZIZIXZXY', 'XXIZZZYXIIII', 'ZYXIZZZZZYYI']
 Finished:     -15.497735802687
 Error:       0.003470045808
1.8




 --------------------------------------------------------------------------
                         ADAPT-VQE iteration:  29
 --------------------------------------------------------------------------
0.0027780254472296877
['YZYXZIZIXZXY', 'IIYXYYZZZZII', 'XYZIZIYYZIII', 'YZXZZIZZYZYI', 'YXIIZZIIYYII', 'IXXZIIIZZXYI', 'XYZIZIYYZIII', 'IIYXYYZZZZII', 'YZIXZZZIIYYI', 'IIYXYYZZZZII', 'IXXZIIIZZXYI', 'ZZZIZIIZXXXY', 'XIZZIZXYZXII', 'ZXIIIZZZZYII', 'XXIZZZYXIIII', 'YZIXZZZIIYYI', 'ZIXYZZZIYYII', 'ZYXIZZZZZYYI', 'ZXIIIZZZZYII', 'XIIIZZXYYIXY', 'ZIXYZZZIYYII', 'XXIZZZYXIIII', 'ZZZIZIIZXXXY', 'YZXZZIZZYZYI', 'ZZYXIZYYIIII', 'YXIIZZIIYYII', 'XIZZIZXYZXII', 'YZYXZIZIXZXY', 'XXIZZZYXIIII', 'ZYXIZZZZZYYI']
 Finished:     -15.497747733179
 Error:       0.003458115315
1.8




 --------------------------------------------------------------------------
                         ADAPT-VQE iteration:  30
 --------------------------------------------------------------------------
0.004958326622655449
['YZYXZIZIXZXY', 'IIYXYYZZZZII', 'XYZIZIYYZIII', 'YZXZZIZZYZYI', 'YXIIZZIIYYII', 'IXXZIIIZZXYI', 'XYZIZIYYZIII', 'IIYXYYZZZZII', 'YZIXZZZIIYYI', 'XYZIZIYYZIII', 'IIYXYYZZZZII', 'IXXZIIIZZXYI', 'ZZZIZIIZXXXY', 'XIZZIZXYZXII', 'ZXIIIZZZZYII', 'XXIZZZYXIIII', 'YZIXZZZIIYYI', 'ZIXYZZZIYYII', 'ZYXIZZZZZYYI', 'ZXIIIZZZZYII', 'XIIIZZXYYIXY', 'ZIXYZZZIYYII', 'XXIZZZYXIIII', 'ZZZIZIIZXXXY', 'YZXZZIZZYZYI', 'ZZYXIZYYIIII', 'YXIIZZIIYYII', 'XIZZIZXYZXII', 'YZYXZIZIXZXY', 'XXIZZZYXIIII', 'ZYXIZZZZZYYI']
 Finished:     -15.497759766459
 Error:       0.003446082036
1.8




 --------------------------------------------------------------------------
                         ADAPT-VQE iteration:  31
 --------------------------------------------------------------------------
0.002535402744488137
['YZYXZIZIXZXY', 'IIYXYYZZZZII', 'XYZIZIYYZIII', 'YZXZZIZZYZYI', 'YXIIZZIIYYII', 'IXXZIIIZZXYI', 'XYZIZIYYZIII', 'IIYXYYZZZZII', 'XIIIZZXYYIXY', 'YZIXZZZIIYYI', 'XYZIZIYYZIII', 'IIYXYYZZZZII', 'IXXZIIIZZXYI', 'ZZZIZIIZXXXY', 'XIZZIZXYZXII', 'ZXIIIZZZZYII', 'XXIZZZYXIIII', 'YZIXZZZIIYYI', 'ZIXYZZZIYYII', 'ZYXIZZZZZYYI', 'ZXIIIZZZZYII', 'XIIIZZXYYIXY', 'ZIXYZZZIYYII', 'XXIZZZYXIIII', 'ZZZIZIIZXXXY', 'YZXZZIZZYZYI', 'ZZYXIZYYIIII', 'YXIIZZIIYYII', 'XIZZIZXYZXII', 'YZYXZIZIXZXY', 'XXIZZZYXIIII', 'ZYXIZZZZZYYI']
 Finished:     -15.497760269095
 Error:       0.003445579399
1.8




 --------------------------------------------------------------------------
                         ADAPT-VQE iteration:  32
 --------------------------------------------------------------------------
0.00442146923784973
['YZYXZIZIXZXY', 'IIYXYYZZZZII', 'XIIIZZXYYIXY', 'XYZIZIYYZIII', 'YZXZZIZZYZYI', 'YXIIZZIIYYII', 'IXXZIIIZZXYI', 'XYZIZIYYZIII', 'IIYXYYZZZZII', 'XIIIZZXYYIXY', 'YZIXZZZIIYYI', 'XYZIZIYYZIII', 'IIYXYYZZZZII', 'IXXZIIIZZXYI', 'ZZZIZIIZXXXY', 'XIZZIZXYZXII', 'ZXIIIZZZZYII', 'XXIZZZYXIIII', 'YZIXZZZIIYYI', 'ZIXYZZZIYYII', 'ZYXIZZZZZYYI', 'ZXIIIZZZZYII', 'XIIIZZXYYIXY', 'ZIXYZZZIYYII', 'XXIZZZYXIIII', 'ZZZIZIIZXXXY', 'YZXZZIZZYZYI', 'ZZYXIZYYIIII', 'YXIIZZIIYYII', 'XIZZIZXYZXII', 'YZYXZIZIXZXY', 'XXIZZZYXIIII', 'ZYXIZZZZZYYI']
 Finished:     -15.497782274263
 Error:       0.003423574231
1.8




 --------------------------------------------------------------------------
                         ADAPT-VQE iteration:  33
 --------------------------------------------------------------------------
0.00347559080093867
['YZYXZIZIXZXY', 'IIYXYYZZZZII', 'XIIIZZXYYIXY', 'XYZIZIYYZIII', 'YZXZZIZZYZYI', 'YXIIZZIIYYII', 'IXXZIIIZZXYI', 'XYZIZIYYZIII', 'IIYXYYZZZZII', 'XIIIZZXYYIXY', 'YZIXZZZIIYYI', 'XYZIZIYYZIII', 'IIYXYYZZZZII', 'IXXZIIIZZXYI', 'ZZZIZIIZXXXY', 'XIZZIZXYZXII', 'ZXIIIZZZZYII', 'XXIZZZYXIIII', 'YZIXZZZIIYYI', 'ZIXYZZZIYYII', 'ZYXIZZZZZYYI', 'ZXIIIZZZZYII', 'XIIIZZXYYIXY', 'ZIXYZZZIYYII', 'XXIZZZYXIIII', 'ZZZIZIIZXXXY', 'YZXZZIZZYZYI', 'ZZYXIZYYIIII', 'YXIIZZIIYYII', 'XIIIZZXYYIXY', 'XIZZIZXYZXII', 'YZYXZIZIXZXY', 'XXIZZZYXIIII', 'ZYXIZZZZZYYI']
 Finished:     -15.497857657335
 Error:       0.003348191159
1.8




 --------------------------------------------------------------------------
                         ADAPT-VQE iteration:  34
 --------------------------------------------------------------------------
0.00826845976743499
['YZYXZIZIXZXY', 'IIYXYYZZZZII', 'XIIIZZXYYIXY', 'XYZIZIYYZIII', 'YZXZZIZZYZYI', 'YXIIZZIIYYII', 'IXXZIIIZZXYI', 'XYZIZIYYZIII', 'IIYXYYZZZZII', 'XIIIZZXYYIXY', 'YZIXZZZIIYYI', 'XYZIZIYYZIII', 'IIYXYYZZZZII', 'IXXZIIIZZXYI', 'ZZZIZIIZXXXY', 'XIZZIZXYZXII', 'ZXIIIZZZZYII', 'XXIZZZYXIIII', 'YZIXZZZIIYYI', 'ZIXYZZZIYYII', 'ZYXIZZZZZYYI', 'ZXIIIZZZZYII', 'XIIIZZXYYIXY', 'ZIXYZZZIYYII', 'ZZYXIZYYIIII', 'XXIZZZYXIIII', 'ZZZIZIIZXXXY', 'YZXZZIZZYZYI', 'ZZYXIZYYIIII', 'YXIIZZIIYYII', 'XIIIZZXYYIXY', 'XIZZIZXYZXII', 'YZYXZIZIXZXY', 'XXIZZZYXIIII', 'ZYXIZZZZZYYI']
 Finished:     -15.497884308198
 Error:       0.003321540296
1.8




 --------------------------------------------------------------------------
                         ADAPT-VQE iteration:  35
 --------------------------------------------------------------------------
0.006740511439433354
['YZYXZIZIXZXY', 'IIYXYYZZZZII', 'XIIIZZXYYIXY', 'XYZIZIYYZIII', 'YZXZZIZZYZYI', 'YXIIZZIIYYII', 'IXXZIIIZZXYI', 'XYZIZIYYZIII', 'IIYXYYZZZZII', 'XIIIZZXYYIXY', 'YZIXZZZIIYYI', 'XYZIZIYYZIII', 'IIYXYYZZZZII', 'IXXZIIIZZXYI', 'ZZZIZIIZXXXY', 'XIZZIZXYZXII', 'ZXIIIZZZZYII', 'XXIZZZYXIIII', 'YZIXZZZIIYYI', 'ZIXYZZZIYYII', 'ZYXIZZZZZYYI', 'ZXIIIZZZZYII', 'XIIIZZXYYIXY', 'ZIXYZZZIYYII', 'ZZYXIZYYIIII', 'XXIZZZYXIIII', 'ZZZIZIIZXXXY', 'YZXZZIZZYZYI', 'ZZZIZIIZXXXY', 'ZZYXIZYYIIII', 'YXIIZZIIYYII', 'XIIIZZXYYIXY', 'XIZZIZXYZXII', 'YZYXZIZIXZXY', 'XXIZZZYXIIII', 'ZYXIZZZZZYYI']
 Finished:     -15.497905058206
 Error:       0.003300790288
1.8




 --------------------------------------------------------------------------
                         ADAPT-VQE iteration:  36
 --------------------------------------------------------------------------
0.006163013748230572
['YZYXZIZIXZXY', 'IIYXYYZZZZII', 'XIIIZZXYYIXY', 'XYZIZIYYZIII', 'YZXZZIZZYZYI', 'YXIIZZIIYYII', 'IXXZIIIZZXYI', 'XYZIZIYYZIII', 'IIYXYYZZZZII', 'XIIIZZXYYIXY', 'YZIXZZZIIYYI', 'XYZIZIYYZIII', 'IIYXYYZZZZII', 'IXXZIIIZZXYI', 'ZZZIZIIZXXXY', 'XIZZIZXYZXII', 'ZXIIIZZZZYII', 'XXIZZZYXIIII', 'YZIXZZZIIYYI', 'ZIXYZZZIYYII', 'ZYXIZZZZZYYI', 'ZXIIIZZZZYII', 'XIIIZZXYYIXY', 'ZIXYZZZIYYII', 'ZZYXIZYYIIII', 'XXIZZZYXIIII', 'ZZZIZIIZXXXY', 'YZXZZIZZYZYI', 'ZZZIZIIZXXXY', 'XIZZIZXYZXII', 'ZZYXIZYYIIII', 'YXIIZZIIYYII', 'XIIIZZXYYIXY', 'XIZZIZXYZXII', 'YZYXZIZIXZXY', 'XXIZZZYXIIII', 'ZYXIZZZZZYYI']
 Finished:     -15.497943640018
 Error:       0.003262208477
1.8




 --------------------------------------------------------------------------
                         ADAPT-VQE iteration:  37
 --------------------------------------------------------------------------
0.004410636422886842
['YZYXZIZIXZXY', 'IIYXYYZZZZII', 'XIIIZZXYYIXY', 'XYZIZIYYZIII', 'YZXZZIZZYZYI', 'YXIIZZIIYYII', 'IXXZIIIZZXYI', 'XYZIZIYYZIII', 'IIYXYYZZZZII', 'XIIIZZXYYIXY', 'YZIXZZZIIYYI', 'XYZIZIYYZIII', 'IIYXYYZZZZII', 'IXXZIIIZZXYI', 'ZZZIZIIZXXXY', 'XIZZIZXYZXII', 'XIIIZZXYYIXY', 'ZXIIIZZZZYII', 'XXIZZZYXIIII', 'YZIXZZZIIYYI', 'ZIXYZZZIYYII', 'ZYXIZZZZZYYI', 'ZXIIIZZZZYII', 'XIIIZZXYYIXY', 'ZIXYZZZIYYII', 'ZZYXIZYYIIII', 'XXIZZZYXIIII', 'ZZZIZIIZXXXY', 'YZXZZIZZYZYI', 'ZZZIZIIZXXXY', 'XIZZIZXYZXII', 'ZZYXIZYYIIII', 'YXIIZZIIYYII', 'XIIIZZXYYIXY', 'XIZZIZXYZXII', 'YZYXZIZIXZXY', 'XXIZZZYXIIII', 'ZYXIZZZZZYYI']
 Finished:     -15.497945235511
 Error:       0.003260612983
1.8




 --------------------------------------------------------------------------
                         ADAPT-VQE iteration:  38
 --------------------------------------------------------------------------
0.002986270995828811
['YZYXZIZIXZXY', 'IIYXYYZZZZII', 'XIIIZZXYYIXY', 'XYZIZIYYZIII', 'YZXZZIZZYZYI', 'YXIIZZIIYYII', 'IXXZIIIZZXYI', 'XYZIZIYYZIII', 'IIYXYYZZZZII', 'XIIIZZXYYIXY', 'YZIXZZZIIYYI', 'XYZIZIYYZIII', 'IIYXYYZZZZII', 'IXXZIIIZZXYI', 'ZZZIZIIZXXXY', 'XIZZIZXYZXII', 'XIIIZZXYYIXY', 'ZXIIIZZZZYII', 'XXIZZZYXIIII', 'YZIXZZZIIYYI', 'IIYXYYZZZZII', 'ZIXYZZZIYYII', 'ZYXIZZZZZYYI', 'ZXIIIZZZZYII', 'XIIIZZXYYIXY', 'ZIXYZZZIYYII', 'ZZYXIZYYIIII', 'XXIZZZYXIIII', 'ZZZIZIIZXXXY', 'YZXZZIZZYZYI', 'ZZZIZIIZXXXY', 'XIZZIZXYZXII', 'ZZYXIZYYIIII', 'YXIIZZIIYYII', 'XIIIZZXYYIXY', 'XIZZIZXYZXII', 'YZYXZIZIXZXY', 'XXIZZZYXIIII', 'ZYXIZZZZZYYI']
 Finished:     -15.497957315338
 Error:       0.003248533156
1.8




 --------------------------------------------------------------------------
                         ADAPT-VQE iteration:  39
 --------------------------------------------------------------------------
0.0021329612132220182
['YZYXZIZIXZXY', 'IIYXYYZZZZII', 'XIIIZZXYYIXY', 'XYZIZIYYZIII', 'YZXZZIZZYZYI', 'YXIIZZIIYYII', 'IXXZIIIZZXYI', 'XYZIZIYYZIII', 'IIYXYYZZZZII', 'XIIIZZXYYIXY', 'YZIXZZZIIYYI', 'XYZIZIYYZIII', 'IIYXYYZZZZII', 'IXXZIIIZZXYI', 'ZZZIZIIZXXXY', 'XIZZIZXYZXII', 'XIIIZZXYYIXY', 'ZXIIIZZZZYII', 'XXIZZZYXIIII', 'YZIXZZZIIYYI', 'IIYXYYZZZZII', 'ZIXYZZZIYYII', 'ZYXIZZZZZYYI', 'ZXIIIZZZZYII', 'XIIIZZXYYIXY', 'ZIXYZZZIYYII', 'ZZYXIZYYIIII', 'XXIZZZYXIIII', 'ZZZIZIIZXXXY', 'ZXIIIZZZZYII', 'YZXZZIZZYZYI', 'ZZZIZIIZXXXY', 'XIZZIZXYZXII', 'ZZYXIZYYIIII', 'YXIIZZIIYYII', 'XIIIZZXYYIXY', 'XIZZIZXYZXII', 'YZYXZIZIXZXY', 'XXIZZZYXIIII', 'ZYXIZZZZZYYI']
 Finished:     -15.498008920815
 Error:       0.003196927679
1.8




 --------------------------------------------------------------------------
                         ADAPT-VQE iteration:  40
 --------------------------------------------------------------------------
0.0033110703941418643
['YZYXZIZIXZXY', 'IIYXYYZZZZII', 'XIIIZZXYYIXY', 'XYZIZIYYZIII', 'YZXZZIZZYZYI', 'YXIIZZIIYYII', 'IXXZIIIZZXYI', 'XYZIZIYYZIII', 'IIYXYYZZZZII', 'XIIIZZXYYIXY', 'YZIXZZZIIYYI', 'XYZIZIYYZIII', 'IIYXYYZZZZII', 'IXXZIIIZZXYI', 'ZZZIZIIZXXXY', 'XIZZIZXYZXII', 'XIIIZZXYYIXY', 'ZXIIIZZZZYII', 'XXIZZZYXIIII', 'YZIXZZZIIYYI', 'IIYXYYZZZZII', 'ZIXYZZZIYYII', 'ZYXIZZZZZYYI', 'ZXIIIZZZZYII', 'XIIIZZXYYIXY', 'ZIXYZZZIYYII', 'ZZYXIZYYIIII', 'XXIZZZYXIIII', 'IIYXYYZZZZII', 'ZZZIZIIZXXXY', 'ZXIIIZZZZYII', 'YZXZZIZZYZYI', 'ZZZIZIIZXXXY', 'XIZZIZXYZXII', 'ZZYXIZYYIIII', 'YXIIZZIIYYII', 'XIIIZZXYYIXY', 'XIZZIZXYZXII', 'YZYXZIZIXZXY', 'XXIZZZYXIIII', 'ZYXIZZZZZYYI']
 Finished:     -15.498010020892
 Error:       0.003195827602
1.8




 --------------------------------------------------------------------------
                         ADAPT-VQE iteration:  41
 --------------------------------------------------------------------------
0.0029910894305517736
['YZYXZIZIXZXY', 'IIYXYYZZZZII', 'XIIIZZXYYIXY', 'XYZIZIYYZIII', 'YZXZZIZZYZYI', 'YXIIZZIIYYII', 'IXXZIIIZZXYI', 'XYZIZIYYZIII', 'IIYXYYZZZZII', 'XIIIZZXYYIXY', 'YZIXZZZIIYYI', 'XYZIZIYYZIII', 'IIYXYYZZZZII', 'IXXZIIIZZXYI', 'ZZZIZIIZXXXY', 'XIZZIZXYZXII', 'XIIIZZXYYIXY', 'ZXIIIZZZZYII', 'XXIZZZYXIIII', 'YZIXZZZIIYYI', 'IIYXYYZZZZII', 'ZIXYZZZIYYII', 'ZYXIZZZZZYYI', 'ZXIIIZZZZYII', 'XIIIZZXYYIXY', 'ZIXYZZZIYYII', 'ZZYXIZYYIIII', 'XXIZZZYXIIII', 'IIYXYYZZZZII', 'ZZZIZIIZXXXY', 'XXIZZZYXIIII', 'ZXIIIZZZZYII', 'YZXZZIZZYZYI', 'ZZZIZIIZXXXY', 'XIZZIZXYZXII', 'ZZYXIZYYIIII', 'YXIIZZIIYYII', 'XIIIZZXYYIXY', 'XIZZIZXYZXII', 'YZYXZIZIXZXY', 'XXIZZZYXIIII', 'ZYXIZZZZZYYI']
 Finished:     -15.498027072389
 Error:       0.003178776105
1.8




 --------------------------------------------------------------------------
                         ADAPT-VQE iteration:  42
 --------------------------------------------------------------------------
0.0027774916252479827
['YZYXZIZIXZXY', 'IIYXYYZZZZII', 'XIIIZZXYYIXY', 'XYZIZIYYZIII', 'YZXZZIZZYZYI', 'YXIIZZIIYYII', 'IXXZIIIZZXYI', 'XYZIZIYYZIII', 'IIYXYYZZZZII', 'XIIIZZXYYIXY', 'YZIXZZZIIYYI', 'XYZIZIYYZIII', 'IIYXYYZZZZII', 'IXXZIIIZZXYI', 'ZZZIZIIZXXXY', 'XIZZIZXYZXII', 'XIIIZZXYYIXY', 'ZXIIIZZZZYII', 'XXIZZZYXIIII', 'YZIXZZZIIYYI', 'IIYXYYZZZZII', 'ZIXYZZZIYYII', 'ZYXIZZZZZYYI', 'ZXIIIZZZZYII', 'XIIIZZXYYIXY', 'ZIXYZZZIYYII', 'ZZYXIZYYIIII', 'XXIZZZYXIIII', 'IIYXYYZZZZII', 'ZZZIZIIZXXXY', 'XXIZZZYXIIII', 'XXXZYXXXYXYI', 'ZXIIIZZZZYII', 'YZXZZIZZYZYI', 'ZZZIZIIZXXXY', 'XIZZIZXYZXII', 'ZZYXIZYYIIII', 'YXIIZZIIYYII', 'XIIIZZXYYIXY', 'XIZZIZXYZXII', 'YZYXZIZIXZXY', 'XXIZZZYXIIII', 'ZYXIZZZZZYYI']
 Finished:     -15.498027768174
 Error:       0.003178080321
1.8




 --------------------------------------------------------------------------
                         ADAPT-VQE iteration:  43
 --------------------------------------------------------------------------
0.002972427315898543
['YZYXZIZIXZXY', 'IIYXYYZZZZII', 'XIIIZZXYYIXY', 'XYZIZIYYZIII', 'YZXZZIZZYZYI', 'YXIIZZIIYYII', 'IXXZIIIZZXYI', 'XYZIZIYYZIII', 'IIYXYYZZZZII', 'XIIIZZXYYIXY', 'YZIXZZZIIYYI', 'XYZIZIYYZIII', 'IIYXYYZZZZII', 'IXXZIIIZZXYI', 'ZZZIZIIZXXXY', 'XIZZIZXYZXII', 'XIIIZZXYYIXY', 'ZXIIIZZZZYII', 'XXIZZZYXIIII', 'YZIXZZZIIYYI', 'IIYXYYZZZZII', 'ZIXYZZZIYYII', 'ZYXIZZZZZYYI', 'ZXIIIZZZZYII', 'XIIIZZXYYIXY', 'ZIXYZZZIYYII', 'ZZYXIZYYIIII', 'XXIZZZYXIIII', 'IIYXYYZZZZII', 'ZZZIZIIZXXXY', 'XXIZZZYXIIII', 'XXXZYXXXYXYI', 'ZXIIIZZZZYII', 'YZXZZIZZYZYI', 'ZZZIZIIZXXXY', 'XIZZIZXYZXII', 'ZZYXIZYYIIII', 'YXIIZZIIYYII', 'XIIIZZXYYIXY', 'XIZZIZXYZXII', 'YZYXZIZIXZXY', 'XXIZZZYXIIII', 'XXXZYXXXYXYI', 'ZYXIZZZZZYYI']
 Finished:     -15.498028844531
 Error:       0.003177003963
1.8




 --------------------------------------------------------------------------
                         ADAPT-VQE iteration:  44
 --------------------------------------------------------------------------
0.002541017878727501
['YZYXZIZIXZXY', 'IIYXYYZZZZII', 'XIIIZZXYYIXY', 'XYZIZIYYZIII', 'YZXZZIZZYZYI', 'YXIIZZIIYYII', 'IXXZIIIZZXYI', 'XYZIZIYYZIII', 'IIYXYYZZZZII', 'XIIIZZXYYIXY', 'YZIXZZZIIYYI', 'XYZIZIYYZIII', 'IIYXYYZZZZII', 'IXXZIIIZZXYI', 'ZZZIZIIZXXXY', 'XIZZIZXYZXII', 'XIIIZZXYYIXY', 'ZXIIIZZZZYII', 'XXIZZZYXIIII', 'YZIXZZZIIYYI', 'IIYXYYZZZZII', 'ZIXYZZZIYYII', 'ZYXIZZZZZYYI', 'ZXIIIZZZZYII', 'XIIIZZXYYIXY', 'ZIXYZZZIYYII', 'ZZYXIZYYIIII', 'IIYXYYZZZZII', 'XXIZZZYXIIII', 'IIYXYYZZZZII', 'ZZZIZIIZXXXY', 'XXIZZZYXIIII', 'XXXZYXXXYXYI', 'ZXIIIZZZZYII', 'YZXZZIZZYZYI', 'ZZZIZIIZXXXY', 'XIZZIZXYZXII', 'ZZYXIZYYIIII', 'YXIIZZIIYYII', 'XIIIZZXYYIXY', 'XIZZIZXYZXII', 'YZYXZIZIXZXY', 'XXIZZZYXIIII', 'XXXZYXXXYXYI', 'ZYXIZZZZZYYI']
 Finished:     -15.498793428853
 Error:       0.002412419641
1.8




 --------------------------------------------------------------------------
                         ADAPT-VQE iteration:  45
 --------------------------------------------------------------------------
0.008113413650197916
['YZYXZIZIXZXY', 'IIYXYYZZZZII', 'XIIIZZXYYIXY', 'XYZIZIYYZIII', 'YZXZZIZZYZYI', 'YXIIZZIIYYII', 'IXXZIIIZZXYI', 'XYZIZIYYZIII', 'IIYXYYZZZZII', 'XIIIZZXYYIXY', 'YZIXZZZIIYYI', 'XYZIZIYYZIII', 'IIYXYYZZZZII', 'IXXZIIIZZXYI', 'ZZZIZIIZXXXY', 'XIZZIZXYZXII', 'XIIIZZXYYIXY', 'ZXIIIZZZZYII', 'XXIZZZYXIIII', 'YZIXZZZIIYYI', 'IIYXYYZZZZII', 'ZIXYZZZIYYII', 'ZYXIZZZZZYYI', 'ZXIIIZZZZYII', 'XIIIZZXYYIXY', 'ZIXYZZZIYYII', 'ZZYXIZYYIIII', 'IIYXYYZZZZII', 'XXIZZZYXIIII', 'XXXZYXXXYXYI', 'IIYXYYZZZZII', 'ZZZIZIIZXXXY', 'XXIZZZYXIIII', 'XXXZYXXXYXYI', 'ZXIIIZZZZYII', 'YZXZZIZZYZYI', 'ZZZIZIIZXXXY', 'XIZZIZXYZXII', 'ZZYXIZYYIIII', 'YXIIZZIIYYII', 'XIIIZZXYYIXY', 'XIZZIZXYZXII', 'YZYXZIZIXZXY', 'XXIZZZYXIIII', 'XXXZYXXXYXYI', 'ZYXIZZZZZYYI']
 Finished:     -15.498809526619
 Error:       0.002396321875
1.8




 --------------------------------------------------------------------------
                         ADAPT-VQE iteration:  46
 --------------------------------------------------------------------------
0.004341987085110622
['YZYXZIZIXZXY', 'IIYXYYZZZZII', 'XIIIZZXYYIXY', 'XYZIZIYYZIII', 'YZXZZIZZYZYI', 'YXIIZZIIYYII', 'IXXZIIIZZXYI', 'XYZIZIYYZIII', 'IIYXYYZZZZII', 'XIIIZZXYYIXY', 'YZIXZZZIIYYI', 'XYZIZIYYZIII', 'IIYXYYZZZZII', 'IXXZIIIZZXYI', 'ZZZIZIIZXXXY', 'XIZZIZXYZXII', 'XIIIZZXYYIXY', 'ZXIIIZZZZYII', 'XXIZZZYXIIII', 'YZIXZZZIIYYI', 'IIYXYYZZZZII', 'ZIXYZZZIYYII', 'ZZZIZIIZXXXY', 'ZYXIZZZZZYYI', 'ZXIIIZZZZYII', 'XIIIZZXYYIXY', 'ZIXYZZZIYYII', 'ZZYXIZYYIIII', 'IIYXYYZZZZII', 'XXIZZZYXIIII', 'XXXZYXXXYXYI', 'IIYXYYZZZZII', 'ZZZIZIIZXXXY', 'XXIZZZYXIIII', 'XXXZYXXXYXYI', 'ZXIIIZZZZYII', 'YZXZZIZZYZYI', 'ZZZIZIIZXXXY', 'XIZZIZXYZXII', 'ZZYXIZYYIIII', 'YXIIZZIIYYII', 'XIIIZZXYYIXY', 'XIZZIZXYZXII', 'YZYXZIZIXZXY', 'XXIZZZYXIIII', 'XXXZYXXXYXYI', 'ZYXIZZZZZYYI']
 Finished:     -15.498931039883
 Error:       0.002274808612
1.8




 --------------------------------------------------------------------------
                         ADAPT-VQE iteration:  47
 --------------------------------------------------------------------------
0.004977611478399008
['YZYXZIZIXZXY', 'IIYXYYZZZZII', 'XIIIZZXYYIXY', 'XYZIZIYYZIII', 'YZXZZIZZYZYI', 'YXIIZZIIYYII', 'IXXZIIIZZXYI', 'XYZIZIYYZIII', 'IIYXYYZZZZII', 'XIIIZZXYYIXY', 'YZIXZZZIIYYI', 'XYZIZIYYZIII', 'IIYXYYZZZZII', 'IXXZIIIZZXYI', 'ZZZIZIIZXXXY', 'XIZZIZXYZXII', 'XIIIZZXYYIXY', 'ZXIIIZZZZYII', 'XXIZZZYXIIII', 'YZIXZZZIIYYI', 'IIYXYYZZZZII', 'ZIXYZZZIYYII', 'ZZZIZIIZXXXY', 'ZYXIZZZZZYYI', 'ZXIIIZZZZYII', 'XIIIZZXYYIXY', 'ZIXYZZZIYYII', 'ZZYXIZYYIIII', 'IIYXYYZZZZII', 'IXXZIIIZZXYI', 'XXIZZZYXIIII', 'XXXZYXXXYXYI', 'IIYXYYZZZZII', 'ZZZIZIIZXXXY', 'XXIZZZYXIIII', 'XXXZYXXXYXYI', 'ZXIIIZZZZYII', 'YZXZZIZZYZYI', 'ZZZIZIIZXXXY', 'XIZZIZXYZXII', 'ZZYXIZYYIIII', 'YXIIZZIIYYII', 'XIIIZZXYYIXY', 'XIZZIZXYZXII', 'YZYXZIZIXZXY', 'XXIZZZYXIIII', 'XXXZYXXXYXYI', 'ZYXIZZZZZYYI']
 Finished:     -15.498933860617
 Error:       0.002271987877
1.8




 --------------------------------------------------------------------------
                         ADAPT-VQE iteration:  48
 --------------------------------------------------------------------------
0.0037446498844345595
['YZYXZIZIXZXY', 'IIYXYYZZZZII', 'XIIIZZXYYIXY', 'XYZIZIYYZIII', 'YZXZZIZZYZYI', 'YXIIZZIIYYII', 'IXXZIIIZZXYI', 'XYZIZIYYZIII', 'IIYXYYZZZZII', 'XIIIZZXYYIXY', 'YZIXZZZIIYYI', 'XYZIZIYYZIII', 'IIYXYYZZZZII', 'IXXZIIIZZXYI', 'ZZZIZIIZXXXY', 'XIZZIZXYZXII', 'XIIIZZXYYIXY', 'ZXIIIZZZZYII', 'XXIZZZYXIIII', 'YZIXZZZIIYYI', 'IIYXYYZZZZII', 'ZIXYZZZIYYII', 'ZZZIZIIZXXXY', 'ZYXIZZZZZYYI', 'YXIIZZIIYYII', 'ZXIIIZZZZYII', 'XIIIZZXYYIXY', 'ZIXYZZZIYYII', 'ZZYXIZYYIIII', 'IIYXYYZZZZII', 'IXXZIIIZZXYI', 'XXIZZZYXIIII', 'XXXZYXXXYXYI', 'IIYXYYZZZZII', 'ZZZIZIIZXXXY', 'XXIZZZYXIIII', 'XXXZYXXXYXYI', 'ZXIIIZZZZYII', 'YZXZZIZZYZYI', 'ZZZIZIIZXXXY', 'XIZZIZXYZXII', 'ZZYXIZYYIIII', 'YXIIZZIIYYII', 'XIIIZZXYYIXY', 'XIZZIZXYZXII', 'YZYXZIZIXZXY', 'XXIZZZYXIIII', 'XXXZYXXXYXYI', 'ZYXIZZZZZYYI']
 Finished:     -15.499699274483
 Error:       0.001506574012
1.8




 --------------------------------------------------------------------------
                         ADAPT-VQE iteration:  49
 --------------------------------------------------------------------------
0.006505105880040856
slurmstepd: error: *** JOB 132328 ON tc093 CANCELLED AT 2021-04-09T10:56:34 ***
