The list of distances to compute is: [1.0, 1.1, 1.2, 1.3, 1.4, 1.5, 1.6, 1.7, 1.8, 1.9]
I am the distance: 1.7
H 0 0 0; Be 0 0 1.7; H 0 0 3.4
Problem reduced to 12 qubits.
HF energy:                -15.4706058315452086
Active space FCI energy:   -15.5287786733981914
n_electrons: 4
0.0
molecule.n_orbitals: 6
 adapt threshold: 1e-07
 theta threshold: 1e-10
 Generate Sparse Matrices for operators in pool
Ground state energy: -15.528778673398273
initial energy -15.47060583154521
 Start ADAPT-VQE algorithm
 Now start to grow the ansatz




 --------------------------------------------------------------------------
                         ADAPT-VQE iteration:  0
 --------------------------------------------------------------------------
0.0
['ZYXIZZZZZYYI']
 Finished:     -15.476876679596
 Error:       0.051901993802
1.7




 --------------------------------------------------------------------------
                         ADAPT-VQE iteration:  1
 --------------------------------------------------------------------------
0.20171918230573355
['ZIXYZZZIYYII', 'ZYXIZZZZZYYI']
 Finished:     -15.490117243389
 Error:       0.038661430009
1.7




 --------------------------------------------------------------------------
                         ADAPT-VQE iteration:  2
 --------------------------------------------------------------------------
0.13697522770843717
['ZIXYZZZIYYII', 'YXIIZZIIYYII', 'ZYXIZZZZZYYI']
 Finished:     -15.495562158588
 Error:       0.033216514810
1.7




 --------------------------------------------------------------------------
                         ADAPT-VQE iteration:  3
 --------------------------------------------------------------------------
0.14174360339898273
['YZIXZZZIIYYI', 'ZIXYZZZIYYII', 'YXIIZZIIYYII', 'ZYXIZZZZZYYI']
 Finished:     -15.500487301167
 Error:       0.028291372231
1.7




 --------------------------------------------------------------------------
                         ADAPT-VQE iteration:  4
 --------------------------------------------------------------------------
0.08396968233633921
['YZIXZZZIIYYI', 'ZIXYZZZIYYII', 'YXIIZZIIYYII', 'XXIZZZYXIIII', 'ZYXIZZZZZYYI']
 Finished:     -15.502726175250
 Error:       0.026052498149
1.7




 --------------------------------------------------------------------------
                         ADAPT-VQE iteration:  5
 --------------------------------------------------------------------------
0.032980944894592405
['YZIXZZZIIYYI', 'ZIXYZZZIYYII', 'YZXZZIZZYZYI', 'YXIIZZIIYYII', 'XXIZZZYXIIII', 'ZYXIZZZZZYYI']
 Finished:     -15.503006345970
 Error:       0.025772327428
1.7




 --------------------------------------------------------------------------
                         ADAPT-VQE iteration:  6
 --------------------------------------------------------------------------
0.03274157077863618
['YZIXZZZIIYYI', 'ZZZIZIIZXXXY', 'ZIXYZZZIYYII', 'YZXZZIZZYZYI', 'YXIIZZIIYYII', 'XXIZZZYXIIII', 'ZYXIZZZZZYYI']
 Finished:     -15.503075475207
 Error:       0.025703198191
1.7




 --------------------------------------------------------------------------
                         ADAPT-VQE iteration:  7
 --------------------------------------------------------------------------
0.03883877560544796
['YZIXZZZIIYYI', 'ZZZIZIIZXXXY', 'ZIXYZZZIYYII', 'YZXZZIZZYZYI', 'ZZZIZIIZXXXY', 'YXIIZZIIYYII', 'XXIZZZYXIIII', 'ZYXIZZZZZYYI']
 Finished:     -15.508033903026
 Error:       0.020744770372
1.7




 --------------------------------------------------------------------------
                         ADAPT-VQE iteration:  8
 --------------------------------------------------------------------------
0.08632325422670528
['YZIXZZZIIYYI', 'ZZZIZIIZXXXY', 'YZIXZZZIIYYI', 'ZIXYZZZIYYII', 'YZXZZIZZYZYI', 'ZZZIZIIZXXXY', 'YXIIZZIIYYII', 'XXIZZZYXIIII', 'ZYXIZZZZZYYI']
 Finished:     -15.515051826565
 Error:       0.013726846833
1.7




 --------------------------------------------------------------------------
                         ADAPT-VQE iteration:  9
 --------------------------------------------------------------------------
0.055616685408901634
['YZIXZZZIIYYI', 'ZZZIZIIZXXXY', 'YZIXZZZIIYYI', 'ZIXYZZZIYYII', 'ZYXIZZZZZYYI', 'YZXZZIZZYZYI', 'ZZZIZIIZXXXY', 'YXIIZZIIYYII', 'XXIZZZYXIIII', 'ZYXIZZZZZYYI']
 Finished:     -15.518772687260
 Error:       0.010005986139
1.7




 --------------------------------------------------------------------------
                         ADAPT-VQE iteration:  10
 --------------------------------------------------------------------------
0.0370102625706864
['YZIXZZZIIYYI', 'IXXZIIIZZXYI', 'ZZZIZIIZXXXY', 'YZIXZZZIIYYI', 'ZIXYZZZIYYII', 'ZYXIZZZZZYYI', 'YZXZZIZZYZYI', 'ZZZIZIIZXXXY', 'YXIIZZIIYYII', 'XXIZZZYXIIII', 'ZYXIZZZZZYYI']
 Finished:     -15.520139044117
 Error:       0.008639629281
1.7




 --------------------------------------------------------------------------
                         ADAPT-VQE iteration:  11
 --------------------------------------------------------------------------
0.02946706389121682
['YZIXZZZIIYYI', 'IXXZIIIZZXYI', 'ZZZIZIIZXXXY', 'YZIXZZZIIYYI', 'ZIXYZZZIYYII', 'ZYXIZZZZZYYI', 'YZXZZIZZYZYI', 'ZZZIZIIZXXXY', 'YXIIZZIIYYII', 'YZIXZZZIIYYI', 'XXIZZZYXIIII', 'ZYXIZZZZZYYI']
 Finished:     -15.522527168122
 Error:       0.006251505277
1.7




 --------------------------------------------------------------------------
                         ADAPT-VQE iteration:  12
 --------------------------------------------------------------------------
0.029526886927892446
['YZIXZZZIIYYI', 'IXXZIIIZZXYI', 'ZZZIZIIZXXXY', 'YZIXZZZIIYYI', 'ZIXYZZZIYYII', 'ZYXIZZZZZYYI', 'YZXZZIZZYZYI', 'ZZZIZIIZXXXY', 'YXIIZZIIYYII', 'YZYXZIZIXZXY', 'YZIXZZZIIYYI', 'XXIZZZYXIIII', 'ZYXIZZZZZYYI']
 Finished:     -15.522658858012
 Error:       0.006119815386
1.7




 --------------------------------------------------------------------------
                         ADAPT-VQE iteration:  13
 --------------------------------------------------------------------------
0.02771327457867572
['YZIXZZZIIYYI', 'IXXZIIIZZXYI', 'ZZZIZIIZXXXY', 'YZIXZZZIIYYI', 'ZIXYZZZIYYII', 'ZYXIZZZZZYYI', 'YZXZZIZZYZYI', 'ZZZIZIIZXXXY', 'YZXZZIZZYZYI', 'YXIIZZIIYYII', 'YZYXZIZIXZXY', 'YZIXZZZIIYYI', 'XXIZZZYXIIII', 'ZYXIZZZZZYYI']
 Finished:     -15.523838601527
 Error:       0.004940071872
1.7




 --------------------------------------------------------------------------
                         ADAPT-VQE iteration:  14
 --------------------------------------------------------------------------
0.01909469249371326
['XYZIZIYYZIII', 'YZIXZZZIIYYI', 'IXXZIIIZZXYI', 'ZZZIZIIZXXXY', 'YZIXZZZIIYYI', 'ZIXYZZZIYYII', 'ZYXIZZZZZYYI', 'YZXZZIZZYZYI', 'ZZZIZIIZXXXY', 'YZXZZIZZYZYI', 'YXIIZZIIYYII', 'YZYXZIZIXZXY', 'YZIXZZZIIYYI', 'XXIZZZYXIIII', 'ZYXIZZZZZYYI']
 Finished:     -15.524153412395
 Error:       0.004625261004
1.7




 --------------------------------------------------------------------------
                         ADAPT-VQE iteration:  15
 --------------------------------------------------------------------------
0.01383191195439007
['XYZIZIYYZIII', 'YZIXZZZIIYYI', 'IXXZIIIZZXYI', 'ZZZIZIIZXXXY', 'YZIXZZZIIYYI', 'ZIXYZZZIYYII', 'ZYXIZZZZZYYI', 'YZXZZIZZYZYI', 'ZZZIZIIZXXXY', 'ZIXYZZZIYYII', 'YZXZZIZZYZYI', 'YXIIZZIIYYII', 'YZYXZIZIXZXY', 'YZIXZZZIIYYI', 'XXIZZZYXIIII', 'ZYXIZZZZZYYI']
 Finished:     -15.524364327207
 Error:       0.004414346191
1.7




 --------------------------------------------------------------------------
                         ADAPT-VQE iteration:  16
 --------------------------------------------------------------------------
0.010514454675950736
['ZXIIIZZZZYII', 'XYZIZIYYZIII', 'YZIXZZZIIYYI', 'IXXZIIIZZXYI', 'ZZZIZIIZXXXY', 'YZIXZZZIIYYI', 'ZIXYZZZIYYII', 'ZYXIZZZZZYYI', 'YZXZZIZZYZYI', 'ZZZIZIIZXXXY', 'ZIXYZZZIYYII', 'YZXZZIZZYZYI', 'YXIIZZIIYYII', 'YZYXZIZIXZXY', 'YZIXZZZIIYYI', 'XXIZZZYXIIII', 'ZYXIZZZZZYYI']
 Finished:     -15.524427114053
 Error:       0.004351559345
1.7




 --------------------------------------------------------------------------
                         ADAPT-VQE iteration:  17
 --------------------------------------------------------------------------
0.009725650696589514
['ZXIIIZZZZYII', 'XYZIZIYYZIII', 'YZIXZZZIIYYI', 'IIYXYYZZZZII', 'IXXZIIIZZXYI', 'ZZZIZIIZXXXY', 'YZIXZZZIIYYI', 'ZIXYZZZIYYII', 'ZYXIZZZZZYYI', 'YZXZZIZZYZYI', 'ZZZIZIIZXXXY', 'ZIXYZZZIYYII', 'YZXZZIZZYZYI', 'YXIIZZIIYYII', 'YZYXZIZIXZXY', 'YZIXZZZIIYYI', 'XXIZZZYXIIII', 'ZYXIZZZZZYYI']
 Finished:     -15.524455252035
 Error:       0.004323421363
1.7




 --------------------------------------------------------------------------
                         ADAPT-VQE iteration:  18
 --------------------------------------------------------------------------
0.008471202726161784
['ZXIIIZZZZYII', 'XYZIZIYYZIII', 'YZIXZZZIIYYI', 'IIYXYYZZZZII', 'IXXZIIIZZXYI', 'ZZZIZIIZXXXY', 'YZIXZZZIIYYI', 'YXIIZZIIYYII', 'ZIXYZZZIYYII', 'ZYXIZZZZZYYI', 'YZXZZIZZYZYI', 'ZZZIZIIZXXXY', 'ZIXYZZZIYYII', 'YZXZZIZZYZYI', 'YXIIZZIIYYII', 'YZYXZIZIXZXY', 'YZIXZZZIIYYI', 'XXIZZZYXIIII', 'ZYXIZZZZZYYI']
 Finished:     -15.525401052728
 Error:       0.003377620670
1.7




 --------------------------------------------------------------------------
                         ADAPT-VQE iteration:  19
 --------------------------------------------------------------------------
0.00790679905670094
['ZXIIIZZZZYII', 'XYZIZIYYZIII', 'YZIXZZZIIYYI', 'IIYXYYZZZZII', 'IXXZIIIZZXYI', 'ZZZIZIIZXXXY', 'YZIXZZZIIYYI', 'YXIIZZIIYYII', 'ZIXYZZZIYYII', 'ZYXIZZZZZYYI', 'YZXZZIZZYZYI', 'ZZZIZIIZXXXY', 'ZIXYZZZIYYII', 'YZXZZIZZYZYI', 'YXIIZZIIYYII', 'YZYXZIZIXZXY', 'YZIXZZZIIYYI', 'XXIZZZYXIIII', 'ZXIIIZZZZYII', 'ZYXIZZZZZYYI']
 Finished:     -15.525431386264
 Error:       0.003347287135
1.7




 --------------------------------------------------------------------------
                         ADAPT-VQE iteration:  20
 --------------------------------------------------------------------------
0.00852524510401316
['ZXIIIZZZZYII', 'XYZIZIYYZIII', 'YZIXZZZIIYYI', 'IIYXYYZZZZII', 'IXXZIIIZZXYI', 'ZZZIZIIZXXXY', 'YZIXZZZIIYYI', 'YXIIZZIIYYII', 'ZIXYZZZIYYII', 'YZYXZIZIXZXY', 'ZYXIZZZZZYYI', 'YZXZZIZZYZYI', 'ZZZIZIIZXXXY', 'ZIXYZZZIYYII', 'YZXZZIZZYZYI', 'YXIIZZIIYYII', 'YZYXZIZIXZXY', 'YZIXZZZIIYYI', 'XXIZZZYXIIII', 'ZXIIIZZZZYII', 'ZYXIZZZZZYYI']
 Finished:     -15.525453078495
 Error:       0.003325594903
1.7




 --------------------------------------------------------------------------
                         ADAPT-VQE iteration:  21
 --------------------------------------------------------------------------
0.007127804932025743
['ZXIIIZZZZYII', 'XYZIZIYYZIII', 'YZIXZZZIIYYI', 'IIYXYYZZZZII', 'IXXZIIIZZXYI', 'ZZZIZIIZXXXY', 'YZIXZZZIIYYI', 'YXIIZZIIYYII', 'XYZIZIYYZIII', 'ZIXYZZZIYYII', 'YZYXZIZIXZXY', 'ZYXIZZZZZYYI', 'YZXZZIZZYZYI', 'ZZZIZIIZXXXY', 'ZIXYZZZIYYII', 'YZXZZIZZYZYI', 'YXIIZZIIYYII', 'YZYXZIZIXZXY', 'YZIXZZZIIYYI', 'XXIZZZYXIIII', 'ZXIIIZZZZYII', 'ZYXIZZZZZYYI']
 Finished:     -15.525467245375
 Error:       0.003311428023
1.7




 --------------------------------------------------------------------------
                         ADAPT-VQE iteration:  22
 --------------------------------------------------------------------------
0.007967280932531118
['ZXIIIZZZZYII', 'XYZIZIYYZIII', 'YZIXZZZIIYYI', 'IIYXYYZZZZII', 'IXXZIIIZZXYI', 'ZZZIZIIZXXXY', 'YZIXZZZIIYYI', 'YXIIZZIIYYII', 'XYZIZIYYZIII', 'ZIXYZZZIYYII', 'XXIZZZYXIIII', 'YZYXZIZIXZXY', 'ZYXIZZZZZYYI', 'YZXZZIZZYZYI', 'ZZZIZIIZXXXY', 'ZIXYZZZIYYII', 'YZXZZIZZYZYI', 'YXIIZZIIYYII', 'YZYXZIZIXZXY', 'YZIXZZZIIYYI', 'XXIZZZYXIIII', 'ZXIIIZZZZYII', 'ZYXIZZZZZYYI']
 Finished:     -15.525487992522
 Error:       0.003290680876
1.7




 --------------------------------------------------------------------------
                         ADAPT-VQE iteration:  23
 --------------------------------------------------------------------------
0.007097104843476594
['ZXIIIZZZZYII', 'XYZIZIYYZIII', 'YZIXZZZIIYYI', 'IIYXYYZZZZII', 'IXXZIIIZZXYI', 'ZZZIZIIZXXXY', 'YZIXZZZIIYYI', 'YXIIZZIIYYII', 'XYZIZIYYZIII', 'ZIXYZZZIYYII', 'XXIZZZYXIIII', 'YZYXZIZIXZXY', 'ZYXIZZZZZYYI', 'YZXZZIZZYZYI', 'ZZZIZIIZXXXY', 'ZIXYZZZIYYII', 'YZXZZIZZYZYI', 'YXIIZZIIYYII', 'YZYXZIZIXZXY', 'YZIXZZZIIYYI', 'XXIZZZYXIIII', 'ZXIIIZZZZYII', 'ZZYXIZYYIIII', 'ZYXIZZZZZYYI']
 Finished:     -15.525502785972
 Error:       0.003275887427
1.7




 --------------------------------------------------------------------------
                         ADAPT-VQE iteration:  24
 --------------------------------------------------------------------------
0.006412833491968908
['ZXIIIZZZZYII', 'XYZIZIYYZIII', 'YZIXZZZIIYYI', 'IIYXYYZZZZII', 'IXXZIIIZZXYI', 'ZZZIZIIZXXXY', 'YZIXZZZIIYYI', 'YXIIZZIIYYII', 'XYZIZIYYZIII', 'ZIXYZZZIYYII', 'XXIZZZYXIIII', 'YZYXZIZIXZXY', 'ZYXIZZZZZYYI', 'XIZZIZXYZXII', 'YZXZZIZZYZYI', 'ZZZIZIIZXXXY', 'ZIXYZZZIYYII', 'YZXZZIZZYZYI', 'YXIIZZIIYYII', 'YZYXZIZIXZXY', 'YZIXZZZIIYYI', 'XXIZZZYXIIII', 'ZXIIIZZZZYII', 'ZZYXIZYYIIII', 'ZYXIZZZZZYYI']
 Finished:     -15.525508889693
 Error:       0.003269783705
1.7




 --------------------------------------------------------------------------
                         ADAPT-VQE iteration:  25
 --------------------------------------------------------------------------
0.00897105037714753
['ZXIIIZZZZYII', 'XYZIZIYYZIII', 'YZIXZZZIIYYI', 'IIYXYYZZZZII', 'IXXZIIIZZXYI', 'ZZZIZIIZXXXY', 'YZIXZZZIIYYI', 'YXIIZZIIYYII', 'XIZZIZXYZXII', 'XYZIZIYYZIII', 'ZIXYZZZIYYII', 'XXIZZZYXIIII', 'YZYXZIZIXZXY', 'ZYXIZZZZZYYI', 'XIZZIZXYZXII', 'YZXZZIZZYZYI', 'ZZZIZIIZXXXY', 'ZIXYZZZIYYII', 'YZXZZIZZYZYI', 'YXIIZZIIYYII', 'YZYXZIZIXZXY', 'YZIXZZZIIYYI', 'XXIZZZYXIIII', 'ZXIIIZZZZYII', 'ZZYXIZYYIIII', 'ZYXIZZZZZYYI']
 Finished:     -15.525572467849
 Error:       0.003206205550
1.7




 --------------------------------------------------------------------------
                         ADAPT-VQE iteration:  26
 --------------------------------------------------------------------------
0.0038721941142809534
['ZXIIIZZZZYII', 'XYZIZIYYZIII', 'YZIXZZZIIYYI', 'IIYXYYZZZZII', 'IXXZIIIZZXYI', 'XIIIZZXYYIXY', 'ZZZIZIIZXXXY', 'YZIXZZZIIYYI', 'YXIIZZIIYYII', 'XIZZIZXYZXII', 'XYZIZIYYZIII', 'ZIXYZZZIYYII', 'XXIZZZYXIIII', 'YZYXZIZIXZXY', 'ZYXIZZZZZYYI', 'XIZZIZXYZXII', 'YZXZZIZZYZYI', 'ZZZIZIIZXXXY', 'ZIXYZZZIYYII', 'YZXZZIZZYZYI', 'YXIIZZIIYYII', 'YZYXZIZIXZXY', 'YZIXZZZIIYYI', 'XXIZZZYXIIII', 'ZXIIIZZZZYII', 'ZZYXIZYYIIII', 'ZYXIZZZZZYYI']
 Finished:     -15.525573698878
 Error:       0.003204974520
1.7




 --------------------------------------------------------------------------
                         ADAPT-VQE iteration:  27
 --------------------------------------------------------------------------
0.004480081586593562
['ZXIIIZZZZYII', 'XYZIZIYYZIII', 'YZIXZZZIIYYI', 'IIYXYYZZZZII', 'IXXZIIIZZXYI', 'XIIIZZXYYIXY', 'ZZZIZIIZXXXY', 'YZIXZZZIIYYI', 'YXIIZZIIYYII', 'XIZZIZXYZXII', 'XYZIZIYYZIII', 'ZIXYZZZIYYII', 'XXIZZZYXIIII', 'YZYXZIZIXZXY', 'ZYXIZZZZZYYI', 'XIZZIZXYZXII', 'XIIIZZXYYIXY', 'YZXZZIZZYZYI', 'ZZZIZIIZXXXY', 'ZIXYZZZIYYII', 'YZXZZIZZYZYI', 'YXIIZZIIYYII', 'YZYXZIZIXZXY', 'YZIXZZZIIYYI', 'XXIZZZYXIIII', 'ZXIIIZZZZYII', 'ZZYXIZYYIIII', 'ZYXIZZZZZYYI']
 Finished:     -15.525576766269
 Error:       0.003201907129
1.7




 --------------------------------------------------------------------------
                         ADAPT-VQE iteration:  28
 --------------------------------------------------------------------------
0.0034341074991959836
['ZXIIIZZZZYII', 'XYZIZIYYZIII', 'YZIXZZZIIYYI', 'IIYXYYZZZZII', 'IXXZIIIZZXYI', 'XXIZZZYXIIII', 'XIIIZZXYYIXY', 'ZZZIZIIZXXXY', 'YZIXZZZIIYYI', 'YXIIZZIIYYII', 'XIZZIZXYZXII', 'XYZIZIYYZIII', 'ZIXYZZZIYYII', 'XXIZZZYXIIII', 'YZYXZIZIXZXY', 'ZYXIZZZZZYYI', 'XIZZIZXYZXII', 'XIIIZZXYYIXY', 'YZXZZIZZYZYI', 'ZZZIZIIZXXXY', 'ZIXYZZZIYYII', 'YZXZZIZZYZYI', 'YXIIZZIIYYII', 'YZYXZIZIXZXY', 'YZIXZZZIIYYI', 'XXIZZZYXIIII', 'ZXIIIZZZZYII', 'ZZYXIZYYIIII', 'ZYXIZZZZZYYI']
 Finished:     -15.525588130743
 Error:       0.003190542655
1.7




 --------------------------------------------------------------------------
                         ADAPT-VQE iteration:  29
 --------------------------------------------------------------------------
0.003214283161831137
['ZXIIIZZZZYII', 'XYZIZIYYZIII', 'YZIXZZZIIYYI', 'IIYXYYZZZZII', 'IXXZIIIZZXYI', 'XXIZZZYXIIII', 'XIIIZZXYYIXY', 'ZZZIZIIZXXXY', 'YZIXZZZIIYYI', 'YXIIZZIIYYII', 'XIZZIZXYZXII', 'XYZIZIYYZIII', 'ZIXYZZZIYYII', 'XXIZZZYXIIII', 'IIYXYYZZZZII', 'YZYXZIZIXZXY', 'ZYXIZZZZZYYI', 'XIZZIZXYZXII', 'XIIIZZXYYIXY', 'YZXZZIZZYZYI', 'ZZZIZIIZXXXY', 'ZIXYZZZIYYII', 'YZXZZIZZYZYI', 'YXIIZZIIYYII', 'YZYXZIZIXZXY', 'YZIXZZZIIYYI', 'XXIZZZYXIIII', 'ZXIIIZZZZYII', 'ZZYXIZYYIIII', 'ZYXIZZZZZYYI']
 Finished:     -15.525592220571
 Error:       0.003186452827
1.7




 --------------------------------------------------------------------------
                         ADAPT-VQE iteration:  30
 --------------------------------------------------------------------------
0.002953497464671966
['ZXIIIZZZZYII', 'XYZIZIYYZIII', 'YZIXZZZIIYYI', 'IIYXYYZZZZII', 'IXXZIIIZZXYI', 'XXIZZZYXIIII', 'XIIIZZXYYIXY', 'ZZZIZIIZXXXY', 'XIIIZZXYYIXY', 'YZIXZZZIIYYI', 'YXIIZZIIYYII', 'XIZZIZXYZXII', 'XYZIZIYYZIII', 'ZIXYZZZIYYII', 'XXIZZZYXIIII', 'IIYXYYZZZZII', 'YZYXZIZIXZXY', 'ZYXIZZZZZYYI', 'XIZZIZXYZXII', 'XIIIZZXYYIXY', 'YZXZZIZZYZYI', 'ZZZIZIIZXXXY', 'ZIXYZZZIYYII', 'YZXZZIZZYZYI', 'YXIIZZIIYYII', 'YZYXZIZIXZXY', 'YZIXZZZIIYYI', 'XXIZZZYXIIII', 'ZXIIIZZZZYII', 'ZZYXIZYYIIII', 'ZYXIZZZZZYYI']
 Finished:     -15.525623472876
 Error:       0.003155200522
1.7




 --------------------------------------------------------------------------
                         ADAPT-VQE iteration:  31
 --------------------------------------------------------------------------
0.007024859231477677
['ZXIIIZZZZYII', 'XYZIZIYYZIII', 'YZIXZZZIIYYI', 'IIYXYYZZZZII', 'IXXZIIIZZXYI', 'XXIZZZYXIIII', 'XIIIZZXYYIXY', 'ZZZIZIIZXXXY', 'XIIIZZXYYIXY', 'YZIXZZZIIYYI', 'YXIIZZIIYYII', 'XIZZIZXYZXII', 'XYZIZIYYZIII', 'ZIXYZZZIYYII', 'XXIZZZYXIIII', 'IIYXYYZZZZII', 'YZYXZIZIXZXY', 'ZYXIZZZZZYYI', 'XIZZIZXYZXII', 'XIIIZZXYYIXY', 'YZXZZIZZYZYI', 'ZZZIZIIZXXXY', 'ZIXYZZZIYYII', 'YZXZZIZZYZYI', 'YXIIZZIIYYII', 'YZYXZIZIXZXY', 'XIIIZZXYYIXY', 'YZIXZZZIIYYI', 'XXIZZZYXIIII', 'ZXIIIZZZZYII', 'ZZYXIZYYIIII', 'ZYXIZZZZZYYI']
 Finished:     -15.525637659421
 Error:       0.003141013977
1.7




 --------------------------------------------------------------------------
                         ADAPT-VQE iteration:  32
 --------------------------------------------------------------------------
0.00669934671455882
['ZXIIIZZZZYII', 'XYZIZIYYZIII', 'YZIXZZZIIYYI', 'IIYXYYZZZZII', 'IXXZIIIZZXYI', 'XXIZZZYXIIII', 'XIIIZZXYYIXY', 'ZZZIZIIZXXXY', 'XIIIZZXYYIXY', 'YZIXZZZIIYYI', 'YXIIZZIIYYII', 'XIZZIZXYZXII', 'XYZIZIYYZIII', 'ZIXYZZZIYYII', 'XXIZZZYXIIII', 'IIYXYYZZZZII', 'YZYXZIZIXZXY', 'ZYXIZZZZZYYI', 'XIZZIZXYZXII', 'XIIIZZXYYIXY', 'YZXZZIZZYZYI', 'ZZZIZIIZXXXY', 'ZIXYZZZIYYII', 'YZXZZIZZYZYI', 'YXIIZZIIYYII', 'XIZZIZXYZXII', 'YZYXZIZIXZXY', 'XIIIZZXYYIXY', 'YZIXZZZIIYYI', 'XXIZZZYXIIII', 'ZXIIIZZZZYII', 'ZZYXIZYYIIII', 'ZYXIZZZZZYYI']
 Finished:     -15.525682581278
 Error:       0.003096092121
1.7




 --------------------------------------------------------------------------
                         ADAPT-VQE iteration:  33
 --------------------------------------------------------------------------
0.0031134326750275453
['ZXIIIZZZZYII', 'XYZIZIYYZIII', 'YZIXZZZIIYYI', 'IIYXYYZZZZII', 'IXXZIIIZZXYI', 'XXIZZZYXIIII', 'XIIIZZXYYIXY', 'ZZZIZIIZXXXY', 'XIIIZZXYYIXY', 'YZIXZZZIIYYI', 'YXIIZZIIYYII', 'XIZZIZXYZXII', 'XYZIZIYYZIII', 'ZIXYZZZIYYII', 'XXIZZZYXIIII', 'IIYXYYZZZZII', 'YZYXZIZIXZXY', 'ZYXIZZZZZYYI', 'XIZZIZXYZXII', 'XIIIZZXYYIXY', 'YZXZZIZZYZYI', 'ZZZIZIIZXXXY', 'XIIIZZXYYIXY', 'ZIXYZZZIYYII', 'YZXZZIZZYZYI', 'YXIIZZIIYYII', 'XIZZIZXYZXII', 'YZYXZIZIXZXY', 'XIIIZZXYYIXY', 'YZIXZZZIIYYI', 'XXIZZZYXIIII', 'ZXIIIZZZZYII', 'ZZYXIZYYIIII', 'ZYXIZZZZZYYI']
 Finished:     -15.525711328646
 Error:       0.003067344753
1.7




 --------------------------------------------------------------------------
                         ADAPT-VQE iteration:  34
 --------------------------------------------------------------------------
0.0027998115787659632
['ZXIIIZZZZYII', 'XYZIZIYYZIII', 'YZIXZZZIIYYI', 'IIYXYYZZZZII', 'IXXZIIIZZXYI', 'XXIZZZYXIIII', 'XIIIZZXYYIXY', 'ZZZIZIIZXXXY', 'XIIIZZXYYIXY', 'YZIXZZZIIYYI', 'YXIIZZIIYYII', 'XXIZZZYXIIII', 'XIZZIZXYZXII', 'XYZIZIYYZIII', 'ZIXYZZZIYYII', 'XXIZZZYXIIII', 'IIYXYYZZZZII', 'YZYXZIZIXZXY', 'ZYXIZZZZZYYI', 'XIZZIZXYZXII', 'XIIIZZXYYIXY', 'YZXZZIZZYZYI', 'ZZZIZIIZXXXY', 'XIIIZZXYYIXY', 'ZIXYZZZIYYII', 'YZXZZIZZYZYI', 'YXIIZZIIYYII', 'XIZZIZXYZXII', 'YZYXZIZIXZXY', 'XIIIZZXYYIXY', 'YZIXZZZIIYYI', 'XXIZZZYXIIII', 'ZXIIIZZZZYII', 'ZZYXIZYYIIII', 'ZYXIZZZZZYYI']
 Finished:     -15.525741407629
 Error:       0.003037265769
1.7




 --------------------------------------------------------------------------
                         ADAPT-VQE iteration:  35
 --------------------------------------------------------------------------
0.0029628922235421305
['ZXIIIZZZZYII', 'XYZIZIYYZIII', 'YZIXZZZIIYYI', 'IIYXYYZZZZII', 'IXXZIIIZZXYI', 'XXIZZZYXIIII', 'XIIIZZXYYIXY', 'ZZZIZIIZXXXY', 'YZYXZIZIXZXY', 'XIIIZZXYYIXY', 'YZIXZZZIIYYI', 'YXIIZZIIYYII', 'XXIZZZYXIIII', 'XIZZIZXYZXII', 'XYZIZIYYZIII', 'ZIXYZZZIYYII', 'XXIZZZYXIIII', 'IIYXYYZZZZII', 'YZYXZIZIXZXY', 'ZYXIZZZZZYYI', 'XIZZIZXYZXII', 'XIIIZZXYYIXY', 'YZXZZIZZYZYI', 'ZZZIZIIZXXXY', 'XIIIZZXYYIXY', 'ZIXYZZZIYYII', 'YZXZZIZZYZYI', 'YXIIZZIIYYII', 'XIZZIZXYZXII', 'YZYXZIZIXZXY', 'XIIIZZXYYIXY', 'YZIXZZZIIYYI', 'XXIZZZYXIIII', 'ZXIIIZZZZYII', 'ZZYXIZYYIIII', 'ZYXIZZZZZYYI']
 Finished:     -15.525751542988
 Error:       0.003027130410
1.7




 --------------------------------------------------------------------------
                         ADAPT-VQE iteration:  36
 --------------------------------------------------------------------------
0.0026764920652188875
['ZXIIIZZZZYII', 'XYZIZIYYZIII', 'YZIXZZZIIYYI', 'IIYXYYZZZZII', 'IXXZIIIZZXYI', 'XYZIZIYYZIII', 'XXIZZZYXIIII', 'XIIIZZXYYIXY', 'ZZZIZIIZXXXY', 'YZYXZIZIXZXY', 'XIIIZZXYYIXY', 'YZIXZZZIIYYI', 'YXIIZZIIYYII', 'XXIZZZYXIIII', 'XIZZIZXYZXII', 'XYZIZIYYZIII', 'ZIXYZZZIYYII', 'XXIZZZYXIIII', 'IIYXYYZZZZII', 'YZYXZIZIXZXY', 'ZYXIZZZZZYYI', 'XIZZIZXYZXII', 'XIIIZZXYYIXY', 'YZXZZIZZYZYI', 'ZZZIZIIZXXXY', 'XIIIZZXYYIXY', 'ZIXYZZZIYYII', 'YZXZZIZZYZYI', 'YXIIZZIIYYII', 'XIZZIZXYZXII', 'YZYXZIZIXZXY', 'XIIIZZXYYIXY', 'YZIXZZZIIYYI', 'XXIZZZYXIIII', 'ZXIIIZZZZYII', 'ZZYXIZYYIIII', 'ZYXIZZZZZYYI']
 Finished:     -15.525773935357
 Error:       0.003004738041
1.7




 --------------------------------------------------------------------------
                         ADAPT-VQE iteration:  37
 --------------------------------------------------------------------------
0.0033366762188339898
['ZXIIIZZZZYII', 'ZZYXIZYYIIII', 'XYZIZIYYZIII', 'YZIXZZZIIYYI', 'IIYXYYZZZZII', 'IXXZIIIZZXYI', 'XYZIZIYYZIII', 'XXIZZZYXIIII', 'XIIIZZXYYIXY', 'ZZZIZIIZXXXY', 'YZYXZIZIXZXY', 'XIIIZZXYYIXY', 'YZIXZZZIIYYI', 'YXIIZZIIYYII', 'XXIZZZYXIIII', 'XIZZIZXYZXII', 'XYZIZIYYZIII', 'ZIXYZZZIYYII', 'XXIZZZYXIIII', 'IIYXYYZZZZII', 'YZYXZIZIXZXY', 'ZYXIZZZZZYYI', 'XIZZIZXYZXII', 'XIIIZZXYYIXY', 'YZXZZIZZYZYI', 'ZZZIZIIZXXXY', 'XIIIZZXYYIXY', 'ZIXYZZZIYYII', 'YZXZZIZZYZYI', 'YXIIZZIIYYII', 'XIZZIZXYZXII', 'YZYXZIZIXZXY', 'XIIIZZXYYIXY', 'YZIXZZZIIYYI', 'XXIZZZYXIIII', 'ZXIIIZZZZYII', 'ZZYXIZYYIIII', 'ZYXIZZZZZYYI']
 Finished:     -15.525793420169
 Error:       0.002985253230
1.7




 --------------------------------------------------------------------------
                         ADAPT-VQE iteration:  38
 --------------------------------------------------------------------------
0.0047031134330431
['ZXIIIZZZZYII', 'ZZYXIZYYIIII', 'XYZIZIYYZIII', 'YZIXZZZIIYYI', 'IIYXYYZZZZII', 'IXXZIIIZZXYI', 'XYZIZIYYZIII', 'XXIZZZYXIIII', 'XIIIZZXYYIXY', 'ZZZIZIIZXXXY', 'YZYXZIZIXZXY', 'XIIIZZXYYIXY', 'YZIXZZZIIYYI', 'YXIIZZIIYYII', 'XXIZZZYXIIII', 'XIZZIZXYZXII', 'XYZIZIYYZIII', 'ZIXYZZZIYYII', 'XXIZZZYXIIII', 'IIYXYYZZZZII', 'YZYXZIZIXZXY', 'ZYXIZZZZZYYI', 'XIZZIZXYZXII', 'XIIIZZXYYIXY', 'YZXZZIZZYZYI', 'ZZZIZIIZXXXY', 'XXIZZZYXIIII', 'XIIIZZXYYIXY', 'ZIXYZZZIYYII', 'YZXZZIZZYZYI', 'YXIIZZIIYYII', 'XIZZIZXYZXII', 'YZYXZIZIXZXY', 'XIIIZZXYYIXY', 'YZIXZZZIIYYI', 'XXIZZZYXIIII', 'ZXIIIZZZZYII', 'ZZYXIZYYIIII', 'ZYXIZZZZZYYI']
 Finished:     -15.525870596290
 Error:       0.002908077108
1.7




 --------------------------------------------------------------------------
                         ADAPT-VQE iteration:  39
 --------------------------------------------------------------------------
0.002679464415531572
['ZXIIIZZZZYII', 'ZZYXIZYYIIII', 'XYZIZIYYZIII', 'YZYXZIZIXZXY', 'YZIXZZZIIYYI', 'IIYXYYZZZZII', 'IXXZIIIZZXYI', 'XYZIZIYYZIII', 'XXIZZZYXIIII', 'XIIIZZXYYIXY', 'ZZZIZIIZXXXY', 'YZYXZIZIXZXY', 'XIIIZZXYYIXY', 'YZIXZZZIIYYI', 'YXIIZZIIYYII', 'XXIZZZYXIIII', 'XIZZIZXYZXII', 'XYZIZIYYZIII', 'ZIXYZZZIYYII', 'XXIZZZYXIIII', 'IIYXYYZZZZII', 'YZYXZIZIXZXY', 'ZYXIZZZZZYYI', 'XIZZIZXYZXII', 'XIIIZZXYYIXY', 'YZXZZIZZYZYI', 'ZZZIZIIZXXXY', 'XXIZZZYXIIII', 'XIIIZZXYYIXY', 'ZIXYZZZIYYII', 'YZXZZIZZYZYI', 'YXIIZZIIYYII', 'XIZZIZXYZXII', 'YZYXZIZIXZXY', 'XIIIZZXYYIXY', 'YZIXZZZIIYYI', 'XXIZZZYXIIII', 'ZXIIIZZZZYII', 'ZZYXIZYYIIII', 'ZYXIZZZZZYYI']
 Finished:     -15.525881106604
 Error:       0.002897566794
1.7




 --------------------------------------------------------------------------
                         ADAPT-VQE iteration:  40
 --------------------------------------------------------------------------
0.0031776282759577055
['ZXIIIZZZZYII', 'ZZYXIZYYIIII', 'XYZIZIYYZIII', 'YZYXZIZIXZXY', 'YZIXZZZIIYYI', 'IIYXYYZZZZII', 'IXXZIIIZZXYI', 'XYZIZIYYZIII', 'XXIZZZYXIIII', 'XIIIZZXYYIXY', 'ZZZIZIIZXXXY', 'YZYXZIZIXZXY', 'XIIIZZXYYIXY', 'YZIXZZZIIYYI', 'YXIIZZIIYYII', 'XXIZZZYXIIII', 'XIZZIZXYZXII', 'XYZIZIYYZIII', 'ZIXYZZZIYYII', 'XXIZZZYXIIII', 'IIYXYYZZZZII', 'YZYXZIZIXZXY', 'ZYXIZZZZZYYI', 'XIZZIZXYZXII', 'XIIIZZXYYIXY', 'YZXZZIZZYZYI', 'ZZZIZIIZXXXY', 'YZYXZIZIXZXY', 'XXIZZZYXIIII', 'XIIIZZXYYIXY', 'ZIXYZZZIYYII', 'YZXZZIZZYZYI', 'YXIIZZIIYYII', 'XIZZIZXYZXII', 'YZYXZIZIXZXY', 'XIIIZZXYYIXY', 'YZIXZZZIIYYI', 'XXIZZZYXIIII', 'ZXIIIZZZZYII', 'ZZYXIZYYIIII', 'ZYXIZZZZZYYI']
 Finished:     -15.525906288863
 Error:       0.002872384535
1.7




 --------------------------------------------------------------------------
                         ADAPT-VQE iteration:  41
 --------------------------------------------------------------------------
0.0022128826487069994
['ZXIIIZZZZYII', 'ZZYXIZYYIIII', 'XYZIZIYYZIII', 'YZYXZIZIXZXY', 'YZIXZZZIIYYI', 'IIYXYYZZZZII', 'IXXZIIIZZXYI', 'XYZIZIYYZIII', 'XXIZZZYXIIII', 'XIIIZZXYYIXY', 'ZZZIZIIZXXXY', 'IZZZYYYXYXXY', 'YZYXZIZIXZXY', 'XIIIZZXYYIXY', 'YZIXZZZIIYYI', 'YXIIZZIIYYII', 'XXIZZZYXIIII', 'XIZZIZXYZXII', 'XYZIZIYYZIII', 'ZIXYZZZIYYII', 'XXIZZZYXIIII', 'IIYXYYZZZZII', 'YZYXZIZIXZXY', 'ZYXIZZZZZYYI', 'XIZZIZXYZXII', 'XIIIZZXYYIXY', 'YZXZZIZZYZYI', 'ZZZIZIIZXXXY', 'YZYXZIZIXZXY', 'XXIZZZYXIIII', 'XIIIZZXYYIXY', 'ZIXYZZZIYYII', 'YZXZZIZZYZYI', 'YXIIZZIIYYII', 'XIZZIZXYZXII', 'YZYXZIZIXZXY', 'XIIIZZXYYIXY', 'YZIXZZZIIYYI', 'XXIZZZYXIIII', 'ZXIIIZZZZYII', 'ZZYXIZYYIIII', 'ZYXIZZZZZYYI']
 Finished:     -15.525906408947
 Error:       0.002872264451
1.7




 --------------------------------------------------------------------------
                         ADAPT-VQE iteration:  42
 --------------------------------------------------------------------------
0.0029157878415339844
['ZXIIIZZZZYII', 'ZZYXIZYYIIII', 'XYZIZIYYZIII', 'YZYXZIZIXZXY', 'YZIXZZZIIYYI', 'IIYXYYZZZZII', 'IXXZIIIZZXYI', 'IZZZYYYXYXXY', 'XYZIZIYYZIII', 'XXIZZZYXIIII', 'XIIIZZXYYIXY', 'ZZZIZIIZXXXY', 'IZZZYYYXYXXY', 'YZYXZIZIXZXY', 'XIIIZZXYYIXY', 'YZIXZZZIIYYI', 'YXIIZZIIYYII', 'XXIZZZYXIIII', 'XIZZIZXYZXII', 'XYZIZIYYZIII', 'ZIXYZZZIYYII', 'XXIZZZYXIIII', 'IIYXYYZZZZII', 'YZYXZIZIXZXY', 'ZYXIZZZZZYYI', 'XIZZIZXYZXII', 'XIIIZZXYYIXY', 'YZXZZIZZYZYI', 'ZZZIZIIZXXXY', 'YZYXZIZIXZXY', 'XXIZZZYXIIII', 'XIIIZZXYYIXY', 'ZIXYZZZIYYII', 'YZXZZIZZYZYI', 'YXIIZZIIYYII', 'XIZZIZXYZXII', 'YZYXZIZIXZXY', 'XIIIZZXYYIXY', 'YZIXZZZIIYYI', 'XXIZZZYXIIII', 'ZXIIIZZZZYII', 'ZZYXIZYYIIII', 'ZYXIZZZZZYYI']
 Finished:     -15.525909580292
 Error:       0.002869093106
1.7




 --------------------------------------------------------------------------
                         ADAPT-VQE iteration:  43
 --------------------------------------------------------------------------
0.0016910168063148604
['ZXIIIZZZZYII', 'ZZYXIZYYIIII', 'XYZIZIYYZIII', 'YZYXZIZIXZXY', 'YZIXZZZIIYYI', 'IIYXYYZZZZII', 'XIIIZZXYYIXY', 'IXXZIIIZZXYI', 'IZZZYYYXYXXY', 'XYZIZIYYZIII', 'XXIZZZYXIIII', 'XIIIZZXYYIXY', 'ZZZIZIIZXXXY', 'IZZZYYYXYXXY', 'YZYXZIZIXZXY', 'XIIIZZXYYIXY', 'YZIXZZZIIYYI', 'YXIIZZIIYYII', 'XXIZZZYXIIII', 'XIZZIZXYZXII', 'XYZIZIYYZIII', 'ZIXYZZZIYYII', 'XXIZZZYXIIII', 'IIYXYYZZZZII', 'YZYXZIZIXZXY', 'ZYXIZZZZZYYI', 'XIZZIZXYZXII', 'XIIIZZXYYIXY', 'YZXZZIZZYZYI', 'ZZZIZIIZXXXY', 'YZYXZIZIXZXY', 'XXIZZZYXIIII', 'XIIIZZXYYIXY', 'ZIXYZZZIYYII', 'YZXZZIZZYZYI', 'YXIIZZIIYYII', 'XIZZIZXYZXII', 'YZYXZIZIXZXY', 'XIIIZZXYYIXY', 'YZIXZZZIIYYI', 'XXIZZZYXIIII', 'ZXIIIZZZZYII', 'ZZYXIZYYIIII', 'ZYXIZZZZZYYI']
 Finished:     -15.525912282241
 Error:       0.002866391157
1.7




 --------------------------------------------------------------------------
                         ADAPT-VQE iteration:  44
 --------------------------------------------------------------------------
0.003146129817872479
['ZXIIIZZZZYII', 'ZZYXIZYYIIII', 'XYZIZIYYZIII', 'YZYXZIZIXZXY', 'YZIXZZZIIYYI', 'IIYXYYZZZZII', 'XIIIZZXYYIXY', 'IXXZIIIZZXYI', 'IZZZYYYXYXXY', 'XYZIZIYYZIII', 'XXIZZZYXIIII', 'XIIIZZXYYIXY', 'ZZZIZIIZXXXY', 'IZZZYYYXYXXY', 'YZYXZIZIXZXY', 'XIIIZZXYYIXY', 'YZIXZZZIIYYI', 'YXIIZZIIYYII', 'XXIZZZYXIIII', 'XIZZIZXYZXII', 'XYZIZIYYZIII', 'ZIXYZZZIYYII', 'XXIZZZYXIIII', 'IIYXYYZZZZII', 'YZYXZIZIXZXY', 'XIIIZZXYYIXY', 'ZYXIZZZZZYYI', 'XIZZIZXYZXII', 'XIIIZZXYYIXY', 'YZXZZIZZYZYI', 'ZZZIZIIZXXXY', 'YZYXZIZIXZXY', 'XXIZZZYXIIII', 'XIIIZZXYYIXY', 'ZIXYZZZIYYII', 'YZXZZIZZYZYI', 'YXIIZZIIYYII', 'XIZZIZXYZXII', 'YZYXZIZIXZXY', 'XIIIZZXYYIXY', 'YZIXZZZIIYYI', 'XXIZZZYXIIII', 'ZXIIIZZZZYII', 'ZZYXIZYYIIII', 'ZYXIZZZZZYYI']
 Finished:     -15.525946375146
 Error:       0.002832298252
1.7




 --------------------------------------------------------------------------
                         ADAPT-VQE iteration:  45
 --------------------------------------------------------------------------
0.002174537030292973
['ZXIIIZZZZYII', 'ZZYXIZYYIIII', 'XYZIZIYYZIII', 'YZYXZIZIXZXY', 'YZIXZZZIIYYI', 'IIYXYYZZZZII', 'XIIIZZXYYIXY', 'IXXZIIIZZXYI', 'IZZZYYYXYXXY', 'XYZIZIYYZIII', 'XXIZZZYXIIII', 'XIIIZZXYYIXY', 'ZZZIZIIZXXXY', 'IZZZYYYXYXXY', 'YZYXZIZIXZXY', 'XIIIZZXYYIXY', 'YZIXZZZIIYYI', 'YXIIZZIIYYII', 'XXIZZZYXIIII', 'XIZZIZXYZXII', 'XYZIZIYYZIII', 'ZIXYZZZIYYII', 'XXIZZZYXIIII', 'IIYXYYZZZZII', 'YZYXZIZIXZXY', 'XIIIZZXYYIXY', 'ZYXIZZZZZYYI', 'XIZZIZXYZXII', 'XIIIZZXYYIXY', 'YZXZZIZZYZYI', 'ZZZIZIIZXXXY', 'YZYXZIZIXZXY', 'XXIZZZYXIIII', 'XIIIZZXYYIXY', 'XIZZIZXYZXII', 'ZIXYZZZIYYII', 'YZXZZIZZYZYI', 'YXIIZZIIYYII', 'XIZZIZXYZXII', 'YZYXZIZIXZXY', 'XIIIZZXYYIXY', 'YZIXZZZIIYYI', 'XXIZZZYXIIII', 'ZXIIIZZZZYII', 'ZZYXIZYYIIII', 'ZYXIZZZZZYYI']
 Finished:     -15.525970527116
 Error:       0.002808146283
1.7




 --------------------------------------------------------------------------
                         ADAPT-VQE iteration:  46
 --------------------------------------------------------------------------
0.0018015603793081647
['ZXIIIZZZZYII', 'ZZYXIZYYIIII', 'XYZIZIYYZIII', 'YZYXZIZIXZXY', 'YZIXZZZIIYYI', 'IIYXYYZZZZII', 'XIIIZZXYYIXY', 'IXXZIIIZZXYI', 'IZZZYYYXYXXY', 'XYZIZIYYZIII', 'XXIZZZYXIIII', 'XIIIZZXYYIXY', 'YZYXZIZIXZXY', 'ZZZIZIIZXXXY', 'IZZZYYYXYXXY', 'YZYXZIZIXZXY', 'XIIIZZXYYIXY', 'YZIXZZZIIYYI', 'YXIIZZIIYYII', 'XXIZZZYXIIII', 'XIZZIZXYZXII', 'XYZIZIYYZIII', 'ZIXYZZZIYYII', 'XXIZZZYXIIII', 'IIYXYYZZZZII', 'YZYXZIZIXZXY', 'XIIIZZXYYIXY', 'ZYXIZZZZZYYI', 'XIZZIZXYZXII', 'XIIIZZXYYIXY', 'YZXZZIZZYZYI', 'ZZZIZIIZXXXY', 'YZYXZIZIXZXY', 'XXIZZZYXIIII', 'XIIIZZXYYIXY', 'XIZZIZXYZXII', 'ZIXYZZZIYYII', 'YZXZZIZZYZYI', 'YXIIZZIIYYII', 'XIZZIZXYZXII', 'YZYXZIZIXZXY', 'XIIIZZXYYIXY', 'YZIXZZZIIYYI', 'XXIZZZYXIIII', 'ZXIIIZZZZYII', 'ZZYXIZYYIIII', 'ZYXIZZZZZYYI']
 Finished:     -15.526023939174
 Error:       0.002754734224
1.7




 --------------------------------------------------------------------------
                         ADAPT-VQE iteration:  47
 --------------------------------------------------------------------------
0.0019838494126293246
['ZXIIIZZZZYII', 'ZZYXIZYYIIII', 'XYZIZIYYZIII', 'YZYXZIZIXZXY', 'YZIXZZZIIYYI', 'IIYXYYZZZZII', 'XIIIZZXYYIXY', 'IXXZIIIZZXYI', 'IZZZYYYXYXXY', 'XYZIZIYYZIII', 'XXIZZZYXIIII', 'XIIIZZXYYIXY', 'YZYXZIZIXZXY', 'ZZZIZIIZXXXY', 'IZZZYYYXYXXY', 'YZYXZIZIXZXY', 'XIIIZZXYYIXY', 'YZIXZZZIIYYI', 'YXIIZZIIYYII', 'XXIZZZYXIIII', 'XIZZIZXYZXII', 'XYZIZIYYZIII', 'ZIXYZZZIYYII', 'IXXZIIIZZXYI', 'XXIZZZYXIIII', 'IIYXYYZZZZII', 'YZYXZIZIXZXY', 'XIIIZZXYYIXY', 'ZYXIZZZZZYYI', 'XIZZIZXYZXII', 'XIIIZZXYYIXY', 'YZXZZIZZYZYI', 'ZZZIZIIZXXXY', 'YZYXZIZIXZXY', 'XXIZZZYXIIII', 'XIIIZZXYYIXY', 'XIZZIZXYZXII', 'ZIXYZZZIYYII', 'YZXZZIZZYZYI', 'YXIIZZIIYYII', 'XIZZIZXYZXII', 'YZYXZIZIXZXY', 'XIIIZZXYYIXY', 'YZIXZZZIIYYI', 'XXIZZZYXIIII', 'ZXIIIZZZZYII', 'ZZYXIZYYIIII', 'ZYXIZZZZZYYI']
 Finished:     -15.526060986351
 Error:       0.002717687047
1.7




 --------------------------------------------------------------------------
                         ADAPT-VQE iteration:  48
 --------------------------------------------------------------------------
0.0016745648606670748
['ZXIIIZZZZYII', 'ZZYXIZYYIIII', 'XYZIZIYYZIII', 'YZYXZIZIXZXY', 'YZIXZZZIIYYI', 'IIYXYYZZZZII', 'XIIIZZXYYIXY', 'IXXZIIIZZXYI', 'IZZZYYYXYXXY', 'XYZIZIYYZIII', 'XXIZZZYXIIII', 'XIIIZZXYYIXY', 'YXIIZZIIYYII', 'YZYXZIZIXZXY', 'ZZZIZIIZXXXY', 'IZZZYYYXYXXY', 'YZYXZIZIXZXY', 'XIIIZZXYYIXY', 'YZIXZZZIIYYI', 'YXIIZZIIYYII', 'XXIZZZYXIIII', 'XIZZIZXYZXII', 'XYZIZIYYZIII', 'ZIXYZZZIYYII', 'IXXZIIIZZXYI', 'XXIZZZYXIIII', 'IIYXYYZZZZII', 'YZYXZIZIXZXY', 'XIIIZZXYYIXY', 'ZYXIZZZZZYYI', 'XIZZIZXYZXII', 'XIIIZZXYYIXY', 'YZXZZIZZYZYI', 'ZZZIZIIZXXXY', 'YZYXZIZIXZXY', 'XXIZZZYXIIII', 'XIIIZZXYYIXY', 'XIZZIZXYZXII', 'ZIXYZZZIYYII', 'YZXZZIZZYZYI', 'YXIIZZIIYYII', 'XIZZIZXYZXII', 'YZYXZIZIXZXY', 'XIIIZZXYYIXY', 'YZIXZZZIIYYI', 'XXIZZZYXIIII', 'ZXIIIZZZZYII', 'ZZYXIZYYIIII', 'ZYXIZZZZZYYI']
 Finished:     -15.526104722990
 Error:       0.002673950408
1.7




 --------------------------------------------------------------------------
                         ADAPT-VQE iteration:  49
 --------------------------------------------------------------------------
0.0019708139047426533
slurmstepd: error: *** JOB 132327 ON tc093 CANCELLED AT 2021-04-09T10:56:34 ***
