The list of distances to compute is: [1.0, 1.1, 1.2, 1.3, 1.4, 1.5, 1.6, 1.7, 1.8, 1.9]
I am the distance: 1.9
H 0 0 0; Be 0 0 1.9; H 0 0 3.8
Problem reduced to 12 qubits.
HF energy:                -15.3945381153516188
Active space FCI energy:   -15.4731157302444391
n_electrons: 4
0.0
molecule.n_orbitals: 6
 adapt threshold: 1e-07
 theta threshold: 1e-10
 Generate Sparse Matrices for operators in pool
Ground state energy: -15.47311573024446
initial energy -15.394538115351619
 Start ADAPT-VQE algorithm
 Now start to grow the ansatz




 --------------------------------------------------------------------------
                         ADAPT-VQE iteration:  0
 --------------------------------------------------------------------------
0.0
['ZYXIZZZZZYYI']
 Finished:     -15.403207181247
 Error:       0.069908548998
1.9




 --------------------------------------------------------------------------
                         ADAPT-VQE iteration:  1
 --------------------------------------------------------------------------
0.22115864282061076
['ZIXYZZZIYYII', 'ZYXIZZZZZYYI']
 Finished:     -15.423240895154
 Error:       0.049874835091
1.9




 --------------------------------------------------------------------------
                         ADAPT-VQE iteration:  2
 --------------------------------------------------------------------------
0.13149692289598852
['ZIXYZZZIYYII', 'YXIIZZIIYYII', 'ZYXIZZZZZYYI']
 Finished:     -15.429184449010
 Error:       0.043931281234
1.9




 --------------------------------------------------------------------------
                         ADAPT-VQE iteration:  3
 --------------------------------------------------------------------------
0.1474746620045795
['YZIXZZZIIYYI', 'ZIXYZZZIYYII', 'YXIIZZIIYYII', 'ZYXIZZZZZYYI']
 Finished:     -15.435837414650
 Error:       0.037278315595
1.9




 --------------------------------------------------------------------------
                         ADAPT-VQE iteration:  4
 --------------------------------------------------------------------------
0.08216947171742159
['YZIXZZZIIYYI', 'ZIXYZZZIYYII', 'YXIIZZIIYYII', 'XXIZZZYXIIII', 'ZYXIZZZZZYYI']
 Finished:     -15.438062500306
 Error:       0.035053229939
1.9




 --------------------------------------------------------------------------
                         ADAPT-VQE iteration:  5
 --------------------------------------------------------------------------
0.044067401377501814
['YZIXZZZIIYYI', 'ZZZIZIIZXXXY', 'ZIXYZZZIYYII', 'YXIIZZIIYYII', 'XXIZZZYXIIII', 'ZYXIZZZZZYYI']
 Finished:     -15.438206736171
 Error:       0.034908994074
1.9




 --------------------------------------------------------------------------
                         ADAPT-VQE iteration:  6
 --------------------------------------------------------------------------
0.04995650026850926
['YZIXZZZIIYYI', 'ZZZIZIIZXXXY', 'ZIXYZZZIYYII', 'ZZZIZIIZXXXY', 'YXIIZZIIYYII', 'XXIZZZYXIIII', 'ZYXIZZZZZYYI']
 Finished:     -15.443876269305
 Error:       0.029239460939
1.9




 --------------------------------------------------------------------------
                         ADAPT-VQE iteration:  7
 --------------------------------------------------------------------------
0.08115491306045261
['YZIXZZZIIYYI', 'ZZZIZIIZXXXY', 'YZIXZZZIIYYI', 'ZIXYZZZIYYII', 'ZZZIZIIZXXXY', 'YXIIZZIIYYII', 'XXIZZZYXIIII', 'ZYXIZZZZZYYI']
 Finished:     -15.452911986244
 Error:       0.020203744000
1.9




 --------------------------------------------------------------------------
                         ADAPT-VQE iteration:  8
 --------------------------------------------------------------------------
0.05380695640730872
['YZIXZZZIIYYI', 'ZZZIZIIZXXXY', 'YZIXZZZIIYYI', 'ZIXYZZZIYYII', 'ZYXIZZZZZYYI', 'ZZZIZIIZXXXY', 'YXIIZZIIYYII', 'XXIZZZYXIIII', 'ZYXIZZZZZYYI']
 Finished:     -15.457515329375
 Error:       0.015600400869
1.9




 --------------------------------------------------------------------------
                         ADAPT-VQE iteration:  9
 --------------------------------------------------------------------------
0.05767087752578218
['YXIIZZIIYYII', 'YZIXZZZIIYYI', 'ZZZIZIIZXXXY', 'YZIXZZZIIYYI', 'ZIXYZZZIYYII', 'ZYXIZZZZZYYI', 'ZZZIZIIZXXXY', 'YXIIZZIIYYII', 'XXIZZZYXIIII', 'ZYXIZZZZZYYI']
 Finished:     -15.459951594347
 Error:       0.013164135898
1.9




 --------------------------------------------------------------------------
                         ADAPT-VQE iteration:  10
 --------------------------------------------------------------------------
0.040219340492847686
['IXXZIIIZZXYI', 'YXIIZZIIYYII', 'YZIXZZZIIYYI', 'ZZZIZIIZXXXY', 'YZIXZZZIIYYI', 'ZIXYZZZIYYII', 'ZYXIZZZZZYYI', 'ZZZIZIIZXXXY', 'YXIIZZIIYYII', 'XXIZZZYXIIII', 'ZYXIZZZZZYYI']
 Finished:     -15.462311880600
 Error:       0.010803849644
1.9




 --------------------------------------------------------------------------
                         ADAPT-VQE iteration:  11
 --------------------------------------------------------------------------
0.042011281634970435
['IXXZIIIZZXYI', 'YXIIZZIIYYII', 'YZIXZZZIIYYI', 'ZZZIZIIZXXXY', 'YZIXZZZIIYYI', 'ZIXYZZZIYYII', 'ZYXIZZZZZYYI', 'ZZZIZIIZXXXY', 'YXIIZZIIYYII', 'YZYXZIZIXZXY', 'XXIZZZYXIIII', 'ZYXIZZZZZYYI']
 Finished:     -15.462638621071
 Error:       0.010477109174
1.9




 --------------------------------------------------------------------------
                         ADAPT-VQE iteration:  12
 --------------------------------------------------------------------------
0.02998377063995179
['IXXZIIIZZXYI', 'YXIIZZIIYYII', 'YZIXZZZIIYYI', 'ZZZIZIIZXXXY', 'YZIXZZZIIYYI', 'ZIXYZZZIYYII', 'ZYXIZZZZZYYI', 'ZZZIZIIZXXXY', 'YZXZZIZZYZYI', 'YXIIZZIIYYII', 'YZYXZIZIXZXY', 'XXIZZZYXIIII', 'ZYXIZZZZZYYI']
 Finished:     -15.462984396566
 Error:       0.010131333679
1.9




 --------------------------------------------------------------------------
                         ADAPT-VQE iteration:  13
 --------------------------------------------------------------------------
0.0198108060044502
['YZXZZIZZYZYI', 'IXXZIIIZZXYI', 'YXIIZZIIYYII', 'YZIXZZZIIYYI', 'ZZZIZIIZXXXY', 'YZIXZZZIIYYI', 'ZIXYZZZIYYII', 'ZYXIZZZZZYYI', 'ZZZIZIIZXXXY', 'YZXZZIZZYZYI', 'YXIIZZIIYYII', 'YZYXZIZIXZXY', 'XXIZZZYXIIII', 'ZYXIZZZZZYYI']
 Finished:     -15.465638163829
 Error:       0.007477566416
1.9




 --------------------------------------------------------------------------
                         ADAPT-VQE iteration:  14
 --------------------------------------------------------------------------
0.026396809574856746
['XYZIZIYYZIII', 'YZXZZIZZYZYI', 'IXXZIIIZZXYI', 'YXIIZZIIYYII', 'YZIXZZZIIYYI', 'ZZZIZIIZXXXY', 'YZIXZZZIIYYI', 'ZIXYZZZIYYII', 'ZYXIZZZZZYYI', 'ZZZIZIIZXXXY', 'YZXZZIZZYZYI', 'YXIIZZIIYYII', 'YZYXZIZIXZXY', 'XXIZZZYXIIII', 'ZYXIZZZZZYYI']
 Finished:     -15.466082468914
 Error:       0.007033261330
1.9




 --------------------------------------------------------------------------
                         ADAPT-VQE iteration:  15
 --------------------------------------------------------------------------
0.025220682649107803
['XYZIZIYYZIII', 'YZXZZIZZYZYI', 'IXXZIIIZZXYI', 'YXIIZZIIYYII', 'YZIXZZZIIYYI', 'IXXZIIIZZXYI', 'ZZZIZIIZXXXY', 'YZIXZZZIIYYI', 'ZIXYZZZIYYII', 'ZYXIZZZZZYYI', 'ZZZIZIIZXXXY', 'YZXZZIZZYZYI', 'YXIIZZIIYYII', 'YZYXZIZIXZXY', 'XXIZZZYXIIII', 'ZYXIZZZZZYYI']
 Finished:     -15.466524114149
 Error:       0.006591616096
1.9




 --------------------------------------------------------------------------
                         ADAPT-VQE iteration:  16
 --------------------------------------------------------------------------
0.029551034461822223
['XYZIZIYYZIII', 'YZXZZIZZYZYI', 'IXXZIIIZZXYI', 'YXIIZZIIYYII', 'YZIXZZZIIYYI', 'IXXZIIIZZXYI', 'ZZZIZIIZXXXY', 'YZIXZZZIIYYI', 'ZIXYZZZIYYII', 'ZYXIZZZZZYYI', 'ZIXYZZZIYYII', 'ZZZIZIIZXXXY', 'YZXZZIZZYZYI', 'YXIIZZIIYYII', 'YZYXZIZIXZXY', 'XXIZZZYXIIII', 'ZYXIZZZZZYYI']
 Finished:     -15.468538670192
 Error:       0.004577060053
1.9




 --------------------------------------------------------------------------
                         ADAPT-VQE iteration:  17
 --------------------------------------------------------------------------
0.017562547921499375
['XYZIZIYYZIII', 'YZXZZIZZYZYI', 'IXXZIIIZZXYI', 'YXIIZZIIYYII', 'YZIXZZZIIYYI', 'IXXZIIIZZXYI', 'ZZZIZIIZXXXY', 'YZIXZZZIIYYI', 'ZIXYZZZIYYII', 'ZYXIZZZZZYYI', 'ZIXYZZZIYYII', 'ZZZIZIIZXXXY', 'YZXZZIZZYZYI', 'YXIIZZIIYYII', 'XIZZIZXYZXII', 'YZYXZIZIXZXY', 'XXIZZZYXIIII', 'ZYXIZZZZZYYI']
 Finished:     -15.468601869520
 Error:       0.004513860724
1.9




 --------------------------------------------------------------------------
                         ADAPT-VQE iteration:  18
 --------------------------------------------------------------------------
0.015998850592087634
['XYZIZIYYZIII', 'YZXZZIZZYZYI', 'IXXZIIIZZXYI', 'YXIIZZIIYYII', 'YZIXZZZIIYYI', 'IXXZIIIZZXYI', 'ZZZIZIIZXXXY', 'YZIXZZZIIYYI', 'ZIXYZZZIYYII', 'ZYXIZZZZZYYI', 'ZIXYZZZIYYII', 'ZZZIZIIZXXXY', 'YZXZZIZZYZYI', 'ZZYXIZYYIIII', 'YXIIZZIIYYII', 'XIZZIZXYZXII', 'YZYXZIZIXZXY', 'XXIZZZYXIIII', 'ZYXIZZZZZYYI']
 Finished:     -15.468670315654
 Error:       0.004445414590
1.9




 --------------------------------------------------------------------------
                         ADAPT-VQE iteration:  19
 --------------------------------------------------------------------------
0.011681528582388419
['XYZIZIYYZIII', 'YZXZZIZZYZYI', 'IXXZIIIZZXYI', 'YXIIZZIIYYII', 'YZIXZZZIIYYI', 'IXXZIIIZZXYI', 'ZZZIZIIZXXXY', 'ZXIIIZZZZYII', 'YZIXZZZIIYYI', 'ZIXYZZZIYYII', 'ZYXIZZZZZYYI', 'ZIXYZZZIYYII', 'ZZZIZIIZXXXY', 'YZXZZIZZYZYI', 'ZZYXIZYYIIII', 'YXIIZZIIYYII', 'XIZZIZXYZXII', 'YZYXZIZIXZXY', 'XXIZZZYXIIII', 'ZYXIZZZZZYYI']
 Finished:     -15.468727788703
 Error:       0.004387941541
1.9




 --------------------------------------------------------------------------
                         ADAPT-VQE iteration:  20
 --------------------------------------------------------------------------
0.011200558651409325
['XYZIZIYYZIII', 'YZXZZIZZYZYI', 'IXXZIIIZZXYI', 'YXIIZZIIYYII', 'YZIXZZZIIYYI', 'IXXZIIIZZXYI', 'ZZZIZIIZXXXY', 'ZXIIIZZZZYII', 'YZIXZZZIIYYI', 'ZIXYZZZIYYII', 'ZYXIZZZZZYYI', 'XIIIZZXYYIXY', 'ZIXYZZZIYYII', 'ZZZIZIIZXXXY', 'YZXZZIZZYZYI', 'ZZYXIZYYIIII', 'YXIIZZIIYYII', 'XIZZIZXYZXII', 'YZYXZIZIXZXY', 'XXIZZZYXIIII', 'ZYXIZZZZZYYI']
 Finished:     -15.468744344470
 Error:       0.004371385774
1.9




 --------------------------------------------------------------------------
                         ADAPT-VQE iteration:  21
 --------------------------------------------------------------------------
0.00931223065091093
['XYZIZIYYZIII', 'YZXZZIZZYZYI', 'IXXZIIIZZXYI', 'YXIIZZIIYYII', 'YZIXZZZIIYYI', 'IXXZIIIZZXYI', 'ZZZIZIIZXXXY', 'XXIZZZYXIIII', 'ZXIIIZZZZYII', 'YZIXZZZIIYYI', 'ZIXYZZZIYYII', 'ZYXIZZZZZYYI', 'XIIIZZXYYIXY', 'ZIXYZZZIYYII', 'ZZZIZIIZXXXY', 'YZXZZIZZYZYI', 'ZZYXIZYYIIII', 'YXIIZZIIYYII', 'XIZZIZXYZXII', 'YZYXZIZIXZXY', 'XXIZZZYXIIII', 'ZYXIZZZZZYYI']
 Finished:     -15.468814882872
 Error:       0.004300847372
1.9




 --------------------------------------------------------------------------
                         ADAPT-VQE iteration:  22
 --------------------------------------------------------------------------
0.009724305378077329
['YZYXZIZIXZXY', 'XYZIZIYYZIII', 'YZXZZIZZYZYI', 'IXXZIIIZZXYI', 'YXIIZZIIYYII', 'YZIXZZZIIYYI', 'IXXZIIIZZXYI', 'ZZZIZIIZXXXY', 'XXIZZZYXIIII', 'ZXIIIZZZZYII', 'YZIXZZZIIYYI', 'ZIXYZZZIYYII', 'ZYXIZZZZZYYI', 'XIIIZZXYYIXY', 'ZIXYZZZIYYII', 'ZZZIZIIZXXXY', 'YZXZZIZZYZYI', 'ZZYXIZYYIIII', 'YXIIZZIIYYII', 'XIZZIZXYZXII', 'YZYXZIZIXZXY', 'XXIZZZYXIIII', 'ZYXIZZZZZYYI']
 Finished:     -15.468880670492
 Error:       0.004235059753
1.9




 --------------------------------------------------------------------------
                         ADAPT-VQE iteration:  23
 --------------------------------------------------------------------------
0.009078667014698671
['YZYXZIZIXZXY', 'XYZIZIYYZIII', 'YZXZZIZZYZYI', 'IXXZIIIZZXYI', 'YXIIZZIIYYII', 'YZIXZZZIIYYI', 'IXXZIIIZZXYI', 'ZZZIZIIZXXXY', 'XXIZZZYXIIII', 'ZXIIIZZZZYII', 'YZIXZZZIIYYI', 'ZIXYZZZIYYII', 'ZYXIZZZZZYYI', 'XIIIZZXYYIXY', 'IIYXYYZZZZII', 'ZIXYZZZIYYII', 'ZZZIZIIZXXXY', 'YZXZZIZZYZYI', 'ZZYXIZYYIIII', 'YXIIZZIIYYII', 'XIZZIZXYZXII', 'YZYXZIZIXZXY', 'XXIZZZYXIIII', 'ZYXIZZZZZYYI']
 Finished:     -15.468899892238
 Error:       0.004215838006
1.9




 --------------------------------------------------------------------------
                         ADAPT-VQE iteration:  24
 --------------------------------------------------------------------------
0.011851159486747812
['YZYXZIZIXZXY', 'XYZIZIYYZIII', 'YZXZZIZZYZYI', 'IXXZIIIZZXYI', 'YXIIZZIIYYII', 'YZIXZZZIIYYI', 'IIYXYYZZZZII', 'IXXZIIIZZXYI', 'ZZZIZIIZXXXY', 'XXIZZZYXIIII', 'ZXIIIZZZZYII', 'YZIXZZZIIYYI', 'ZIXYZZZIYYII', 'ZYXIZZZZZYYI', 'XIIIZZXYYIXY', 'IIYXYYZZZZII', 'ZIXYZZZIYYII', 'ZZZIZIIZXXXY', 'YZXZZIZZYZYI', 'ZZYXIZYYIIII', 'YXIIZZIIYYII', 'XIZZIZXYZXII', 'YZYXZIZIXZXY', 'XXIZZZYXIIII', 'ZYXIZZZZZYYI']
 Finished:     -15.468934402117
 Error:       0.004181328127
1.9




 --------------------------------------------------------------------------
                         ADAPT-VQE iteration:  25
 --------------------------------------------------------------------------
0.009846661400057289
['IIYXYYZZZZII', 'YZYXZIZIXZXY', 'XYZIZIYYZIII', 'YZXZZIZZYZYI', 'IXXZIIIZZXYI', 'YXIIZZIIYYII', 'YZIXZZZIIYYI', 'IIYXYYZZZZII', 'IXXZIIIZZXYI', 'ZZZIZIIZXXXY', 'XXIZZZYXIIII', 'ZXIIIZZZZYII', 'YZIXZZZIIYYI', 'ZIXYZZZIYYII', 'ZYXIZZZZZYYI', 'XIIIZZXYYIXY', 'IIYXYYZZZZII', 'ZIXYZZZIYYII', 'ZZZIZIIZXXXY', 'YZXZZIZZYZYI', 'ZZYXIZYYIIII', 'YXIIZZIIYYII', 'XIZZIZXYZXII', 'YZYXZIZIXZXY', 'XXIZZZYXIIII', 'ZYXIZZZZZYYI']
 Finished:     -15.468973707032
 Error:       0.004142023212
1.9




 --------------------------------------------------------------------------
                         ADAPT-VQE iteration:  26
 --------------------------------------------------------------------------
0.006907482371455902
['IIYXYYZZZZII', 'YZYXZIZIXZXY', 'XYZIZIYYZIII', 'YZXZZIZZYZYI', 'IXXZIIIZZXYI', 'YXIIZZIIYYII', 'YZIXZZZIIYYI', 'IIYXYYZZZZII', 'IXXZIIIZZXYI', 'ZZZIZIIZXXXY', 'XXIZZZYXIIII', 'ZXIIIZZZZYII', 'YZIXZZZIIYYI', 'ZIXYZZZIYYII', 'ZYXIZZZZZYYI', 'ZXIIIZZZZYII', 'XIIIZZXYYIXY', 'IIYXYYZZZZII', 'ZIXYZZZIYYII', 'ZZZIZIIZXXXY', 'YZXZZIZZYZYI', 'ZZYXIZYYIIII', 'YXIIZZIIYYII', 'XIZZIZXYZXII', 'YZYXZIZIXZXY', 'XXIZZZYXIIII', 'ZYXIZZZZZYYI']
 Finished:     -15.469000625937
 Error:       0.004115104308
1.9




 --------------------------------------------------------------------------
                         ADAPT-VQE iteration:  27
 --------------------------------------------------------------------------
0.0063713980938435305
['IIYXYYZZZZII', 'YZYXZIZIXZXY', 'XYZIZIYYZIII', 'YZXZZIZZYZYI', 'IXXZIIIZZXYI', 'YXIIZZIIYYII', 'YZIXZZZIIYYI', 'IIYXYYZZZZII', 'IXXZIIIZZXYI', 'ZZZIZIIZXXXY', 'XIZZIZXYZXII', 'XXIZZZYXIIII', 'ZXIIIZZZZYII', 'YZIXZZZIIYYI', 'ZIXYZZZIYYII', 'ZYXIZZZZZYYI', 'ZXIIIZZZZYII', 'XIIIZZXYYIXY', 'IIYXYYZZZZII', 'ZIXYZZZIYYII', 'ZZZIZIIZXXXY', 'YZXZZIZZYZYI', 'ZZYXIZYYIIII', 'YXIIZZIIYYII', 'XIZZIZXYZXII', 'YZYXZIZIXZXY', 'XXIZZZYXIIII', 'ZYXIZZZZZYYI']
 Finished:     -15.469010738357
 Error:       0.004104991887
1.9




 --------------------------------------------------------------------------
                         ADAPT-VQE iteration:  28
 --------------------------------------------------------------------------
0.0052408986826398656
['IIYXYYZZZZII', 'YZYXZIZIXZXY', 'XYZIZIYYZIII', 'YZXZZIZZYZYI', 'IXXZIIIZZXYI', 'YXIIZZIIYYII', 'YZIXZZZIIYYI', 'IIYXYYZZZZII', 'IXXZIIIZZXYI', 'ZZZIZIIZXXXY', 'XIZZIZXYZXII', 'XXIZZZYXIIII', 'ZXIIIZZZZYII', 'YZIXZZZIIYYI', 'ZIXYZZZIYYII', 'ZYXIZZZZZYYI', 'ZXIIIZZZZYII', 'XIIIZZXYYIXY', 'IIYXYYZZZZII', 'ZIXYZZZIYYII', 'XXIZZZYXIIII', 'ZZZIZIIZXXXY', 'YZXZZIZZYZYI', 'ZZYXIZYYIIII', 'YXIIZZIIYYII', 'XIZZIZXYZXII', 'YZYXZIZIXZXY', 'XXIZZZYXIIII', 'ZYXIZZZZZYYI']
 Finished:     -15.469075954353
 Error:       0.004039775891
1.9




 --------------------------------------------------------------------------
                         ADAPT-VQE iteration:  29
 --------------------------------------------------------------------------
0.003852829061530315
['IIYXYYZZZZII', 'YZYXZIZIXZXY', 'XYZIZIYYZIII', 'YZXZZIZZYZYI', 'IXXZIIIZZXYI', 'YXIIZZIIYYII', 'XIIIZZXYYIXY', 'YZIXZZZIIYYI', 'IIYXYYZZZZII', 'IXXZIIIZZXYI', 'ZZZIZIIZXXXY', 'XIZZIZXYZXII', 'XXIZZZYXIIII', 'ZXIIIZZZZYII', 'YZIXZZZIIYYI', 'ZIXYZZZIYYII', 'ZYXIZZZZZYYI', 'ZXIIIZZZZYII', 'XIIIZZXYYIXY', 'IIYXYYZZZZII', 'ZIXYZZZIYYII', 'XXIZZZYXIIII', 'ZZZIZIIZXXXY', 'YZXZZIZZYZYI', 'ZZYXIZYYIIII', 'YXIIZZIIYYII', 'XIZZIZXYZXII', 'YZYXZIZIXZXY', 'XXIZZZYXIIII', 'ZYXIZZZZZYYI']
 Finished:     -15.469077206409
 Error:       0.004038523836
1.9




 --------------------------------------------------------------------------
                         ADAPT-VQE iteration:  30
 --------------------------------------------------------------------------
0.006014906552275706
['XIIIZZXYYIXY', 'IIYXYYZZZZII', 'YZYXZIZIXZXY', 'XYZIZIYYZIII', 'YZXZZIZZYZYI', 'IXXZIIIZZXYI', 'YXIIZZIIYYII', 'XIIIZZXYYIXY', 'YZIXZZZIIYYI', 'IIYXYYZZZZII', 'IXXZIIIZZXYI', 'ZZZIZIIZXXXY', 'XIZZIZXYZXII', 'XXIZZZYXIIII', 'ZXIIIZZZZYII', 'YZIXZZZIIYYI', 'ZIXYZZZIYYII', 'ZYXIZZZZZYYI', 'ZXIIIZZZZYII', 'XIIIZZXYYIXY', 'IIYXYYZZZZII', 'ZIXYZZZIYYII', 'XXIZZZYXIIII', 'ZZZIZIIZXXXY', 'YZXZZIZZYZYI', 'ZZYXIZYYIIII', 'YXIIZZIIYYII', 'XIZZIZXYZXII', 'YZYXZIZIXZXY', 'XXIZZZYXIIII', 'ZYXIZZZZZYYI']
 Finished:     -15.469114207387
 Error:       0.004001522857
1.9




 --------------------------------------------------------------------------
                         ADAPT-VQE iteration:  31
 --------------------------------------------------------------------------
0.004755394454474723
['XIIIZZXYYIXY', 'IIYXYYZZZZII', 'YZYXZIZIXZXY', 'XYZIZIYYZIII', 'YZXZZIZZYZYI', 'IXXZIIIZZXYI', 'YXIIZZIIYYII', 'XIIIZZXYYIXY', 'YZIXZZZIIYYI', 'IIYXYYZZZZII', 'IXXZIIIZZXYI', 'ZZZIZIIZXXXY', 'XIIIZZXYYIXY', 'XIZZIZXYZXII', 'XXIZZZYXIIII', 'ZXIIIZZZZYII', 'YZIXZZZIIYYI', 'ZIXYZZZIYYII', 'ZYXIZZZZZYYI', 'ZXIIIZZZZYII', 'XIIIZZXYYIXY', 'IIYXYYZZZZII', 'ZIXYZZZIYYII', 'XXIZZZYXIIII', 'ZZZIZIIZXXXY', 'YZXZZIZZYZYI', 'ZZYXIZYYIIII', 'YXIIZZIIYYII', 'XIZZIZXYZXII', 'YZYXZIZIXZXY', 'XXIZZZYXIIII', 'ZYXIZZZZZYYI']
 Finished:     -15.469116159974
 Error:       0.003999570270
1.9




 --------------------------------------------------------------------------
                         ADAPT-VQE iteration:  32
 --------------------------------------------------------------------------
0.0036878738091769064
['XIIIZZXYYIXY', 'IIYXYYZZZZII', 'YZYXZIZIXZXY', 'XYZIZIYYZIII', 'YZXZZIZZYZYI', 'IXXZIIIZZXYI', 'YXIIZZIIYYII', 'XIIIZZXYYIXY', 'YZIXZZZIIYYI', 'XIIIZZXYYIXY', 'IIYXYYZZZZII', 'IXXZIIIZZXYI', 'ZZZIZIIZXXXY', 'XIIIZZXYYIXY', 'XIZZIZXYZXII', 'XXIZZZYXIIII', 'ZXIIIZZZZYII', 'YZIXZZZIIYYI', 'ZIXYZZZIYYII', 'ZYXIZZZZZYYI', 'ZXIIIZZZZYII', 'XIIIZZXYYIXY', 'IIYXYYZZZZII', 'ZIXYZZZIYYII', 'XXIZZZYXIIII', 'ZZZIZIIZXXXY', 'YZXZZIZZYZYI', 'ZZYXIZYYIIII', 'YXIIZZIIYYII', 'XIZZIZXYZXII', 'YZYXZIZIXZXY', 'XXIZZZYXIIII', 'ZYXIZZZZZYYI']
 Finished:     -15.469139531858
 Error:       0.003976198386
1.9




 --------------------------------------------------------------------------
                         ADAPT-VQE iteration:  33
 --------------------------------------------------------------------------
0.0036042655304568605
['XIIIZZXYYIXY', 'IIYXYYZZZZII', 'YZYXZIZIXZXY', 'XYZIZIYYZIII', 'YZXZZIZZYZYI', 'IXXZIIIZZXYI', 'YXIIZZIIYYII', 'XYZIZIYYZIII', 'XIIIZZXYYIXY', 'YZIXZZZIIYYI', 'XIIIZZXYYIXY', 'IIYXYYZZZZII', 'IXXZIIIZZXYI', 'ZZZIZIIZXXXY', 'XIIIZZXYYIXY', 'XIZZIZXYZXII', 'XXIZZZYXIIII', 'ZXIIIZZZZYII', 'YZIXZZZIIYYI', 'ZIXYZZZIYYII', 'ZYXIZZZZZYYI', 'ZXIIIZZZZYII', 'XIIIZZXYYIXY', 'IIYXYYZZZZII', 'ZIXYZZZIYYII', 'XXIZZZYXIIII', 'ZZZIZIIZXXXY', 'YZXZZIZZYZYI', 'ZZYXIZYYIIII', 'YXIIZZIIYYII', 'XIZZIZXYZXII', 'YZYXZIZIXZXY', 'XXIZZZYXIIII', 'ZYXIZZZZZYYI']
 Finished:     -15.469156431947
 Error:       0.003959298297
1.9




 --------------------------------------------------------------------------
                         ADAPT-VQE iteration:  34
 --------------------------------------------------------------------------
0.004829055020024632
['XIIIZZXYYIXY', 'IIYXYYZZZZII', 'YZYXZIZIXZXY', 'XYZIZIYYZIII', 'YZXZZIZZYZYI', 'IXXZIIIZZXYI', 'YXIIZZIIYYII', 'XYZIZIYYZIII', 'XIIIZZXYYIXY', 'YZIXZZZIIYYI', 'XYZIZIYYZIII', 'XIIIZZXYYIXY', 'IIYXYYZZZZII', 'IXXZIIIZZXYI', 'ZZZIZIIZXXXY', 'XIIIZZXYYIXY', 'XIZZIZXYZXII', 'XXIZZZYXIIII', 'ZXIIIZZZZYII', 'YZIXZZZIIYYI', 'ZIXYZZZIYYII', 'ZYXIZZZZZYYI', 'ZXIIIZZZZYII', 'XIIIZZXYYIXY', 'IIYXYYZZZZII', 'ZIXYZZZIYYII', 'XXIZZZYXIIII', 'ZZZIZIIZXXXY', 'YZXZZIZZYZYI', 'ZZYXIZYYIIII', 'YXIIZZIIYYII', 'XIZZIZXYZXII', 'YZYXZIZIXZXY', 'XXIZZZYXIIII', 'ZYXIZZZZZYYI']
 Finished:     -15.469168263338
 Error:       0.003947466906
1.9




 --------------------------------------------------------------------------
                         ADAPT-VQE iteration:  35
 --------------------------------------------------------------------------
0.0032946389112570975
['XIIIZZXYYIXY', 'IIYXYYZZZZII', 'YZYXZIZIXZXY', 'XYZIZIYYZIII', 'YZXZZIZZYZYI', 'IXXZIIIZZXYI', 'YXIIZZIIYYII', 'XYZIZIYYZIII', 'XIIIZZXYYIXY', 'YZIXZZZIIYYI', 'XYZIZIYYZIII', 'XIIIZZXYYIXY', 'IIYXYYZZZZII', 'IXXZIIIZZXYI', 'ZZZIZIIZXXXY', 'XIIIZZXYYIXY', 'XIZZIZXYZXII', 'XXIZZZYXIIII', 'ZXIIIZZZZYII', 'YZIXZZZIIYYI', 'ZIXYZZZIYYII', 'ZYXIZZZZZYYI', 'ZXIIIZZZZYII', 'XIIIZZXYYIXY', 'IIYXYYZZZZII', 'ZIXYZZZIYYII', 'ZZYXIZYYIIII', 'XXIZZZYXIIII', 'ZZZIZIIZXXXY', 'YZXZZIZZYZYI', 'ZZYXIZYYIIII', 'YXIIZZIIYYII', 'XIZZIZXYZXII', 'YZYXZIZIXZXY', 'XXIZZZYXIIII', 'ZYXIZZZZZYYI']
 Finished:     -15.469174373674
 Error:       0.003941356570
1.9




 --------------------------------------------------------------------------
                         ADAPT-VQE iteration:  36
 --------------------------------------------------------------------------
0.004288809815420929
['XIIIZZXYYIXY', 'IIYXYYZZZZII', 'YZYXZIZIXZXY', 'XYZIZIYYZIII', 'YZXZZIZZYZYI', 'IXXZIIIZZXYI', 'YXIIZZIIYYII', 'XYZIZIYYZIII', 'XIIIZZXYYIXY', 'YZIXZZZIIYYI', 'XYZIZIYYZIII', 'XIIIZZXYYIXY', 'IIYXYYZZZZII', 'IXXZIIIZZXYI', 'ZZZIZIIZXXXY', 'XIIIZZXYYIXY', 'XIZZIZXYZXII', 'XXIZZZYXIIII', 'ZXIIIZZZZYII', 'YZIXZZZIIYYI', 'ZIXYZZZIYYII', 'ZYXIZZZZZYYI', 'ZXIIIZZZZYII', 'XIIIZZXYYIXY', 'IIYXYYZZZZII', 'ZIXYZZZIYYII', 'ZZYXIZYYIIII', 'XXIZZZYXIIII', 'ZZZIZIIZXXXY', 'YZXZZIZZYZYI', 'ZZYXIZYYIIII', 'YXIIZZIIYYII', 'XIZZIZXYZXII', 'YZYXZIZIXZXY', 'XIIIZZXYYIXY', 'XXIZZZYXIIII', 'ZYXIZZZZZYYI']
 Finished:     -15.469290322878
 Error:       0.003825407366
1.9




 --------------------------------------------------------------------------
                         ADAPT-VQE iteration:  37
 --------------------------------------------------------------------------
0.006047192649141193
['XIIIZZXYYIXY', 'IIYXYYZZZZII', 'YZYXZIZIXZXY', 'XYZIZIYYZIII', 'YZXZZIZZYZYI', 'IXXZIIIZZXYI', 'YXIIZZIIYYII', 'XYZIZIYYZIII', 'XIIIZZXYYIXY', 'YZIXZZZIIYYI', 'XYZIZIYYZIII', 'XIIIZZXYYIXY', 'IIYXYYZZZZII', 'IXXZIIIZZXYI', 'ZZZIZIIZXXXY', 'XIIIZZXYYIXY', 'XIZZIZXYZXII', 'XXIZZZYXIIII', 'ZXIIIZZZZYII', 'YZIXZZZIIYYI', 'ZIXYZZZIYYII', 'ZYXIZZZZZYYI', 'ZXIIIZZZZYII', 'XIIIZZXYYIXY', 'IIYXYYZZZZII', 'ZIXYZZZIYYII', 'ZZYXIZYYIIII', 'XXIZZZYXIIII', 'ZZZIZIIZXXXY', 'XIZZIZXYZXII', 'YZXZZIZZYZYI', 'ZZYXIZYYIIII', 'YXIIZZIIYYII', 'XIZZIZXYZXII', 'YZYXZIZIXZXY', 'XIIIZZXYYIXY', 'XXIZZZYXIIII', 'ZYXIZZZZZYYI']
 Finished:     -15.469340154286
 Error:       0.003775575958
1.9




 --------------------------------------------------------------------------
                         ADAPT-VQE iteration:  38
 --------------------------------------------------------------------------
0.0036780463232195023
['XIIIZZXYYIXY', 'IIYXYYZZZZII', 'YZYXZIZIXZXY', 'XYZIZIYYZIII', 'YZXZZIZZYZYI', 'IXXZIIIZZXYI', 'YXIIZZIIYYII', 'XYZIZIYYZIII', 'XIIIZZXYYIXY', 'YZIXZZZIIYYI', 'XYZIZIYYZIII', 'XIIIZZXYYIXY', 'IIYXYYZZZZII', 'IXXZIIIZZXYI', 'ZZZIZIIZXXXY', 'XIIIZZXYYIXY', 'XIZZIZXYZXII', 'XXIZZZYXIIII', 'ZXIIIZZZZYII', 'YZIXZZZIIYYI', 'ZIXYZZZIYYII', 'YZYXZIZIXZXY', 'ZYXIZZZZZYYI', 'ZXIIIZZZZYII', 'XIIIZZXYYIXY', 'IIYXYYZZZZII', 'ZIXYZZZIYYII', 'ZZYXIZYYIIII', 'XXIZZZYXIIII', 'ZZZIZIIZXXXY', 'XIZZIZXYZXII', 'YZXZZIZZYZYI', 'ZZYXIZYYIIII', 'YXIIZZIIYYII', 'XIZZIZXYZXII', 'YZYXZIZIXZXY', 'XIIIZZXYYIXY', 'XXIZZZYXIIII', 'ZYXIZZZZZYYI']
 Finished:     -15.469365238436
 Error:       0.003750491808
1.9




 --------------------------------------------------------------------------
                         ADAPT-VQE iteration:  39
 --------------------------------------------------------------------------
0.0036418696107757796
['XIIIZZXYYIXY', 'IIYXYYZZZZII', 'YZYXZIZIXZXY', 'XYZIZIYYZIII', 'YZXZZIZZYZYI', 'IXXZIIIZZXYI', 'YXIIZZIIYYII', 'XYZIZIYYZIII', 'XIIIZZXYYIXY', 'YZIXZZZIIYYI', 'XYZIZIYYZIII', 'XIIIZZXYYIXY', 'IIYXYYZZZZII', 'IXXZIIIZZXYI', 'ZZZIZIIZXXXY', 'XIIIZZXYYIXY', 'XIZZIZXYZXII', 'XXIZZZYXIIII', 'ZXIIIZZZZYII', 'YZIXZZZIIYYI', 'YXIIZZIIYYII', 'ZIXYZZZIYYII', 'YZYXZIZIXZXY', 'ZYXIZZZZZYYI', 'ZXIIIZZZZYII', 'XIIIZZXYYIXY', 'IIYXYYZZZZII', 'ZIXYZZZIYYII', 'ZZYXIZYYIIII', 'XXIZZZYXIIII', 'ZZZIZIIZXXXY', 'XIZZIZXYZXII', 'YZXZZIZZYZYI', 'ZZYXIZYYIIII', 'YXIIZZIIYYII', 'XIZZIZXYZXII', 'YZYXZIZIXZXY', 'XIIIZZXYYIXY', 'XXIZZZYXIIII', 'ZYXIZZZZZYYI']
 Finished:     -15.469471474639
 Error:       0.003644255605
1.9




 --------------------------------------------------------------------------
                         ADAPT-VQE iteration:  40
 --------------------------------------------------------------------------
0.004052655859177221
['XIIIZZXYYIXY', 'IIYXYYZZZZII', 'YZYXZIZIXZXY', 'XYZIZIYYZIII', 'YZXZZIZZYZYI', 'IXXZIIIZZXYI', 'IIYXYYZZZZII', 'YXIIZZIIYYII', 'XYZIZIYYZIII', 'XIIIZZXYYIXY', 'YZIXZZZIIYYI', 'XYZIZIYYZIII', 'XIIIZZXYYIXY', 'IIYXYYZZZZII', 'IXXZIIIZZXYI', 'ZZZIZIIZXXXY', 'XIIIZZXYYIXY', 'XIZZIZXYZXII', 'XXIZZZYXIIII', 'ZXIIIZZZZYII', 'YZIXZZZIIYYI', 'YXIIZZIIYYII', 'ZIXYZZZIYYII', 'YZYXZIZIXZXY', 'ZYXIZZZZZYYI', 'ZXIIIZZZZYII', 'XIIIZZXYYIXY', 'IIYXYYZZZZII', 'ZIXYZZZIYYII', 'ZZYXIZYYIIII', 'XXIZZZYXIIII', 'ZZZIZIIZXXXY', 'XIZZIZXYZXII', 'YZXZZIZZYZYI', 'ZZYXIZYYIIII', 'YXIIZZIIYYII', 'XIZZIZXYZXII', 'YZYXZIZIXZXY', 'XIIIZZXYYIXY', 'XXIZZZYXIIII', 'ZYXIZZZZZYYI']
 Finished:     -15.469491312921
 Error:       0.003624417323
1.9




 --------------------------------------------------------------------------
                         ADAPT-VQE iteration:  41
 --------------------------------------------------------------------------
0.002823719027842889
['XIIIZZXYYIXY', 'IIYXYYZZZZII', 'YZYXZIZIXZXY', 'XYZIZIYYZIII', 'YZXZZIZZYZYI', 'IXXZIIIZZXYI', 'IIYXYYZZZZII', 'YXIIZZIIYYII', 'XYZIZIYYZIII', 'XIIIZZXYYIXY', 'YZIXZZZIIYYI', 'XYZIZIYYZIII', 'XIIIZZXYYIXY', 'IIYXYYZZZZII', 'IXXZIIIZZXYI', 'ZZZIZIIZXXXY', 'XIIIZZXYYIXY', 'XIZZIZXYZXII', 'XXIZZZYXIIII', 'ZXIIIZZZZYII', 'ZZYXIZYYIIII', 'YZIXZZZIIYYI', 'YXIIZZIIYYII', 'ZIXYZZZIYYII', 'YZYXZIZIXZXY', 'ZYXIZZZZZYYI', 'ZXIIIZZZZYII', 'XIIIZZXYYIXY', 'IIYXYYZZZZII', 'ZIXYZZZIYYII', 'ZZYXIZYYIIII', 'XXIZZZYXIIII', 'ZZZIZIIZXXXY', 'XIZZIZXYZXII', 'YZXZZIZZYZYI', 'ZZYXIZYYIIII', 'YXIIZZIIYYII', 'XIZZIZXYZXII', 'YZYXZIZIXZXY', 'XIIIZZXYYIXY', 'XXIZZZYXIIII', 'ZYXIZZZZZYYI']
 Finished:     -15.469499247662
 Error:       0.003616482582
1.9




 --------------------------------------------------------------------------
                         ADAPT-VQE iteration:  42
 --------------------------------------------------------------------------
0.002826360283287147
['XIIIZZXYYIXY', 'IIYXYYZZZZII', 'YZYXZIZIXZXY', 'XYZIZIYYZIII', 'YZXZZIZZYZYI', 'IXXZIIIZZXYI', 'IIYXYYZZZZII', 'YXIIZZIIYYII', 'XYZIZIYYZIII', 'XIIIZZXYYIXY', 'YZIXZZZIIYYI', 'XYZIZIYYZIII', 'XIIIZZXYYIXY', 'IIYXYYZZZZII', 'IXXZIIIZZXYI', 'ZZZIZIIZXXXY', 'XIIIZZXYYIXY', 'XIZZIZXYZXII', 'XXIZZZYXIIII', 'ZXIIIZZZZYII', 'ZZYXIZYYIIII', 'YZIXZZZIIYYI', 'YXIIZZIIYYII', 'ZIXYZZZIYYII', 'YZYXZIZIXZXY', 'ZYXIZZZZZYYI', 'ZXIIIZZZZYII', 'XIIIZZXYYIXY', 'IIYXYYZZZZII', 'ZIXYZZZIYYII', 'ZZYXIZYYIIII', 'XXIZZZYXIIII', 'XXXZYXXXYXYI', 'ZZZIZIIZXXXY', 'XIZZIZXYZXII', 'YZXZZIZZYZYI', 'ZZYXIZYYIIII', 'YXIIZZIIYYII', 'XIZZIZXYZXII', 'YZYXZIZIXZXY', 'XIIIZZXYYIXY', 'XXIZZZYXIIII', 'ZYXIZZZZZYYI']
 Finished:     -15.469499703489
 Error:       0.003616026755
1.9




 --------------------------------------------------------------------------
                         ADAPT-VQE iteration:  43
 --------------------------------------------------------------------------
0.0026788129622498285
['XIIIZZXYYIXY', 'IIYXYYZZZZII', 'YZYXZIZIXZXY', 'XXXZYXXXYXYI', 'XYZIZIYYZIII', 'YZXZZIZZYZYI', 'IXXZIIIZZXYI', 'IIYXYYZZZZII', 'YXIIZZIIYYII', 'XYZIZIYYZIII', 'XIIIZZXYYIXY', 'YZIXZZZIIYYI', 'XYZIZIYYZIII', 'XIIIZZXYYIXY', 'IIYXYYZZZZII', 'IXXZIIIZZXYI', 'ZZZIZIIZXXXY', 'XIIIZZXYYIXY', 'XIZZIZXYZXII', 'XXIZZZYXIIII', 'ZXIIIZZZZYII', 'ZZYXIZYYIIII', 'YZIXZZZIIYYI', 'YXIIZZIIYYII', 'ZIXYZZZIYYII', 'YZYXZIZIXZXY', 'ZYXIZZZZZYYI', 'ZXIIIZZZZYII', 'XIIIZZXYYIXY', 'IIYXYYZZZZII', 'ZIXYZZZIYYII', 'ZZYXIZYYIIII', 'XXIZZZYXIIII', 'XXXZYXXXYXYI', 'ZZZIZIIZXXXY', 'XIZZIZXYZXII', 'YZXZZIZZYZYI', 'ZZYXIZYYIIII', 'YXIIZZIIYYII', 'XIZZIZXYZXII', 'YZYXZIZIXZXY', 'XIIIZZXYYIXY', 'XXIZZZYXIIII', 'ZYXIZZZZZYYI']
 Finished:     -15.469503803614
 Error:       0.003611926630
1.9




 --------------------------------------------------------------------------
                         ADAPT-VQE iteration:  44
 --------------------------------------------------------------------------
0.005615160550154135
['XIIIZZXYYIXY', 'IIYXYYZZZZII', 'YZYXZIZIXZXY', 'XXXZYXXXYXYI', 'XYZIZIYYZIII', 'YZXZZIZZYZYI', 'IXXZIIIZZXYI', 'IIYXYYZZZZII', 'YXIIZZIIYYII', 'XYZIZIYYZIII', 'XIIIZZXYYIXY', 'YZIXZZZIIYYI', 'XYZIZIYYZIII', 'XIIIZZXYYIXY', 'IIYXYYZZZZII', 'IXXZIIIZZXYI', 'ZZZIZIIZXXXY', 'XXXZYXXXYXYI', 'XIIIZZXYYIXY', 'XIZZIZXYZXII', 'XXIZZZYXIIII', 'ZXIIIZZZZYII', 'ZZYXIZYYIIII', 'YZIXZZZIIYYI', 'YXIIZZIIYYII', 'ZIXYZZZIYYII', 'YZYXZIZIXZXY', 'ZYXIZZZZZYYI', 'ZXIIIZZZZYII', 'XIIIZZXYYIXY', 'IIYXYYZZZZII', 'ZIXYZZZIYYII', 'ZZYXIZYYIIII', 'XXIZZZYXIIII', 'XXXZYXXXYXYI', 'ZZZIZIIZXXXY', 'XIZZIZXYZXII', 'YZXZZIZZYZYI', 'ZZYXIZYYIIII', 'YXIIZZIIYYII', 'XIZZIZXYZXII', 'YZYXZIZIXZXY', 'XIIIZZXYYIXY', 'XXIZZZYXIIII', 'ZYXIZZZZZYYI']
 Finished:     -15.469516129006
 Error:       0.003599601239
1.9




 --------------------------------------------------------------------------
                         ADAPT-VQE iteration:  45
 --------------------------------------------------------------------------
0.0031757991614541937
['XIIIZZXYYIXY', 'IIYXYYZZZZII', 'YZYXZIZIXZXY', 'XXXZYXXXYXYI', 'XYZIZIYYZIII', 'YZXZZIZZYZYI', 'IXXZIIIZZXYI', 'IIYXYYZZZZII', 'YXIIZZIIYYII', 'XYZIZIYYZIII', 'XIIIZZXYYIXY', 'YZIXZZZIIYYI', 'XYZIZIYYZIII', 'XIIIZZXYYIXY', 'IIYXYYZZZZII', 'IXXZIIIZZXYI', 'ZZZIZIIZXXXY', 'XXXZYXXXYXYI', 'XIIIZZXYYIXY', 'XIZZIZXYZXII', 'XXIZZZYXIIII', 'ZXIIIZZZZYII', 'ZZYXIZYYIIII', 'YZIXZZZIIYYI', 'YXIIZZIIYYII', 'ZIXYZZZIYYII', 'YZYXZIZIXZXY', 'ZYXIZZZZZYYI', 'ZXIIIZZZZYII', 'XIIIZZXYYIXY', 'IIYXYYZZZZII', 'ZIXYZZZIYYII', 'ZZYXIZYYIIII', 'XXIZZZYXIIII', 'XXXZYXXXYXYI', 'ZZZIZIIZXXXY', 'XIZZIZXYZXII', 'YZXZZIZZYZYI', 'ZZYXIZYYIIII', 'YXIIZZIIYYII', 'XIZZIZXYZXII', 'YZYXZIZIXZXY', 'XIIIZZXYYIXY', 'ZZZIZIIZXXXY', 'XXIZZZYXIIII', 'ZYXIZZZZZYYI']
 Finished:     -15.469593830993
 Error:       0.003521899252
1.9




 --------------------------------------------------------------------------
                         ADAPT-VQE iteration:  46
 --------------------------------------------------------------------------
0.003571554490096114
['XIIIZZXYYIXY', 'IIYXYYZZZZII', 'XXIZZZYXIIII', 'YZYXZIZIXZXY', 'XXXZYXXXYXYI', 'XYZIZIYYZIII', 'YZXZZIZZYZYI', 'IXXZIIIZZXYI', 'IIYXYYZZZZII', 'YXIIZZIIYYII', 'XYZIZIYYZIII', 'XIIIZZXYYIXY', 'YZIXZZZIIYYI', 'XYZIZIYYZIII', 'XIIIZZXYYIXY', 'IIYXYYZZZZII', 'IXXZIIIZZXYI', 'ZZZIZIIZXXXY', 'XXXZYXXXYXYI', 'XIIIZZXYYIXY', 'XIZZIZXYZXII', 'XXIZZZYXIIII', 'ZXIIIZZZZYII', 'ZZYXIZYYIIII', 'YZIXZZZIIYYI', 'YXIIZZIIYYII', 'ZIXYZZZIYYII', 'YZYXZIZIXZXY', 'ZYXIZZZZZYYI', 'ZXIIIZZZZYII', 'XIIIZZXYYIXY', 'IIYXYYZZZZII', 'ZIXYZZZIYYII', 'ZZYXIZYYIIII', 'XXIZZZYXIIII', 'XXXZYXXXYXYI', 'ZZZIZIIZXXXY', 'XIZZIZXYZXII', 'YZXZZIZZYZYI', 'ZZYXIZYYIIII', 'YXIIZZIIYYII', 'XIZZIZXYZXII', 'YZYXZIZIXZXY', 'XIIIZZXYYIXY', 'ZZZIZIIZXXXY', 'XXIZZZYXIIII', 'ZYXIZZZZZYYI']
 Finished:     -15.469695004622
 Error:       0.003420725622
1.9




 --------------------------------------------------------------------------
                         ADAPT-VQE iteration:  47
 --------------------------------------------------------------------------
0.004371568310306564
['XIIIZZXYYIXY', 'IIYXYYZZZZII', 'XXIZZZYXIIII', 'YZYXZIZIXZXY', 'XXXZYXXXYXYI', 'XYZIZIYYZIII', 'YZXZZIZZYZYI', 'IXXZIIIZZXYI', 'IIYXYYZZZZII', 'YXIIZZIIYYII', 'XYZIZIYYZIII', 'XIZZIZXYZXII', 'XIIIZZXYYIXY', 'YZIXZZZIIYYI', 'XYZIZIYYZIII', 'XIIIZZXYYIXY', 'IIYXYYZZZZII', 'IXXZIIIZZXYI', 'ZZZIZIIZXXXY', 'XXXZYXXXYXYI', 'XIIIZZXYYIXY', 'XIZZIZXYZXII', 'XXIZZZYXIIII', 'ZXIIIZZZZYII', 'ZZYXIZYYIIII', 'YZIXZZZIIYYI', 'YXIIZZIIYYII', 'ZIXYZZZIYYII', 'YZYXZIZIXZXY', 'ZYXIZZZZZYYI', 'ZXIIIZZZZYII', 'XIIIZZXYYIXY', 'IIYXYYZZZZII', 'ZIXYZZZIYYII', 'ZZYXIZYYIIII', 'XXIZZZYXIIII', 'XXXZYXXXYXYI', 'ZZZIZIIZXXXY', 'XIZZIZXYZXII', 'YZXZZIZZYZYI', 'ZZYXIZYYIIII', 'YXIIZZIIYYII', 'XIZZIZXYZXII', 'YZYXZIZIXZXY', 'XIIIZZXYYIXY', 'ZZZIZIIZXXXY', 'XXIZZZYXIIII', 'ZYXIZZZZZYYI']
 Finished:     -15.469743011731
 Error:       0.003372718514
1.9




 --------------------------------------------------------------------------
                         ADAPT-VQE iteration:  48
 --------------------------------------------------------------------------
0.003406960226503679
['XIIIZZXYYIXY', 'IIYXYYZZZZII', 'XXIZZZYXIIII', 'YZYXZIZIXZXY', 'XXXZYXXXYXYI', 'XYZIZIYYZIII', 'YZXZZIZZYZYI', 'IXXZIIIZZXYI', 'IIYXYYZZZZII', 'YXIIZZIIYYII', 'XYZIZIYYZIII', 'XIZZIZXYZXII', 'XIIIZZXYYIXY', 'YZIXZZZIIYYI', 'XYZIZIYYZIII', 'XIIIZZXYYIXY', 'IIYXYYZZZZII', 'IXXZIIIZZXYI', 'ZZZIZIIZXXXY', 'XXXZYXXXYXYI', 'XIIIZZXYYIXY', 'XIZZIZXYZXII', 'XXIZZZYXIIII', 'ZXIIIZZZZYII', 'ZZYXIZYYIIII', 'YZIXZZZIIYYI', 'YXIIZZIIYYII', 'ZIXYZZZIYYII', 'YZYXZIZIXZXY', 'ZYXIZZZZZYYI', 'ZXIIIZZZZYII', 'XIIIZZXYYIXY', 'IIYXYYZZZZII', 'ZIXYZZZIYYII', 'ZZYXIZYYIIII', 'XXIZZZYXIIII', 'XXXZYXXXYXYI', 'ZZZIZIIZXXXY', 'XIZZIZXYZXII', 'YZXZZIZZYZYI', 'ZZYXIZYYIIII', 'YXIIZZIIYYII', 'XIZZIZXYZXII', 'YZYXZIZIXZXY', 'XIIIZZXYYIXY', 'ZZZIZIIZXXXY', 'XXIZZZYXIIII', 'ZXIIIZZZZYII', 'ZYXIZZZZZYYI']
 Finished:     -15.469769745236
 Error:       0.003345985008
1.9




 --------------------------------------------------------------------------
                         ADAPT-VQE iteration:  49
 --------------------------------------------------------------------------
0.0035416363566885996
slurmstepd: error: *** JOB 132319 ON tc093 CANCELLED AT 2021-04-09T10:56:34 ***
