The list of distances to compute is: [1.0, 1.1, 1.2, 1.3, 1.4, 1.5, 1.6, 1.7, 1.8, 1.9]
I am the distance: 1.5
H 0 0 0; Be 0 0 1.5; H 0 0 3.0
Problem reduced to 12 qubits.
HF energy:                -15.5322133270512310
Active space FCI energy:   -15.5757056052424048
n_electrons: 4
0.0
molecule.n_orbitals: 6
 adapt threshold: 1e-07
 theta threshold: 1e-10
 Generate Sparse Matrices for operators in pool
Ground state energy: -15.57570560524249
initial energy -15.532213327051227
 Start ADAPT-VQE algorithm
 Now start to grow the ansatz




 --------------------------------------------------------------------------
                         ADAPT-VQE iteration:  0
 --------------------------------------------------------------------------
0.0
['ZYXIZZZZZYYI']
 Finished:     -15.536672495054
 Error:       0.039033110189
1.5




 --------------------------------------------------------------------------
                         ADAPT-VQE iteration:  1
 --------------------------------------------------------------------------
0.1872992238866781
['ZIXYZZZIYYII', 'ZYXIZZZZZYYI']
 Finished:     -15.545806511864
 Error:       0.029899093379
1.5




 --------------------------------------------------------------------------
                         ADAPT-VQE iteration:  2
 --------------------------------------------------------------------------
0.1372181676340469
['ZIXYZZZIYYII', 'YXIIZZIIYYII', 'ZYXIZZZZZYYI']
 Finished:     -15.550347896229
 Error:       0.025357709014
1.5




 --------------------------------------------------------------------------
                         ADAPT-VQE iteration:  3
 --------------------------------------------------------------------------
0.13650774537421947
['YZIXZZZIIYYI', 'ZIXYZZZIYYII', 'YXIIZZIIYYII', 'ZYXIZZZZZYYI']
 Finished:     -15.553980601489
 Error:       0.021725003753
1.5




 --------------------------------------------------------------------------
                         ADAPT-VQE iteration:  4
 --------------------------------------------------------------------------
0.08768104702031361
['YZIXZZZIIYYI', 'ZIXYZZZIYYII', 'YXIIZZIIYYII', 'XXIZZZYXIIII', 'ZYXIZZZZZYYI']
 Finished:     -15.556338118610
 Error:       0.019367486633
1.5




 --------------------------------------------------------------------------
                         ADAPT-VQE iteration:  5
 --------------------------------------------------------------------------
0.027984372779000306
['YZIXZZZIIYYI', 'ZIXYZZZIYYII', 'YZXZZIZZYZYI', 'YXIIZZIIYYII', 'XXIZZZYXIIII', 'ZYXIZZZZZYYI']
 Finished:     -15.556500058037
 Error:       0.019205547205
1.5




 --------------------------------------------------------------------------
                         ADAPT-VQE iteration:  6
 --------------------------------------------------------------------------
0.023642820211017525
['YZIXZZZIIYYI', 'ZZZIZIIZXXXY', 'ZIXYZZZIYYII', 'YZXZZIZZYZYI', 'YXIIZZIIYYII', 'XXIZZZYXIIII', 'ZYXIZZZZZYYI']
 Finished:     -15.556531103359
 Error:       0.019174501883
1.5




 --------------------------------------------------------------------------
                         ADAPT-VQE iteration:  7
 --------------------------------------------------------------------------
0.02909354925858631
['YZIXZZZIIYYI', 'ZZZIZIIZXXXY', 'ZIXYZZZIYYII', 'YZXZZIZZYZYI', 'ZZZIZIIZXXXY', 'YXIIZZIIYYII', 'XXIZZZYXIIII', 'ZYXIZZZZZYYI']
 Finished:     -15.560457623116
 Error:       0.015247982126
1.5




 --------------------------------------------------------------------------
                         ADAPT-VQE iteration:  8
 --------------------------------------------------------------------------
0.08510539721889797
['YZIXZZZIIYYI', 'ZZZIZIIZXXXY', 'YZIXZZZIIYYI', 'ZIXYZZZIYYII', 'YZXZZIZZYZYI', 'ZZZIZIIZXXXY', 'YXIIZZIIYYII', 'XXIZZZYXIIII', 'ZYXIZZZZZYYI']
 Finished:     -15.565685510889
 Error:       0.010020094354
1.5




 --------------------------------------------------------------------------
                         ADAPT-VQE iteration:  9
 --------------------------------------------------------------------------
0.05972924712573756
['YZIXZZZIIYYI', 'ZZZIZIIZXXXY', 'YZIXZZZIIYYI', 'ZIXYZZZIYYII', 'ZYXIZZZZZYYI', 'YZXZZIZZYZYI', 'ZZZIZIIZXXXY', 'YXIIZZIIYYII', 'XXIZZZYXIIII', 'ZYXIZZZZZYYI']
 Finished:     -15.568750362776
 Error:       0.006955242467
1.5




 --------------------------------------------------------------------------
                         ADAPT-VQE iteration:  10
 --------------------------------------------------------------------------
0.02310226233208621
['YZIXZZZIIYYI', 'IXXZIIIZZXYI', 'ZZZIZIIZXXXY', 'YZIXZZZIIYYI', 'ZIXYZZZIYYII', 'ZYXIZZZZZYYI', 'YZXZZIZZYZYI', 'ZZZIZIIZXXXY', 'YXIIZZIIYYII', 'XXIZZZYXIIII', 'ZYXIZZZZZYYI']
 Finished:     -15.569427043176
 Error:       0.006278562066
1.5




 --------------------------------------------------------------------------
                         ADAPT-VQE iteration:  11
 --------------------------------------------------------------------------
0.019601649738326954
['YZIXZZZIIYYI', 'IXXZIIIZZXYI', 'ZZZIZIIZXXXY', 'YZIXZZZIIYYI', 'ZIXYZZZIYYII', 'ZYXIZZZZZYYI', 'YZXZZIZZYZYI', 'ZZZIZIIZXXXY', 'YXIIZZIIYYII', 'YZYXZIZIXZXY', 'XXIZZZYXIIII', 'ZYXIZZZZZYYI']
 Finished:     -15.569473799746
 Error:       0.006231805497
1.5




 --------------------------------------------------------------------------
                         ADAPT-VQE iteration:  12
 --------------------------------------------------------------------------
0.01729929031548671
['YZIXZZZIIYYI', 'IXXZIIIZZXYI', 'ZZZIZIIZXXXY', 'YZIXZZZIIYYI', 'ZIXYZZZIYYII', 'ZYXIZZZZZYYI', 'YZXZZIZZYZYI', 'ZZZIZIIZXXXY', 'YXIIZZIIYYII', 'YZIXZZZIIYYI', 'YZYXZIZIXZXY', 'XXIZZZYXIIII', 'ZYXIZZZZZYYI']
 Finished:     -15.570457700326
 Error:       0.005247904916
1.5




 --------------------------------------------------------------------------
                         ADAPT-VQE iteration:  13
 --------------------------------------------------------------------------
0.021449209836595283
['YZIXZZZIIYYI', 'IXXZIIIZZXYI', 'ZZZIZIIZXXXY', 'YZIXZZZIIYYI', 'ZIXYZZZIYYII', 'ZYXIZZZZZYYI', 'YZXZZIZZYZYI', 'ZZZIZIIZXXXY', 'YZXZZIZZYZYI', 'YXIIZZIIYYII', 'YZIXZZZIIYYI', 'YZYXZIZIXZXY', 'XXIZZZYXIIII', 'ZYXIZZZZZYYI']
 Finished:     -15.571051097748
 Error:       0.004654507494
1.5




 --------------------------------------------------------------------------
                         ADAPT-VQE iteration:  14
 --------------------------------------------------------------------------
0.015682987788151102
['YZIXZZZIIYYI', 'IIYXYYZZZZII', 'IXXZIIIZZXYI', 'ZZZIZIIZXXXY', 'YZIXZZZIIYYI', 'ZIXYZZZIYYII', 'ZYXIZZZZZYYI', 'YZXZZIZZYZYI', 'ZZZIZIIZXXXY', 'YZXZZIZZYZYI', 'YXIIZZIIYYII', 'YZIXZZZIIYYI', 'YZYXZIZIXZXY', 'XXIZZZYXIIII', 'ZYXIZZZZZYYI']
 Finished:     -15.571125579389
 Error:       0.004580025854
1.5




 --------------------------------------------------------------------------
                         ADAPT-VQE iteration:  15
 --------------------------------------------------------------------------
0.01452972334805355
['XYZIZIYYZIII', 'YZIXZZZIIYYI', 'IIYXYYZZZZII', 'IXXZIIIZZXYI', 'ZZZIZIIZXXXY', 'YZIXZZZIIYYI', 'ZIXYZZZIYYII', 'ZYXIZZZZZYYI', 'YZXZZIZZYZYI', 'ZZZIZIIZXXXY', 'YZXZZIZZYZYI', 'YXIIZZIIYYII', 'YZIXZZZIIYYI', 'YZYXZIZIXZXY', 'XXIZZZYXIIII', 'ZYXIZZZZZYYI']
 Finished:     -15.571389656471
 Error:       0.004315948772
1.5




 --------------------------------------------------------------------------
                         ADAPT-VQE iteration:  16
 --------------------------------------------------------------------------
0.015091940659282394
['XYZIZIYYZIII', 'YZIXZZZIIYYI', 'IIYXYYZZZZII', 'IXXZIIIZZXYI', 'ZZZIZIIZXXXY', 'YZIXZZZIIYYI', 'ZIXYZZZIYYII', 'ZYXIZZZZZYYI', 'YZXZZIZZYZYI', 'ZZZIZIIZXXXY', 'ZIXYZZZIYYII', 'YZXZZIZZYZYI', 'YXIIZZIIYYII', 'YZIXZZZIIYYI', 'YZYXZIZIXZXY', 'XXIZZZYXIIII', 'ZYXIZZZZZYYI']
 Finished:     -15.571667166361
 Error:       0.004038438881
1.5




 --------------------------------------------------------------------------
                         ADAPT-VQE iteration:  17
 --------------------------------------------------------------------------
0.01012880108432481
['ZXIIIZZZZYII', 'XYZIZIYYZIII', 'YZIXZZZIIYYI', 'IIYXYYZZZZII', 'IXXZIIIZZXYI', 'ZZZIZIIZXXXY', 'YZIXZZZIIYYI', 'ZIXYZZZIYYII', 'ZYXIZZZZZYYI', 'YZXZZIZZYZYI', 'ZZZIZIIZXXXY', 'ZIXYZZZIYYII', 'YZXZZIZZYZYI', 'YXIIZZIIYYII', 'YZIXZZZIIYYI', 'YZYXZIZIXZXY', 'XXIZZZYXIIII', 'ZYXIZZZZZYYI']
 Finished:     -15.571716210449
 Error:       0.003989394793
1.5




 --------------------------------------------------------------------------
                         ADAPT-VQE iteration:  18
 --------------------------------------------------------------------------
0.008065864329457837
['ZXIIIZZZZYII', 'XYZIZIYYZIII', 'YXIIZZIIYYII', 'YZIXZZZIIYYI', 'IIYXYYZZZZII', 'IXXZIIIZZXYI', 'ZZZIZIIZXXXY', 'YZIXZZZIIYYI', 'ZIXYZZZIYYII', 'ZYXIZZZZZYYI', 'YZXZZIZZYZYI', 'ZZZIZIIZXXXY', 'ZIXYZZZIYYII', 'YZXZZIZZYZYI', 'YXIIZZIIYYII', 'YZIXZZZIIYYI', 'YZYXZIZIXZXY', 'XXIZZZYXIIII', 'ZYXIZZZZZYYI']
 Finished:     -15.572540369463
 Error:       0.003165235779
1.5




 --------------------------------------------------------------------------
                         ADAPT-VQE iteration:  19
 --------------------------------------------------------------------------
0.007324236029263779
['ZXIIIZZZZYII', 'XYZIZIYYZIII', 'YXIIZZIIYYII', 'YZIXZZZIIYYI', 'IIYXYYZZZZII', 'IXXZIIIZZXYI', 'ZZZIZIIZXXXY', 'YZIXZZZIIYYI', 'XYZIZIYYZIII', 'ZIXYZZZIYYII', 'ZYXIZZZZZYYI', 'YZXZZIZZYZYI', 'ZZZIZIIZXXXY', 'ZIXYZZZIYYII', 'YZXZZIZZYZYI', 'YXIIZZIIYYII', 'YZIXZZZIIYYI', 'YZYXZIZIXZXY', 'XXIZZZYXIIII', 'ZYXIZZZZZYYI']
 Finished:     -15.572558027836
 Error:       0.003147577406
1.5




 --------------------------------------------------------------------------
                         ADAPT-VQE iteration:  20
 --------------------------------------------------------------------------
0.006320162386598008
['ZXIIIZZZZYII', 'XYZIZIYYZIII', 'YXIIZZIIYYII', 'YZIXZZZIIYYI', 'IIYXYYZZZZII', 'IXXZIIIZZXYI', 'ZZZIZIIZXXXY', 'YZIXZZZIIYYI', 'XYZIZIYYZIII', 'ZIXYZZZIYYII', 'XXIZZZYXIIII', 'ZYXIZZZZZYYI', 'YZXZZIZZYZYI', 'ZZZIZIIZXXXY', 'ZIXYZZZIYYII', 'YZXZZIZZYZYI', 'YXIIZZIIYYII', 'YZIXZZZIIYYI', 'YZYXZIZIXZXY', 'XXIZZZYXIIII', 'ZYXIZZZZZYYI']
 Finished:     -15.572569819102
 Error:       0.003135786141
1.5




 --------------------------------------------------------------------------
                         ADAPT-VQE iteration:  21
 --------------------------------------------------------------------------
0.005739508505076087
['ZXIIIZZZZYII', 'XYZIZIYYZIII', 'YXIIZZIIYYII', 'YZIXZZZIIYYI', 'IIYXYYZZZZII', 'IXXZIIIZZXYI', 'ZZZIZIIZXXXY', 'YZIXZZZIIYYI', 'XYZIZIYYZIII', 'ZIXYZZZIYYII', 'XXIZZZYXIIII', 'ZYXIZZZZZYYI', 'YZXZZIZZYZYI', 'ZZZIZIIZXXXY', 'ZIXYZZZIYYII', 'YZYXZIZIXZXY', 'YZXZZIZZYZYI', 'YXIIZZIIYYII', 'YZIXZZZIIYYI', 'YZYXZIZIXZXY', 'XXIZZZYXIIII', 'ZYXIZZZZZYYI']
 Finished:     -15.572583066020
 Error:       0.003122539223
1.5




 --------------------------------------------------------------------------
                         ADAPT-VQE iteration:  22
 --------------------------------------------------------------------------
0.005699330389955308
['ZXIIIZZZZYII', 'XYZIZIYYZIII', 'YXIIZZIIYYII', 'YZIXZZZIIYYI', 'IIYXYYZZZZII', 'IXXZIIIZZXYI', 'ZZZIZIIZXXXY', 'YZIXZZZIIYYI', 'XYZIZIYYZIII', 'ZIXYZZZIYYII', 'XXIZZZYXIIII', 'ZYXIZZZZZYYI', 'YZXZZIZZYZYI', 'ZZZIZIIZXXXY', 'ZIXYZZZIYYII', 'YZYXZIZIXZXY', 'YZXZZIZZYZYI', 'YXIIZZIIYYII', 'YZIXZZZIIYYI', 'YZYXZIZIXZXY', 'XXIZZZYXIIII', 'ZXIIIZZZZYII', 'ZYXIZZZZZYYI']
 Finished:     -15.572598806079
 Error:       0.003106799164
1.5




 --------------------------------------------------------------------------
                         ADAPT-VQE iteration:  23
 --------------------------------------------------------------------------
0.004903840217852175
['ZXIIIZZZZYII', 'XYZIZIYYZIII', 'YXIIZZIIYYII', 'YZIXZZZIIYYI', 'IIYXYYZZZZII', 'IXXZIIIZZXYI', 'ZZZIZIIZXXXY', 'YZIXZZZIIYYI', 'XYZIZIYYZIII', 'ZIXYZZZIYYII', 'XXIZZZYXIIII', 'ZYXIZZZZZYYI', 'XIIIZZXYYIXY', 'YZXZZIZZYZYI', 'ZZZIZIIZXXXY', 'ZIXYZZZIYYII', 'YZYXZIZIXZXY', 'YZXZZIZZYZYI', 'YXIIZZIIYYII', 'YZIXZZZIIYYI', 'YZYXZIZIXZXY', 'XXIZZZYXIIII', 'ZXIIIZZZZYII', 'ZYXIZZZZZYYI']
 Finished:     -15.572600627758
 Error:       0.003104977485
1.5




 --------------------------------------------------------------------------
                         ADAPT-VQE iteration:  24
 --------------------------------------------------------------------------
0.005863247096110694
['ZXIIIZZZZYII', 'XYZIZIYYZIII', 'YXIIZZIIYYII', 'YZIXZZZIIYYI', 'IIYXYYZZZZII', 'IXXZIIIZZXYI', 'XIIIZZXYYIXY', 'ZZZIZIIZXXXY', 'YZIXZZZIIYYI', 'XYZIZIYYZIII', 'ZIXYZZZIYYII', 'XXIZZZYXIIII', 'ZYXIZZZZZYYI', 'XIIIZZXYYIXY', 'YZXZZIZZYZYI', 'ZZZIZIIZXXXY', 'ZIXYZZZIYYII', 'YZYXZIZIXZXY', 'YZXZZIZZYZYI', 'YXIIZZIIYYII', 'YZIXZZZIIYYI', 'YZYXZIZIXZXY', 'XXIZZZYXIIII', 'ZXIIIZZZZYII', 'ZYXIZZZZZYYI']
 Finished:     -15.572609053039
 Error:       0.003096552203
1.5




 --------------------------------------------------------------------------
                         ADAPT-VQE iteration:  25
 --------------------------------------------------------------------------
0.006363924967402055
['ZXIIIZZZZYII', 'XYZIZIYYZIII', 'YXIIZZIIYYII', 'YZIXZZZIIYYI', 'IIYXYYZZZZII', 'IXXZIIIZZXYI', 'XIIIZZXYYIXY', 'ZZZIZIIZXXXY', 'YZIXZZZIIYYI', 'XYZIZIYYZIII', 'ZIXYZZZIYYII', 'XXIZZZYXIIII', 'ZYXIZZZZZYYI', 'XIIIZZXYYIXY', 'YZXZZIZZYZYI', 'ZZZIZIIZXXXY', 'XIZZIZXYZXII', 'ZIXYZZZIYYII', 'YZYXZIZIXZXY', 'YZXZZIZZYZYI', 'YXIIZZIIYYII', 'YZIXZZZIIYYI', 'YZYXZIZIXZXY', 'XXIZZZYXIIII', 'ZXIIIZZZZYII', 'ZYXIZZZZZYYI']
 Finished:     -15.572619345978
 Error:       0.003086259264
1.5




 --------------------------------------------------------------------------
                         ADAPT-VQE iteration:  26
 --------------------------------------------------------------------------
0.004813991316992807
['ZXIIIZZZZYII', 'XYZIZIYYZIII', 'YXIIZZIIYYII', 'XIZZIZXYZXII', 'YZIXZZZIIYYI', 'IIYXYYZZZZII', 'IXXZIIIZZXYI', 'XIIIZZXYYIXY', 'ZZZIZIIZXXXY', 'YZIXZZZIIYYI', 'XYZIZIYYZIII', 'ZIXYZZZIYYII', 'XXIZZZYXIIII', 'ZYXIZZZZZYYI', 'XIIIZZXYYIXY', 'YZXZZIZZYZYI', 'ZZZIZIIZXXXY', 'XIZZIZXYZXII', 'ZIXYZZZIYYII', 'YZYXZIZIXZXY', 'YZXZZIZZYZYI', 'YXIIZZIIYYII', 'YZIXZZZIIYYI', 'YZYXZIZIXZXY', 'XXIZZZYXIIII', 'ZXIIIZZZZYII', 'ZYXIZZZZZYYI']
 Finished:     -15.572645901309
 Error:       0.003059703934
1.5




 --------------------------------------------------------------------------
                         ADAPT-VQE iteration:  27
 --------------------------------------------------------------------------
0.004915361698559622
['ZXIIIZZZZYII', 'XYZIZIYYZIII', 'YXIIZZIIYYII', 'XIZZIZXYZXII', 'YZIXZZZIIYYI', 'IIYXYYZZZZII', 'XIIIZZXYYIXY', 'IXXZIIIZZXYI', 'XIIIZZXYYIXY', 'ZZZIZIIZXXXY', 'YZIXZZZIIYYI', 'XYZIZIYYZIII', 'ZIXYZZZIYYII', 'XXIZZZYXIIII', 'ZYXIZZZZZYYI', 'XIIIZZXYYIXY', 'YZXZZIZZYZYI', 'ZZZIZIIZXXXY', 'XIZZIZXYZXII', 'ZIXYZZZIYYII', 'YZYXZIZIXZXY', 'YZXZZIZZYZYI', 'YXIIZZIIYYII', 'YZIXZZZIIYYI', 'YZYXZIZIXZXY', 'XXIZZZYXIIII', 'ZXIIIZZZZYII', 'ZYXIZZZZZYYI']
 Finished:     -15.572654976706
 Error:       0.003050628536
1.5




 --------------------------------------------------------------------------
                         ADAPT-VQE iteration:  28
 --------------------------------------------------------------------------
0.003806791306244634
['ZXIIIZZZZYII', 'XYZIZIYYZIII', 'YXIIZZIIYYII', 'XIZZIZXYZXII', 'XYZIZIYYZIII', 'YZIXZZZIIYYI', 'IIYXYYZZZZII', 'XIIIZZXYYIXY', 'IXXZIIIZZXYI', 'XIIIZZXYYIXY', 'ZZZIZIIZXXXY', 'YZIXZZZIIYYI', 'XYZIZIYYZIII', 'ZIXYZZZIYYII', 'XXIZZZYXIIII', 'ZYXIZZZZZYYI', 'XIIIZZXYYIXY', 'YZXZZIZZYZYI', 'ZZZIZIIZXXXY', 'XIZZIZXYZXII', 'ZIXYZZZIYYII', 'YZYXZIZIXZXY', 'YZXZZIZZYZYI', 'YXIIZZIIYYII', 'YZIXZZZIIYYI', 'YZYXZIZIXZXY', 'XXIZZZYXIIII', 'ZXIIIZZZZYII', 'ZYXIZZZZZYYI']
 Finished:     -15.572674743065
 Error:       0.003030862178
1.5




 --------------------------------------------------------------------------
                         ADAPT-VQE iteration:  29
 --------------------------------------------------------------------------
0.0033956206942295057
['ZXIIIZZZZYII', 'XYZIZIYYZIII', 'YXIIZZIIYYII', 'ZIXYZZZIYYII', 'XIZZIZXYZXII', 'XYZIZIYYZIII', 'YZIXZZZIIYYI', 'IIYXYYZZZZII', 'XIIIZZXYYIXY', 'IXXZIIIZZXYI', 'XIIIZZXYYIXY', 'ZZZIZIIZXXXY', 'YZIXZZZIIYYI', 'XYZIZIYYZIII', 'ZIXYZZZIYYII', 'XXIZZZYXIIII', 'ZYXIZZZZZYYI', 'XIIIZZXYYIXY', 'YZXZZIZZYZYI', 'ZZZIZIIZXXXY', 'XIZZIZXYZXII', 'ZIXYZZZIYYII', 'YZYXZIZIXZXY', 'YZXZZIZZYZYI', 'YXIIZZIIYYII', 'YZIXZZZIIYYI', 'YZYXZIZIXZXY', 'XXIZZZYXIIII', 'ZXIIIZZZZYII', 'ZYXIZZZZZYYI']
 Finished:     -15.572867298122
 Error:       0.002838307120
1.5




 --------------------------------------------------------------------------
                         ADAPT-VQE iteration:  30
 --------------------------------------------------------------------------
0.003989640927101506
['ZXIIIZZZZYII', 'XYZIZIYYZIII', 'YXIIZZIIYYII', 'ZIXYZZZIYYII', 'XIZZIZXYZXII', 'XYZIZIYYZIII', 'YZIXZZZIIYYI', 'IIYXYYZZZZII', 'XIIIZZXYYIXY', 'IXXZIIIZZXYI', 'XIIIZZXYYIXY', 'ZZZIZIIZXXXY', 'YZIXZZZIIYYI', 'XYZIZIYYZIII', 'ZIXYZZZIYYII', 'XXIZZZYXIIII', 'ZYXIZZZZZYYI', 'XIIIZZXYYIXY', 'YZXZZIZZYZYI', 'ZZZIZIIZXXXY', 'XIIIZZXYYIXY', 'XIZZIZXYZXII', 'ZIXYZZZIYYII', 'YZYXZIZIXZXY', 'YZXZZIZZYZYI', 'YXIIZZIIYYII', 'YZIXZZZIIYYI', 'YZYXZIZIXZXY', 'XXIZZZYXIIII', 'ZXIIIZZZZYII', 'ZYXIZZZZZYYI']
 Finished:     -15.572924377466
 Error:       0.002781227777
1.5




 --------------------------------------------------------------------------
                         ADAPT-VQE iteration:  31
 --------------------------------------------------------------------------
0.004801524558315812
['XIIIZZXYYIXY', 'ZXIIIZZZZYII', 'XYZIZIYYZIII', 'YXIIZZIIYYII', 'ZIXYZZZIYYII', 'XIZZIZXYZXII', 'XYZIZIYYZIII', 'YZIXZZZIIYYI', 'IIYXYYZZZZII', 'XIIIZZXYYIXY', 'IXXZIIIZZXYI', 'XIIIZZXYYIXY', 'ZZZIZIIZXXXY', 'YZIXZZZIIYYI', 'XYZIZIYYZIII', 'ZIXYZZZIYYII', 'XXIZZZYXIIII', 'ZYXIZZZZZYYI', 'XIIIZZXYYIXY', 'YZXZZIZZYZYI', 'ZZZIZIIZXXXY', 'XIIIZZXYYIXY', 'XIZZIZXYZXII', 'ZIXYZZZIYYII', 'YZYXZIZIXZXY', 'YZXZZIZZYZYI', 'YXIIZZIIYYII', 'YZIXZZZIIYYI', 'YZYXZIZIXZXY', 'XXIZZZYXIIII', 'ZXIIIZZZZYII', 'ZYXIZZZZZYYI']
 Finished:     -15.572930914285
 Error:       0.002774690958
1.5




 --------------------------------------------------------------------------
                         ADAPT-VQE iteration:  32
 --------------------------------------------------------------------------
0.003073577400543835
['XIIIZZXYYIXY', 'ZXIIIZZZZYII', 'XYZIZIYYZIII', 'YXIIZZIIYYII', 'ZIXYZZZIYYII', 'XIZZIZXYZXII', 'XYZIZIYYZIII', 'YZIXZZZIIYYI', 'IIYXYYZZZZII', 'XIIIZZXYYIXY', 'IXXZIIIZZXYI', 'XIIIZZXYYIXY', 'ZZZIZIIZXXXY', 'YZIXZZZIIYYI', 'XYZIZIYYZIII', 'ZIXYZZZIYYII', 'XXIZZZYXIIII', 'ZYXIZZZZZYYI', 'XIIIZZXYYIXY', 'YZXZZIZZYZYI', 'ZZZIZIIZXXXY', 'XIIIZZXYYIXY', 'XIZZIZXYZXII', 'ZIXYZZZIYYII', 'YZYXZIZIXZXY', 'YZXZZIZZYZYI', 'YXIIZZIIYYII', 'YZIXZZZIIYYI', 'YZYXZIZIXZXY', 'XXIZZZYXIIII', 'ZXIIIZZZZYII', 'ZZYXIZYYIIII', 'ZYXIZZZZZYYI']
 Finished:     -15.572934083747
 Error:       0.002771521495
1.5




 --------------------------------------------------------------------------
                         ADAPT-VQE iteration:  33
 --------------------------------------------------------------------------
0.0030773431324554634
['XIIIZZXYYIXY', 'ZXIIIZZZZYII', 'XYZIZIYYZIII', 'YXIIZZIIYYII', 'ZIXYZZZIYYII', 'XIZZIZXYZXII', 'XYZIZIYYZIII', 'YZIXZZZIIYYI', 'IIYXYYZZZZII', 'XIIIZZXYYIXY', 'IXXZIIIZZXYI', 'XIIIZZXYYIXY', 'ZZZIZIIZXXXY', 'YZIXZZZIIYYI', 'XYZIZIYYZIII', 'ZIXYZZZIYYII', 'XXIZZZYXIIII', 'IZZZYYYXYXXY', 'ZYXIZZZZZYYI', 'XIIIZZXYYIXY', 'YZXZZIZZYZYI', 'ZZZIZIIZXXXY', 'XIIIZZXYYIXY', 'XIZZIZXYZXII', 'ZIXYZZZIYYII', 'YZYXZIZIXZXY', 'YZXZZIZZYZYI', 'YXIIZZIIYYII', 'YZIXZZZIIYYI', 'YZYXZIZIXZXY', 'XXIZZZYXIIII', 'ZXIIIZZZZYII', 'ZZYXIZYYIIII', 'ZYXIZZZZZYYI']
 Finished:     -15.572934520250
 Error:       0.002771084992
1.5




 --------------------------------------------------------------------------
                         ADAPT-VQE iteration:  34
 --------------------------------------------------------------------------
0.002873130061210997
['XIIIZZXYYIXY', 'ZXIIIZZZZYII', 'XYZIZIYYZIII', 'YXIIZZIIYYII', 'ZIXYZZZIYYII', 'XXIZZZYXIIII', 'XIZZIZXYZXII', 'XYZIZIYYZIII', 'YZIXZZZIIYYI', 'IIYXYYZZZZII', 'XIIIZZXYYIXY', 'IXXZIIIZZXYI', 'XIIIZZXYYIXY', 'ZZZIZIIZXXXY', 'YZIXZZZIIYYI', 'XYZIZIYYZIII', 'ZIXYZZZIYYII', 'XXIZZZYXIIII', 'IZZZYYYXYXXY', 'ZYXIZZZZZYYI', 'XIIIZZXYYIXY', 'YZXZZIZZYZYI', 'ZZZIZIIZXXXY', 'XIIIZZXYYIXY', 'XIZZIZXYZXII', 'ZIXYZZZIYYII', 'YZYXZIZIXZXY', 'YZXZZIZZYZYI', 'YXIIZZIIYYII', 'YZIXZZZIIYYI', 'YZYXZIZIXZXY', 'XXIZZZYXIIII', 'ZXIIIZZZZYII', 'ZZYXIZYYIIII', 'ZYXIZZZZZYYI']
 Finished:     -15.572963114207
 Error:       0.002742491035
1.5




 --------------------------------------------------------------------------
                         ADAPT-VQE iteration:  35
 --------------------------------------------------------------------------
0.0031497444345727106
['XIIIZZXYYIXY', 'IZZZYYYXYXXY', 'ZXIIIZZZZYII', 'XYZIZIYYZIII', 'YXIIZZIIYYII', 'ZIXYZZZIYYII', 'XXIZZZYXIIII', 'XIZZIZXYZXII', 'XYZIZIYYZIII', 'YZIXZZZIIYYI', 'IIYXYYZZZZII', 'XIIIZZXYYIXY', 'IXXZIIIZZXYI', 'XIIIZZXYYIXY', 'ZZZIZIIZXXXY', 'YZIXZZZIIYYI', 'XYZIZIYYZIII', 'ZIXYZZZIYYII', 'XXIZZZYXIIII', 'IZZZYYYXYXXY', 'ZYXIZZZZZYYI', 'XIIIZZXYYIXY', 'YZXZZIZZYZYI', 'ZZZIZIIZXXXY', 'XIIIZZXYYIXY', 'XIZZIZXYZXII', 'ZIXYZZZIYYII', 'YZYXZIZIXZXY', 'YZXZZIZZYZYI', 'YXIIZZIIYYII', 'YZIXZZZIIYYI', 'YZYXZIZIXZXY', 'XXIZZZYXIIII', 'ZXIIIZZZZYII', 'ZZYXIZYYIIII', 'ZYXIZZZZZYYI']
 Finished:     -15.572963413810
 Error:       0.002742191432
1.5




 --------------------------------------------------------------------------
                         ADAPT-VQE iteration:  36
 --------------------------------------------------------------------------
0.0026317680962248827
['XIIIZZXYYIXY', 'IZZZYYYXYXXY', 'ZXIIIZZZZYII', 'XYZIZIYYZIII', 'YXIIZZIIYYII', 'ZIXYZZZIYYII', 'XXIZZZYXIIII', 'XIZZIZXYZXII', 'XYZIZIYYZIII', 'YZIXZZZIIYYI', 'IIYXYYZZZZII', 'XIIIZZXYYIXY', 'IXXZIIIZZXYI', 'XIIIZZXYYIXY', 'ZZZIZIIZXXXY', 'YZIXZZZIIYYI', 'XYZIZIYYZIII', 'ZIXYZZZIYYII', 'XXIZZZYXIIII', 'IZZZYYYXYXXY', 'ZYXIZZZZZYYI', 'ZXIIIZZZZYII', 'XIIIZZXYYIXY', 'YZXZZIZZYZYI', 'ZZZIZIIZXXXY', 'XIIIZZXYYIXY', 'XIZZIZXYZXII', 'ZIXYZZZIYYII', 'YZYXZIZIXZXY', 'YZXZZIZZYZYI', 'YXIIZZIIYYII', 'YZIXZZZIIYYI', 'YZYXZIZIXZXY', 'XXIZZZYXIIII', 'ZXIIIZZZZYII', 'ZZYXIZYYIIII', 'ZYXIZZZZZYYI']
 Finished:     -15.572964450119
 Error:       0.002741155124
1.5




 --------------------------------------------------------------------------
                         ADAPT-VQE iteration:  37
 --------------------------------------------------------------------------
0.0024146358015279153
['XIIIZZXYYIXY', 'IZZZYYYXYXXY', 'ZXIIIZZZZYII', 'ZZYXIZYYIIII', 'XYZIZIYYZIII', 'YXIIZZIIYYII', 'ZIXYZZZIYYII', 'XXIZZZYXIIII', 'XIZZIZXYZXII', 'XYZIZIYYZIII', 'YZIXZZZIIYYI', 'IIYXYYZZZZII', 'XIIIZZXYYIXY', 'IXXZIIIZZXYI', 'XIIIZZXYYIXY', 'ZZZIZIIZXXXY', 'YZIXZZZIIYYI', 'XYZIZIYYZIII', 'ZIXYZZZIYYII', 'XXIZZZYXIIII', 'IZZZYYYXYXXY', 'ZYXIZZZZZYYI', 'ZXIIIZZZZYII', 'XIIIZZXYYIXY', 'YZXZZIZZYZYI', 'ZZZIZIIZXXXY', 'XIIIZZXYYIXY', 'XIZZIZXYZXII', 'ZIXYZZZIYYII', 'YZYXZIZIXZXY', 'YZXZZIZZYZYI', 'YXIIZZIIYYII', 'YZIXZZZIIYYI', 'YZYXZIZIXZXY', 'XXIZZZYXIIII', 'ZXIIIZZZZYII', 'ZZYXIZYYIIII', 'ZYXIZZZZZYYI']
 Finished:     -15.572988910171
 Error:       0.002716695071
1.5




 --------------------------------------------------------------------------
                         ADAPT-VQE iteration:  38
 --------------------------------------------------------------------------
0.0018123649427787946
['XIIIZZXYYIXY', 'IZZZYYYXYXXY', 'ZXIIIZZZZYII', 'ZZYXIZYYIIII', 'XYZIZIYYZIII', 'YXIIZZIIYYII', 'ZIXYZZZIYYII', 'XXIZZZYXIIII', 'XIZZIZXYZXII', 'XYZIZIYYZIII', 'YZIXZZZIIYYI', 'IIYXYYZZZZII', 'XIIIZZXYYIXY', 'IXXZIIIZZXYI', 'XIIIZZXYYIXY', 'ZZZIZIIZXXXY', 'YZIXZZZIIYYI', 'XYZIZIYYZIII', 'ZIXYZZZIYYII', 'XXIZZZYXIIII', 'IZZZYYYXYXXY', 'XXXZYXXXYXYI', 'ZYXIZZZZZYYI', 'ZXIIIZZZZYII', 'XIIIZZXYYIXY', 'YZXZZIZZYZYI', 'ZZZIZIIZXXXY', 'XIIIZZXYYIXY', 'XIZZIZXYZXII', 'ZIXYZZZIYYII', 'YZYXZIZIXZXY', 'YZXZZIZZYZYI', 'YXIIZZIIYYII', 'YZIXZZZIIYYI', 'YZYXZIZIXZXY', 'XXIZZZYXIIII', 'ZXIIIZZZZYII', 'ZZYXIZYYIIII', 'ZYXIZZZZZYYI']
 Finished:     -15.572989151568
 Error:       0.002716453674
1.5




 --------------------------------------------------------------------------
                         ADAPT-VQE iteration:  39
 --------------------------------------------------------------------------
0.0015010090896435489
['XIIIZZXYYIXY', 'IZZZYYYXYXXY', 'ZXIIIZZZZYII', 'ZZYXIZYYIIII', 'XYZIZIYYZIII', 'YXIIZZIIYYII', 'ZIXYZZZIYYII', 'XXIZZZYXIIII', 'XIZZIZXYZXII', 'XYZIZIYYZIII', 'YZIXZZZIIYYI', 'IIYXYYZZZZII', 'XIIIZZXYYIXY', 'IXXZIIIZZXYI', 'XIIIZZXYYIXY', 'ZZZIZIIZXXXY', 'YZIXZZZIIYYI', 'XYZIZIYYZIII', 'ZIXYZZZIYYII', 'XXIZZZYXIIII', 'IZZZYYYXYXXY', 'XXXZYXXXYXYI', 'ZYXIZZZZZYYI', 'ZXIIIZZZZYII', 'XIIIZZXYYIXY', 'YZXZZIZZYZYI', 'ZZZIZIIZXXXY', 'XIIIZZXYYIXY', 'XIZZIZXYZXII', 'ZIXYZZZIYYII', 'YZYXZIZIXZXY', 'YZXZZIZZYZYI', 'YXIIZZIIYYII', 'YZIXZZZIIYYI', 'YZYXZIZIXZXY', 'XXIZZZYXIIII', 'XXXZYXXXYXYI', 'ZXIIIZZZZYII', 'ZZYXIZYYIIII', 'ZYXIZZZZZYYI']
 Finished:     -15.572989324201
 Error:       0.002716281041
1.5




 --------------------------------------------------------------------------
                         ADAPT-VQE iteration:  40
 --------------------------------------------------------------------------
0.0014188288869559145
['XIIIZZXYYIXY', 'IZZZYYYXYXXY', 'ZXIIIZZZZYII', 'ZZYXIZYYIIII', 'XYZIZIYYZIII', 'YXIIZZIIYYII', 'ZIXYZZZIYYII', 'XXIZZZYXIIII', 'XIZZIZXYZXII', 'XYZIZIYYZIII', 'YZIXZZZIIYYI', 'IIYXYYZZZZII', 'XIIIZZXYYIXY', 'IXXZIIIZZXYI', 'XIIIZZXYYIXY', 'ZZZIZIIZXXXY', 'YZIXZZZIIYYI', 'XYZIZIYYZIII', 'ZIXYZZZIYYII', 'XXIZZZYXIIII', 'IZZZYYYXYXXY', 'XXXZYXXXYXYI', 'ZYXIZZZZZYYI', 'ZXIIIZZZZYII', 'XIIIZZXYYIXY', 'YZXZZIZZYZYI', 'ZZZIZIIZXXXY', 'XIIIZZXYYIXY', 'XIZZIZXYZXII', 'ZIXYZZZIYYII', 'YZYXZIZIXZXY', 'YZXZZIZZYZYI', 'YXIIZZIIYYII', 'XIIIZZXYYIXY', 'YZIXZZZIIYYI', 'YZYXZIZIXZXY', 'XXIZZZYXIIII', 'XXXZYXXXYXYI', 'ZXIIIZZZZYII', 'ZZYXIZYYIIII', 'ZYXIZZZZZYYI']
 Finished:     -15.572990687709
 Error:       0.002714917534
1.5




 --------------------------------------------------------------------------
                         ADAPT-VQE iteration:  41
 --------------------------------------------------------------------------
0.0013872690731595316
['XIIIZZXYYIXY', 'IZZZYYYXYXXY', 'ZXIIIZZZZYII', 'ZZYXIZYYIIII', 'XYZIZIYYZIII', 'YXIIZZIIYYII', 'ZIXYZZZIYYII', 'XXIZZZYXIIII', 'XIZZIZXYZXII', 'XYZIZIYYZIII', 'YZIXZZZIIYYI', 'IIYXYYZZZZII', 'XIIIZZXYYIXY', 'IXXZIIIZZXYI', 'XYZIZIYYZIII', 'XIIIZZXYYIXY', 'ZZZIZIIZXXXY', 'YZIXZZZIIYYI', 'XYZIZIYYZIII', 'ZIXYZZZIYYII', 'XXIZZZYXIIII', 'IZZZYYYXYXXY', 'XXXZYXXXYXYI', 'ZYXIZZZZZYYI', 'ZXIIIZZZZYII', 'XIIIZZXYYIXY', 'YZXZZIZZYZYI', 'ZZZIZIIZXXXY', 'XIIIZZXYYIXY', 'XIZZIZXYZXII', 'ZIXYZZZIYYII', 'YZYXZIZIXZXY', 'YZXZZIZZYZYI', 'YXIIZZIIYYII', 'XIIIZZXYYIXY', 'YZIXZZZIIYYI', 'YZYXZIZIXZXY', 'XXIZZZYXIIII', 'XXXZYXXXYXYI', 'ZXIIIZZZZYII', 'ZZYXIZYYIIII', 'ZYXIZZZZZYYI']
 Finished:     -15.572999685525
 Error:       0.002705919718
1.5




 --------------------------------------------------------------------------
                         ADAPT-VQE iteration:  42
 --------------------------------------------------------------------------
0.0012866607319752723
['XIIIZZXYYIXY', 'IZZZYYYXYXXY', 'ZXIIIZZZZYII', 'ZZYXIZYYIIII', 'XYZIZIYYZIII', 'YXIIZZIIYYII', 'ZIXYZZZIYYII', 'XXIZZZYXIIII', 'XIZZIZXYZXII', 'XYZIZIYYZIII', 'YZIXZZZIIYYI', 'IIYXYYZZZZII', 'XIIIZZXYYIXY', 'IXXZIIIZZXYI', 'XYZIZIYYZIII', 'XIIIZZXYYIXY', 'ZZZIZIIZXXXY', 'YZIXZZZIIYYI', 'XYZIZIYYZIII', 'ZIXYZZZIYYII', 'XXIZZZYXIIII', 'IZZZYYYXYXXY', 'XXXZYXXXYXYI', 'ZYXIZZZZZYYI', 'ZXIIIZZZZYII', 'XIIIZZXYYIXY', 'YZXZZIZZYZYI', 'ZZZIZIIZXXXY', 'IZZZYYYXYXXY', 'XIIIZZXYYIXY', 'XIZZIZXYZXII', 'ZIXYZZZIYYII', 'YZYXZIZIXZXY', 'YZXZZIZZYZYI', 'YXIIZZIIYYII', 'XIIIZZXYYIXY', 'YZIXZZZIIYYI', 'YZYXZIZIXZXY', 'XXIZZZYXIIII', 'XXXZYXXXYXYI', 'ZXIIIZZZZYII', 'ZZYXIZYYIIII', 'ZYXIZZZZZYYI']
 Finished:     -15.572999852289
 Error:       0.002705752953
1.5




 --------------------------------------------------------------------------
                         ADAPT-VQE iteration:  43
 --------------------------------------------------------------------------
0.0011867117154456975
['XIIIZZXYYIXY', 'IZZZYYYXYXXY', 'ZXIIIZZZZYII', 'ZZYXIZYYIIII', 'XYZIZIYYZIII', 'YXIIZZIIYYII', 'ZIXYZZZIYYII', 'XXIZZZYXIIII', 'XIZZIZXYZXII', 'XYZIZIYYZIII', 'YZIXZZZIIYYI', 'IIYXYYZZZZII', 'XIIIZZXYYIXY', 'IXXZIIIZZXYI', 'XYZIZIYYZIII', 'XIIIZZXYYIXY', 'ZZZIZIIZXXXY', 'YZIXZZZIIYYI', 'XYZIZIYYZIII', 'ZIXYZZZIYYII', 'XXIZZZYXIIII', 'IZZZYYYXYXXY', 'XXXZYXXXYXYI', 'ZYXIZZZZZYYI', 'ZXIIIZZZZYII', 'XIIIZZXYYIXY', 'XIZZIZXYZXII', 'YZXZZIZZYZYI', 'ZZZIZIIZXXXY', 'IZZZYYYXYXXY', 'XIIIZZXYYIXY', 'XIZZIZXYZXII', 'ZIXYZZZIYYII', 'YZYXZIZIXZXY', 'YZXZZIZZYZYI', 'YXIIZZIIYYII', 'XIIIZZXYYIXY', 'YZIXZZZIIYYI', 'YZYXZIZIXZXY', 'XXIZZZYXIIII', 'XXXZYXXXYXYI', 'ZXIIIZZZZYII', 'ZZYXIZYYIIII', 'ZYXIZZZZZYYI']
 Finished:     -15.573010093432
 Error:       0.002695511810
1.5




 --------------------------------------------------------------------------
                         ADAPT-VQE iteration:  44
 --------------------------------------------------------------------------
0.0014244526064440854
['XIIIZZXYYIXY', 'IZZZYYYXYXXY', 'ZXIIIZZZZYII', 'ZZYXIZYYIIII', 'XYZIZIYYZIII', 'YXIIZZIIYYII', 'ZIXYZZZIYYII', 'XXIZZZYXIIII', 'XIZZIZXYZXII', 'XIIIZZXYYIXY', 'XYZIZIYYZIII', 'YZIXZZZIIYYI', 'IIYXYYZZZZII', 'XIIIZZXYYIXY', 'IXXZIIIZZXYI', 'XYZIZIYYZIII', 'XIIIZZXYYIXY', 'ZZZIZIIZXXXY', 'YZIXZZZIIYYI', 'XYZIZIYYZIII', 'ZIXYZZZIYYII', 'XXIZZZYXIIII', 'IZZZYYYXYXXY', 'XXXZYXXXYXYI', 'ZYXIZZZZZYYI', 'ZXIIIZZZZYII', 'XIIIZZXYYIXY', 'XIZZIZXYZXII', 'YZXZZIZZYZYI', 'ZZZIZIIZXXXY', 'IZZZYYYXYXXY', 'XIIIZZXYYIXY', 'XIZZIZXYZXII', 'ZIXYZZZIYYII', 'YZYXZIZIXZXY', 'YZXZZIZZYZYI', 'YXIIZZIIYYII', 'XIIIZZXYYIXY', 'YZIXZZZIIYYI', 'YZYXZIZIXZXY', 'XXIZZZYXIIII', 'XXXZYXXXYXYI', 'ZXIIIZZZZYII', 'ZZYXIZYYIIII', 'ZYXIZZZZZYYI']
 Finished:     -15.573075147813
 Error:       0.002630457429
1.5




 --------------------------------------------------------------------------
                         ADAPT-VQE iteration:  45
 --------------------------------------------------------------------------
0.005266975125289619
['XIIIZZXYYIXY', 'IZZZYYYXYXXY', 'ZXIIIZZZZYII', 'ZZYXIZYYIIII', 'XYZIZIYYZIII', 'YXIIZZIIYYII', 'ZIXYZZZIYYII', 'XXIZZZYXIIII', 'XIZZIZXYZXII', 'XIIIZZXYYIXY', 'XYZIZIYYZIII', 'YZIXZZZIIYYI', 'IIYXYYZZZZII', 'XIIIZZXYYIXY', 'IIYXYYZZZZII', 'IXXZIIIZZXYI', 'XYZIZIYYZIII', 'XIIIZZXYYIXY', 'ZZZIZIIZXXXY', 'YZIXZZZIIYYI', 'XYZIZIYYZIII', 'ZIXYZZZIYYII', 'XXIZZZYXIIII', 'IZZZYYYXYXXY', 'XXXZYXXXYXYI', 'ZYXIZZZZZYYI', 'ZXIIIZZZZYII', 'XIIIZZXYYIXY', 'XIZZIZXYZXII', 'YZXZZIZZYZYI', 'ZZZIZIIZXXXY', 'IZZZYYYXYXXY', 'XIIIZZXYYIXY', 'XIZZIZXYZXII', 'ZIXYZZZIYYII', 'YZYXZIZIXZXY', 'YZXZZIZZYZYI', 'YXIIZZIIYYII', 'XIIIZZXYYIXY', 'YZIXZZZIIYYI', 'YZYXZIZIXZXY', 'XXIZZZYXIIII', 'XXXZYXXXYXYI', 'ZXIIIZZZZYII', 'ZZYXIZYYIIII', 'ZYXIZZZZZYYI']
 Finished:     -15.573088587238
 Error:       0.002617018005
1.5




 --------------------------------------------------------------------------
                         ADAPT-VQE iteration:  46
 --------------------------------------------------------------------------
0.001674271357950992
['XIIIZZXYYIXY', 'IZZZYYYXYXXY', 'ZXIIIZZZZYII', 'ZZYXIZYYIIII', 'XYZIZIYYZIII', 'YXIIZZIIYYII', 'ZIXYZZZIYYII', 'XXIZZZYXIIII', 'XIZZIZXYZXII', 'XIIIZZXYYIXY', 'XYZIZIYYZIII', 'YZIXZZZIIYYI', 'IIYXYYZZZZII', 'XIIIZZXYYIXY', 'IIYXYYZZZZII', 'IXXZIIIZZXYI', 'XYZIZIYYZIII', 'XIIIZZXYYIXY', 'ZZZIZIIZXXXY', 'YZIXZZZIIYYI', 'XYZIZIYYZIII', 'ZIXYZZZIYYII', 'ZXIIIZZZZYII', 'XXIZZZYXIIII', 'IZZZYYYXYXXY', 'XXXZYXXXYXYI', 'ZYXIZZZZZYYI', 'ZXIIIZZZZYII', 'XIIIZZXYYIXY', 'XIZZIZXYZXII', 'YZXZZIZZYZYI', 'ZZZIZIIZXXXY', 'IZZZYYYXYXXY', 'XIIIZZXYYIXY', 'XIZZIZXYZXII', 'ZIXYZZZIYYII', 'YZYXZIZIXZXY', 'YZXZZIZZYZYI', 'YXIIZZIIYYII', 'XIIIZZXYYIXY', 'YZIXZZZIIYYI', 'YZYXZIZIXZXY', 'XXIZZZYXIIII', 'XXXZYXXXYXYI', 'ZXIIIZZZZYII', 'ZZYXIZYYIIII', 'ZYXIZZZZZYYI']
 Finished:     -15.573131142751
 Error:       0.002574462492
1.5




 --------------------------------------------------------------------------
                         ADAPT-VQE iteration:  47
 --------------------------------------------------------------------------
0.0018977776299378077
slurmstepd: error: *** JOB 132325 ON tc150 CANCELLED AT 2021-04-09T10:56:34 ***
