The list of distances to compute is: [1.0, 1.1, 1.2, 1.3, 1.4, 1.5, 1.6, 1.7, 1.8, 1.9]
I am the distance: 1.0
H 0 0 0; Be 0 0 1.0; H 0 0 2.0
Problem reduced to 12 qubits.
HF energy:                -15.4556677731028103
Active space FCI energy:   -15.4814230552615157
n_electrons: 4
0.0
molecule.n_orbitals: 6
 adapt threshold: 1e-07
 theta threshold: 1e-10
 Generate Sparse Matrices for operators in pool
Ground state energy: -15.481423055261493
initial energy -15.45566777310281
 Start ADAPT-VQE algorithm
 Now start to grow the ansatz




 --------------------------------------------------------------------------
                         ADAPT-VQE iteration:  0
 --------------------------------------------------------------------------
0.0
['ZYXIZZZZZYYI']
 Finished:     -15.457508333956
 Error:       0.023914721306
1.0




 --------------------------------------------------------------------------
                         ADAPT-VQE iteration:  1
 --------------------------------------------------------------------------
0.18048436097463977
['ZIXYZZZIYYII', 'ZYXIZZZZZYYI']
 Finished:     -15.462841776967
 Error:       0.018581278295
1.0




 --------------------------------------------------------------------------
                         ADAPT-VQE iteration:  2
 --------------------------------------------------------------------------
0.12770479699871284
['ZIXYZZZIYYII', 'YXIIZZIIYYII', 'ZYXIZZZZZYYI']
 Finished:     -15.465486730009
 Error:       0.015936325253
1.0




 --------------------------------------------------------------------------
                         ADAPT-VQE iteration:  3
 --------------------------------------------------------------------------
0.13646493704404933
['YZIXZZZIIYYI', 'ZIXYZZZIYYII', 'YXIIZZIIYYII', 'ZYXIZZZZZYYI']
 Finished:     -15.467466972851
 Error:       0.013956082411
1.0




 --------------------------------------------------------------------------
                         ADAPT-VQE iteration:  4
 --------------------------------------------------------------------------
0.10550207110735035
['YZIXZZZIIYYI', 'ZIXYZZZIYYII', 'YXIIZZIIYYII', 'XXIZZZYXIIII', 'ZYXIZZZZZYYI']
 Finished:     -15.470763243979
 Error:       0.010659811282
1.0




 --------------------------------------------------------------------------
                         ADAPT-VQE iteration:  5
 --------------------------------------------------------------------------
0.031031940862039267
['YZIXZZZIIYYI', 'IIYXYYZZZZII', 'ZIXYZZZIYYII', 'YXIIZZIIYYII', 'XXIZZZYXIIII', 'ZYXIZZZZZYYI']
 Finished:     -15.471060669771
 Error:       0.010362385491
1.0




 --------------------------------------------------------------------------
                         ADAPT-VQE iteration:  6
 --------------------------------------------------------------------------
0.018099878164377185
['YZIXZZZIIYYI', 'IIYXYYZZZZII', 'ZIXYZZZIYYII', 'ZXIIIZZZZYII', 'YXIIZZIIYYII', 'XXIZZZYXIIII', 'ZYXIZZZZZYYI']
 Finished:     -15.471167072083
 Error:       0.010255983179
1.0




 --------------------------------------------------------------------------
                         ADAPT-VQE iteration:  7
 --------------------------------------------------------------------------
0.014051864048505683
['YZIXZZZIIYYI', 'IIYXYYZZZZII', 'ZIXYZZZIYYII', 'ZXIIIZZZZYII', 'YXIIZZIIYYII', 'YZYXZIZIXZXY', 'XXIZZZYXIIII', 'ZYXIZZZZZYYI']
 Finished:     -15.471179852792
 Error:       0.010243202469
1.0




 --------------------------------------------------------------------------
                         ADAPT-VQE iteration:  8
 --------------------------------------------------------------------------
0.011521773468114352
['YZIXZZZIIYYI', 'ZZZIZIIZXXXY', 'IIYXYYZZZZII', 'ZIXYZZZIYYII', 'ZXIIIZZZZYII', 'YXIIZZIIYYII', 'YZYXZIZIXZXY', 'XXIZZZYXIIII', 'ZYXIZZZZZYYI']
 Finished:     -15.471184729460
 Error:       0.010238325802
1.0




 --------------------------------------------------------------------------
                         ADAPT-VQE iteration:  9
 --------------------------------------------------------------------------
0.01596946112689252
['YZIXZZZIIYYI', 'ZZZIZIIZXXXY', 'IIYXYYZZZZII', 'ZIXYZZZIYYII', 'ZXIIIZZZZYII', 'ZZZIZIIZXXXY', 'YXIIZZIIYYII', 'YZYXZIZIXZXY', 'XXIZZZYXIIII', 'ZYXIZZZZZYYI']
 Finished:     -15.472708229326
 Error:       0.008714825935
1.0




 --------------------------------------------------------------------------
                         ADAPT-VQE iteration:  10
 --------------------------------------------------------------------------
0.054759685552412604
['YZIXZZZIIYYI', 'ZZZIZIIZXXXY', 'YZIXZZZIIYYI', 'IIYXYYZZZZII', 'ZIXYZZZIYYII', 'ZXIIIZZZZYII', 'ZZZIZIIZXXXY', 'YXIIZZIIYYII', 'YZYXZIZIXZXY', 'XXIZZZYXIIII', 'ZYXIZZZZZYYI']
 Finished:     -15.474959422829
 Error:       0.006463632433
1.0




 --------------------------------------------------------------------------
                         ADAPT-VQE iteration:  11
 --------------------------------------------------------------------------
0.048246857310903515
['YZIXZZZIIYYI', 'ZZZIZIIZXXXY', 'YZIXZZZIIYYI', 'IIYXYYZZZZII', 'ZIXYZZZIYYII', 'ZXIIIZZZZYII', 'ZYXIZZZZZYYI', 'ZZZIZIIZXXXY', 'YXIIZZIIYYII', 'YZYXZIZIXZXY', 'XXIZZZYXIIII', 'ZYXIZZZZZYYI']
 Finished:     -15.476745993235
 Error:       0.004677062027
1.0




 --------------------------------------------------------------------------
                         ADAPT-VQE iteration:  12
 --------------------------------------------------------------------------
0.02234675820819791
['YZIXZZZIIYYI', 'YZXZZIZZYZYI', 'ZZZIZIIZXXXY', 'YZIXZZZIIYYI', 'IIYXYYZZZZII', 'ZIXYZZZIYYII', 'ZXIIIZZZZYII', 'ZYXIZZZZZYYI', 'ZZZIZIIZXXXY', 'YXIIZZIIYYII', 'YZYXZIZIXZXY', 'XXIZZZYXIIII', 'ZYXIZZZZZYYI']
 Finished:     -15.476809586240
 Error:       0.004613469022
1.0




 --------------------------------------------------------------------------
                         ADAPT-VQE iteration:  13
 --------------------------------------------------------------------------
0.010925747197538298
['YZIXZZZIIYYI', 'YZXZZIZZYZYI', 'ZZZIZIIZXXXY', 'YZIXZZZIIYYI', 'IIYXYYZZZZII', 'ZIXYZZZIYYII', 'ZXIIIZZZZYII', 'ZZYXIZYYIIII', 'ZYXIZZZZZYYI', 'ZZZIZIIZXXXY', 'YXIIZZIIYYII', 'YZYXZIZIXZXY', 'XXIZZZYXIIII', 'ZYXIZZZZZYYI']
 Finished:     -15.476846309858
 Error:       0.004576745404
1.0




 --------------------------------------------------------------------------
                         ADAPT-VQE iteration:  14
 --------------------------------------------------------------------------
0.0069043539699326015
['YZIXZZZIIYYI', 'YZXZZIZZYZYI', 'IXXZIIIZZXYI', 'ZZZIZIIZXXXY', 'YZIXZZZIIYYI', 'IIYXYYZZZZII', 'ZIXYZZZIYYII', 'ZXIIIZZZZYII', 'ZZYXIZYYIIII', 'ZYXIZZZZZYYI', 'ZZZIZIIZXXXY', 'YXIIZZIIYYII', 'YZYXZIZIXZXY', 'XXIZZZYXIIII', 'ZYXIZZZZZYYI']
 Finished:     -15.476915037188
 Error:       0.004508018073
1.0




 --------------------------------------------------------------------------
                         ADAPT-VQE iteration:  15
 --------------------------------------------------------------------------
0.0063948072144692225
['YZIXZZZIIYYI', 'YZXZZIZZYZYI', 'IXXZIIIZZXYI', 'ZZZIZIIZXXXY', 'YZIXZZZIIYYI', 'IIYXYYZZZZII', 'ZIXYZZZIYYII', 'ZXIIIZZZZYII', 'ZZYXIZYYIIII', 'ZYXIZZZZZYYI', 'ZZZIZIIZXXXY', 'YZXZZIZZYZYI', 'YXIIZZIIYYII', 'YZYXZIZIXZXY', 'XXIZZZYXIIII', 'ZYXIZZZZZYYI']
 Finished:     -15.477721250638
 Error:       0.003701804623
1.0




 --------------------------------------------------------------------------
                         ADAPT-VQE iteration:  16
 --------------------------------------------------------------------------
0.010571902041127044
['YZIXZZZIIYYI', 'XYZIZIYYZIII', 'YZXZZIZZYZYI', 'IXXZIIIZZXYI', 'ZZZIZIIZXXXY', 'YZIXZZZIIYYI', 'IIYXYYZZZZII', 'ZIXYZZZIYYII', 'ZXIIIZZZZYII', 'ZZYXIZYYIIII', 'ZYXIZZZZZYYI', 'ZZZIZIIZXXXY', 'YZXZZIZZYZYI', 'YXIIZZIIYYII', 'YZYXZIZIXZXY', 'XXIZZZYXIIII', 'ZYXIZZZZZYYI']
 Finished:     -15.477777772233
 Error:       0.003645283028
1.0




 --------------------------------------------------------------------------
                         ADAPT-VQE iteration:  17
 --------------------------------------------------------------------------
0.005628582319634569
['IXXZIIIZZXYI', 'YZIXZZZIIYYI', 'XYZIZIYYZIII', 'YZXZZIZZYZYI', 'IXXZIIIZZXYI', 'ZZZIZIIZXXXY', 'YZIXZZZIIYYI', 'IIYXYYZZZZII', 'ZIXYZZZIYYII', 'ZXIIIZZZZYII', 'ZZYXIZYYIIII', 'ZYXIZZZZZYYI', 'ZZZIZIIZXXXY', 'YZXZZIZZYZYI', 'YXIIZZIIYYII', 'YZYXZIZIXZXY', 'XXIZZZYXIIII', 'ZYXIZZZZZYYI']
 Finished:     -15.477834134103
 Error:       0.003588921158
1.0




 --------------------------------------------------------------------------
                         ADAPT-VQE iteration:  18
 --------------------------------------------------------------------------
0.007758764210982703
['IXXZIIIZZXYI', 'YZIXZZZIIYYI', 'XYZIZIYYZIII', 'YZXZZIZZYZYI', 'IXXZIIIZZXYI', 'ZZZIZIIZXXXY', 'YZIXZZZIIYYI', 'IIYXYYZZZZII', 'ZIXYZZZIYYII', 'ZXIIIZZZZYII', 'ZZYXIZYYIIII', 'ZYXIZZZZZYYI', 'ZIXYZZZIYYII', 'ZZZIZIIZXXXY', 'YZXZZIZZYZYI', 'YXIIZZIIYYII', 'YZYXZIZIXZXY', 'XXIZZZYXIIII', 'ZYXIZZZZZYYI']
 Finished:     -15.477885326789
 Error:       0.003537728472
1.0




 --------------------------------------------------------------------------
                         ADAPT-VQE iteration:  19
 --------------------------------------------------------------------------
0.006012656114542016
['XXIZZZYXIIII', 'IXXZIIIZZXYI', 'YZIXZZZIIYYI', 'XYZIZIYYZIII', 'YZXZZIZZYZYI', 'IXXZIIIZZXYI', 'ZZZIZIIZXXXY', 'YZIXZZZIIYYI', 'IIYXYYZZZZII', 'ZIXYZZZIYYII', 'ZXIIIZZZZYII', 'ZZYXIZYYIIII', 'ZYXIZZZZZYYI', 'ZIXYZZZIYYII', 'ZZZIZIIZXXXY', 'YZXZZIZZYZYI', 'YXIIZZIIYYII', 'YZYXZIZIXZXY', 'XXIZZZYXIIII', 'ZYXIZZZZZYYI']
 Finished:     -15.477989060766
 Error:       0.003433994496
1.0




 --------------------------------------------------------------------------
                         ADAPT-VQE iteration:  20
 --------------------------------------------------------------------------
0.0069706267063303195
['XXIZZZYXIIII', 'IXXZIIIZZXYI', 'YZIXZZZIIYYI', 'XYZIZIYYZIII', 'YZXZZIZZYZYI', 'IXXZIIIZZXYI', 'ZZZIZIIZXXXY', 'YZIXZZZIIYYI', 'IIYXYYZZZZII', 'ZIXYZZZIYYII', 'ZXIIIZZZZYII', 'ZZYXIZYYIIII', 'ZYXIZZZZZYYI', 'ZXIIIZZZZYII', 'ZIXYZZZIYYII', 'ZZZIZIIZXXXY', 'YZXZZIZZYZYI', 'YXIIZZIIYYII', 'YZYXZIZIXZXY', 'XXIZZZYXIIII', 'ZYXIZZZZZYYI']
 Finished:     -15.478013874945
 Error:       0.003409180317
1.0




 --------------------------------------------------------------------------
                         ADAPT-VQE iteration:  21
 --------------------------------------------------------------------------
0.0063496562741473615
['XXIZZZYXIIII', 'IXXZIIIZZXYI', 'YZIXZZZIIYYI', 'XYZIZIYYZIII', 'YZXZZIZZYZYI', 'IXXZIIIZZXYI', 'ZZZIZIIZXXXY', 'YZIXZZZIIYYI', 'IIYXYYZZZZII', 'ZIXYZZZIYYII', 'ZXIIIZZZZYII', 'ZZYXIZYYIIII', 'ZYXIZZZZZYYI', 'ZXIIIZZZZYII', 'ZIXYZZZIYYII', 'ZZZIZIIZXXXY', 'XIZZIZXYZXII', 'YZXZZIZZYZYI', 'YXIIZZIIYYII', 'YZYXZIZIXZXY', 'XXIZZZYXIIII', 'ZYXIZZZZZYYI']
 Finished:     -15.478019720105
 Error:       0.003403335156
1.0




 --------------------------------------------------------------------------
                         ADAPT-VQE iteration:  22
 --------------------------------------------------------------------------
0.00453257603720191
['XXIZZZYXIIII', 'IXXZIIIZZXYI', 'YZIXZZZIIYYI', 'XYZIZIYYZIII', 'ZZYXIZYYIIII', 'YZXZZIZZYZYI', 'IXXZIIIZZXYI', 'ZZZIZIIZXXXY', 'YZIXZZZIIYYI', 'IIYXYYZZZZII', 'ZIXYZZZIYYII', 'ZXIIIZZZZYII', 'ZZYXIZYYIIII', 'ZYXIZZZZZYYI', 'ZXIIIZZZZYII', 'ZIXYZZZIYYII', 'ZZZIZIIZXXXY', 'XIZZIZXYZXII', 'YZXZZIZZYZYI', 'YXIIZZIIYYII', 'YZYXZIZIXZXY', 'XXIZZZYXIIII', 'ZYXIZZZZZYYI']
 Finished:     -15.478030513538
 Error:       0.003392541724
1.0




 --------------------------------------------------------------------------
                         ADAPT-VQE iteration:  23
 --------------------------------------------------------------------------
0.004328969586449573
['IIYXYYZZZZII', 'XXIZZZYXIIII', 'IXXZIIIZZXYI', 'YZIXZZZIIYYI', 'XYZIZIYYZIII', 'ZZYXIZYYIIII', 'YZXZZIZZYZYI', 'IXXZIIIZZXYI', 'ZZZIZIIZXXXY', 'YZIXZZZIIYYI', 'IIYXYYZZZZII', 'ZIXYZZZIYYII', 'ZXIIIZZZZYII', 'ZZYXIZYYIIII', 'ZYXIZZZZZYYI', 'ZXIIIZZZZYII', 'ZIXYZZZIYYII', 'ZZZIZIIZXXXY', 'XIZZIZXYZXII', 'YZXZZIZZYZYI', 'YXIIZZIIYYII', 'YZYXZIZIXZXY', 'XXIZZZYXIIII', 'ZYXIZZZZZYYI']
 Finished:     -15.478067108281
 Error:       0.003355946980
1.0




 --------------------------------------------------------------------------
                         ADAPT-VQE iteration:  24
 --------------------------------------------------------------------------
0.00485657471459113
['IIYXYYZZZZII', 'ZZZIZIIZXXXY', 'XXIZZZYXIIII', 'IXXZIIIZZXYI', 'YZIXZZZIIYYI', 'XYZIZIYYZIII', 'ZZYXIZYYIIII', 'YZXZZIZZYZYI', 'IXXZIIIZZXYI', 'ZZZIZIIZXXXY', 'YZIXZZZIIYYI', 'IIYXYYZZZZII', 'ZIXYZZZIYYII', 'ZXIIIZZZZYII', 'ZZYXIZYYIIII', 'ZYXIZZZZZYYI', 'ZXIIIZZZZYII', 'ZIXYZZZIYYII', 'ZZZIZIIZXXXY', 'XIZZIZXYZXII', 'YZXZZIZZYZYI', 'YXIIZZIIYYII', 'YZYXZIZIXZXY', 'XXIZZZYXIIII', 'ZYXIZZZZZYYI']
 Finished:     -15.478077169566
 Error:       0.003345885696
1.0




 --------------------------------------------------------------------------
                         ADAPT-VQE iteration:  25
 --------------------------------------------------------------------------
0.00341134026064161
['IIYXYYZZZZII', 'ZZZIZIIZXXXY', 'XXIZZZYXIIII', 'IXXZIIIZZXYI', 'YZIXZZZIIYYI', 'XYZIZIYYZIII', 'ZZYXIZYYIIII', 'YZXZZIZZYZYI', 'IXXZIIIZZXYI', 'ZZZIZIIZXXXY', 'XIZZIZXYZXII', 'YZIXZZZIIYYI', 'IIYXYYZZZZII', 'ZIXYZZZIYYII', 'ZXIIIZZZZYII', 'ZZYXIZYYIIII', 'ZYXIZZZZZYYI', 'ZXIIIZZZZYII', 'ZIXYZZZIYYII', 'ZZZIZIIZXXXY', 'XIZZIZXYZXII', 'YZXZZIZZYZYI', 'YXIIZZIIYYII', 'YZYXZIZIXZXY', 'XXIZZZYXIIII', 'ZYXIZZZZZYYI']
 Finished:     -15.478080964128
 Error:       0.003342091133
1.0




 --------------------------------------------------------------------------
                         ADAPT-VQE iteration:  26
 --------------------------------------------------------------------------
0.0031037891901042757
['IIYXYYZZZZII', 'ZZZIZIIZXXXY', 'XXIZZZYXIIII', 'IXXZIIIZZXYI', 'YZIXZZZIIYYI', 'XYZIZIYYZIII', 'ZZYXIZYYIIII', 'YZXZZIZZYZYI', 'IXXZIIIZZXYI', 'ZZZIZIIZXXXY', 'XIZZIZXYZXII', 'YZIXZZZIIYYI', 'IIYXYYZZZZII', 'ZIXYZZZIYYII', 'ZXIIIZZZZYII', 'ZZYXIZYYIIII', 'ZYXIZZZZZYYI', 'ZXIIIZZZZYII', 'ZIXYZZZIYYII', 'ZZZIZIIZXXXY', 'XIZZIZXYZXII', 'YZXZZIZZYZYI', 'YXIIZZIIYYII', 'XIIIZZXYYIXY', 'YZYXZIZIXZXY', 'XXIZZZYXIIII', 'ZYXIZZZZZYYI']
 Finished:     -15.478081451887
 Error:       0.003341603375
1.0




 --------------------------------------------------------------------------
                         ADAPT-VQE iteration:  27
 --------------------------------------------------------------------------
0.002836364222393229
['XYZIZIYYZIII', 'IIYXYYZZZZII', 'ZZZIZIIZXXXY', 'XXIZZZYXIIII', 'IXXZIIIZZXYI', 'YZIXZZZIIYYI', 'XYZIZIYYZIII', 'ZZYXIZYYIIII', 'YZXZZIZZYZYI', 'IXXZIIIZZXYI', 'ZZZIZIIZXXXY', 'XIZZIZXYZXII', 'YZIXZZZIIYYI', 'IIYXYYZZZZII', 'ZIXYZZZIYYII', 'ZXIIIZZZZYII', 'ZZYXIZYYIIII', 'ZYXIZZZZZYYI', 'ZXIIIZZZZYII', 'ZIXYZZZIYYII', 'ZZZIZIIZXXXY', 'XIZZIZXYZXII', 'YZXZZIZZYZYI', 'YXIIZZIIYYII', 'XIIIZZXYYIXY', 'YZYXZIZIXZXY', 'XXIZZZYXIIII', 'ZYXIZZZZZYYI']
 Finished:     -15.478138420405
 Error:       0.003284634857
1.0




 --------------------------------------------------------------------------
                         ADAPT-VQE iteration:  28
 --------------------------------------------------------------------------
0.0030398291276369695
['XYZIZIYYZIII', 'IIYXYYZZZZII', 'ZZZIZIIZXXXY', 'XXIZZZYXIIII', 'IXXZIIIZZXYI', 'YZIXZZZIIYYI', 'IIYXYYZZZZII', 'XYZIZIYYZIII', 'ZZYXIZYYIIII', 'YZXZZIZZYZYI', 'IXXZIIIZZXYI', 'ZZZIZIIZXXXY', 'XIZZIZXYZXII', 'YZIXZZZIIYYI', 'IIYXYYZZZZII', 'ZIXYZZZIYYII', 'ZXIIIZZZZYII', 'ZZYXIZYYIIII', 'ZYXIZZZZZYYI', 'ZXIIIZZZZYII', 'ZIXYZZZIYYII', 'ZZZIZIIZXXXY', 'XIZZIZXYZXII', 'YZXZZIZZYZYI', 'YXIIZZIIYYII', 'XIIIZZXYYIXY', 'YZYXZIZIXZXY', 'XXIZZZYXIIII', 'ZYXIZZZZZYYI']
 Finished:     -15.478140447861
 Error:       0.003282607401
1.0




 --------------------------------------------------------------------------
                         ADAPT-VQE iteration:  29
 --------------------------------------------------------------------------
0.0012506510728797846
['XYZIZIYYZIII', 'IIYXYYZZZZII', 'ZZZIZIIZXXXY', 'XXIZZZYXIIII', 'IXXZIIIZZXYI', 'YZIXZZZIIYYI', 'IIYXYYZZZZII', 'XYZIZIYYZIII', 'ZZYXIZYYIIII', 'YZXZZIZZYZYI', 'IXXZIIIZZXYI', 'ZZZIZIIZXXXY', 'XIZZIZXYZXII', 'YZIXZZZIIYYI', 'IIYXYYZZZZII', 'ZIXYZZZIYYII', 'ZXIIIZZZZYII', 'ZZYXIZYYIIII', 'ZYXIZZZZZYYI', 'ZXIIIZZZZYII', 'XXIZZZYXIIII', 'ZIXYZZZIYYII', 'ZZZIZIIZXXXY', 'XIZZIZXYZXII', 'YZXZZIZZYZYI', 'YXIIZZIIYYII', 'XIIIZZXYYIXY', 'YZYXZIZIXZXY', 'XXIZZZYXIIII', 'ZYXIZZZZZYYI']
 Finished:     -15.478145836433
 Error:       0.003277218829
1.0




 --------------------------------------------------------------------------
                         ADAPT-VQE iteration:  30
 --------------------------------------------------------------------------
0.0017186940916251944
['XYZIZIYYZIII', 'IIYXYYZZZZII', 'ZZZIZIIZXXXY', 'XXIZZZYXIIII', 'IXXZIIIZZXYI', 'XYZIZIYYZIII', 'YZIXZZZIIYYI', 'IIYXYYZZZZII', 'XYZIZIYYZIII', 'ZZYXIZYYIIII', 'YZXZZIZZYZYI', 'IXXZIIIZZXYI', 'ZZZIZIIZXXXY', 'XIZZIZXYZXII', 'YZIXZZZIIYYI', 'IIYXYYZZZZII', 'ZIXYZZZIYYII', 'ZXIIIZZZZYII', 'ZZYXIZYYIIII', 'ZYXIZZZZZYYI', 'ZXIIIZZZZYII', 'XXIZZZYXIIII', 'ZIXYZZZIYYII', 'ZZZIZIIZXXXY', 'XIZZIZXYZXII', 'YZXZZIZZYZYI', 'YXIIZZIIYYII', 'XIIIZZXYYIXY', 'YZYXZIZIXZXY', 'XXIZZZYXIIII', 'ZYXIZZZZZYYI']
 Finished:     -15.478165569712
 Error:       0.003257485550
1.0




 --------------------------------------------------------------------------
                         ADAPT-VQE iteration:  31
 --------------------------------------------------------------------------
0.0019680395855758114
['XYZIZIYYZIII', 'IIYXYYZZZZII', 'ZZZIZIIZXXXY', 'XXIZZZYXIIII', 'IXXZIIIZZXYI', 'XYZIZIYYZIII', 'YZIXZZZIIYYI', 'ZZZIZIIZXXXY', 'IIYXYYZZZZII', 'XYZIZIYYZIII', 'ZZYXIZYYIIII', 'YZXZZIZZYZYI', 'IXXZIIIZZXYI', 'ZZZIZIIZXXXY', 'XIZZIZXYZXII', 'YZIXZZZIIYYI', 'IIYXYYZZZZII', 'ZIXYZZZIYYII', 'ZXIIIZZZZYII', 'ZZYXIZYYIIII', 'ZYXIZZZZZYYI', 'ZXIIIZZZZYII', 'XXIZZZYXIIII', 'ZIXYZZZIYYII', 'ZZZIZIIZXXXY', 'XIZZIZXYZXII', 'YZXZZIZZYZYI', 'YXIIZZIIYYII', 'XIIIZZXYYIXY', 'YZYXZIZIXZXY', 'XXIZZZYXIIII', 'ZYXIZZZZZYYI']
 Finished:     -15.478185835648
 Error:       0.003237219614
1.0




 --------------------------------------------------------------------------
                         ADAPT-VQE iteration:  32
 --------------------------------------------------------------------------
0.0032904013461944855
['XYZIZIYYZIII', 'IIYXYYZZZZII', 'ZZZIZIIZXXXY', 'XXIZZZYXIIII', 'IXXZIIIZZXYI', 'XYZIZIYYZIII', 'YZIXZZZIIYYI', 'ZZZIZIIZXXXY', 'IIYXYYZZZZII', 'XYZIZIYYZIII', 'ZZYXIZYYIIII', 'YZXZZIZZYZYI', 'IXXZIIIZZXYI', 'ZZZIZIIZXXXY', 'XIZZIZXYZXII', 'YZIXZZZIIYYI', 'IIYXYYZZZZII', 'ZIXYZZZIYYII', 'ZXIIIZZZZYII', 'ZZYXIZYYIIII', 'ZYXIZZZZZYYI', 'ZXIIIZZZZYII', 'XXIZZZYXIIII', 'ZIXYZZZIYYII', 'ZZZIZIIZXXXY', 'XIZZIZXYZXII', 'YZXZZIZZYZYI', 'ZZYXIZYYIIII', 'YXIIZZIIYYII', 'XIIIZZXYYIXY', 'YZYXZIZIXZXY', 'XXIZZZYXIIII', 'ZYXIZZZZZYYI']
 Finished:     -15.478197363381
 Error:       0.003225691881
1.0




 --------------------------------------------------------------------------
                         ADAPT-VQE iteration:  33
 --------------------------------------------------------------------------
0.0013350929019813216
['XYZIZIYYZIII', 'IIYXYYZZZZII', 'ZZZIZIIZXXXY', 'XXIZZZYXIIII', 'IXXZIIIZZXYI', 'XYZIZIYYZIII', 'YZIXZZZIIYYI', 'ZZZIZIIZXXXY', 'ZXIIIZZZZYII', 'IIYXYYZZZZII', 'XYZIZIYYZIII', 'ZZYXIZYYIIII', 'YZXZZIZZYZYI', 'IXXZIIIZZXYI', 'ZZZIZIIZXXXY', 'XIZZIZXYZXII', 'YZIXZZZIIYYI', 'IIYXYYZZZZII', 'ZIXYZZZIYYII', 'ZXIIIZZZZYII', 'ZZYXIZYYIIII', 'ZYXIZZZZZYYI', 'ZXIIIZZZZYII', 'XXIZZZYXIIII', 'ZIXYZZZIYYII', 'ZZZIZIIZXXXY', 'XIZZIZXYZXII', 'YZXZZIZZYZYI', 'ZZYXIZYYIIII', 'YXIIZZIIYYII', 'XIIIZZXYYIXY', 'YZYXZIZIXZXY', 'XXIZZZYXIIII', 'ZYXIZZZZZYYI']
 Finished:     -15.478204010095
 Error:       0.003219045167
1.0




 --------------------------------------------------------------------------
                         ADAPT-VQE iteration:  34
 --------------------------------------------------------------------------
0.0011290112946363154
['XYZIZIYYZIII', 'YZYXZIZIXZXY', 'IIYXYYZZZZII', 'ZZZIZIIZXXXY', 'XXIZZZYXIIII', 'IXXZIIIZZXYI', 'XYZIZIYYZIII', 'YZIXZZZIIYYI', 'ZZZIZIIZXXXY', 'ZXIIIZZZZYII', 'IIYXYYZZZZII', 'XYZIZIYYZIII', 'ZZYXIZYYIIII', 'YZXZZIZZYZYI', 'IXXZIIIZZXYI', 'ZZZIZIIZXXXY', 'XIZZIZXYZXII', 'YZIXZZZIIYYI', 'IIYXYYZZZZII', 'ZIXYZZZIYYII', 'ZXIIIZZZZYII', 'ZZYXIZYYIIII', 'ZYXIZZZZZYYI', 'ZXIIIZZZZYII', 'XXIZZZYXIIII', 'ZIXYZZZIYYII', 'ZZZIZIIZXXXY', 'XIZZIZXYZXII', 'YZXZZIZZYZYI', 'ZZYXIZYYIIII', 'YXIIZZIIYYII', 'XIIIZZXYYIXY', 'YZYXZIZIXZXY', 'XXIZZZYXIIII', 'ZYXIZZZZZYYI']
 Finished:     -15.478205887425
 Error:       0.003217167836
1.0




 --------------------------------------------------------------------------
                         ADAPT-VQE iteration:  35
 --------------------------------------------------------------------------
0.0007170031748150534
['XYZIZIYYZIII', 'YZYXZIZIXZXY', 'IIYXYYZZZZII', 'ZZZIZIIZXXXY', 'XXIZZZYXIIII', 'IXXZIIIZZXYI', 'XYZIZIYYZIII', 'YZIXZZZIIYYI', 'ZZZIZIIZXXXY', 'ZXIIIZZZZYII', 'IIYXYYZZZZII', 'XYZIZIYYZIII', 'ZZYXIZYYIIII', 'ZXIIIZZZZYII', 'YZXZZIZZYZYI', 'IXXZIIIZZXYI', 'ZZZIZIIZXXXY', 'XIZZIZXYZXII', 'YZIXZZZIIYYI', 'IIYXYYZZZZII', 'ZIXYZZZIYYII', 'ZXIIIZZZZYII', 'ZZYXIZYYIIII', 'ZYXIZZZZZYYI', 'ZXIIIZZZZYII', 'XXIZZZYXIIII', 'ZIXYZZZIYYII', 'ZZZIZIIZXXXY', 'XIZZIZXYZXII', 'YZXZZIZZYZYI', 'ZZYXIZYYIIII', 'YXIIZZIIYYII', 'XIIIZZXYYIXY', 'YZYXZIZIXZXY', 'XXIZZZYXIIII', 'ZYXIZZZZZYYI']
 Finished:     -15.478243690442
 Error:       0.003179364820
1.0




 --------------------------------------------------------------------------
                         ADAPT-VQE iteration:  36
 --------------------------------------------------------------------------
0.0022768813885457985
['XYZIZIYYZIII', 'YZYXZIZIXZXY', 'IIYXYYZZZZII', 'ZZZIZIIZXXXY', 'XXIZZZYXIIII', 'IXXZIIIZZXYI', 'XYZIZIYYZIII', 'YZIXZZZIIYYI', 'ZZZIZIIZXXXY', 'ZXIIIZZZZYII', 'IIYXYYZZZZII', 'XYZIZIYYZIII', 'ZZYXIZYYIIII', 'ZXIIIZZZZYII', 'YZXZZIZZYZYI', 'IXXZIIIZZXYI', 'XIIIZZXYYIXY', 'ZZZIZIIZXXXY', 'XIZZIZXYZXII', 'YZIXZZZIIYYI', 'IIYXYYZZZZII', 'ZIXYZZZIYYII', 'ZXIIIZZZZYII', 'ZZYXIZYYIIII', 'ZYXIZZZZZYYI', 'ZXIIIZZZZYII', 'XXIZZZYXIIII', 'ZIXYZZZIYYII', 'ZZZIZIIZXXXY', 'XIZZIZXYZXII', 'YZXZZIZZYZYI', 'ZZYXIZYYIIII', 'YXIIZZIIYYII', 'XIIIZZXYYIXY', 'YZYXZIZIXZXY', 'XXIZZZYXIIII', 'ZYXIZZZZZYYI']
 Finished:     -15.478243927997
 Error:       0.003179127265
1.0




 --------------------------------------------------------------------------
                         ADAPT-VQE iteration:  37
 --------------------------------------------------------------------------
0.001460679640281277
['XYZIZIYYZIII', 'YZYXZIZIXZXY', 'IIYXYYZZZZII', 'ZZZIZIIZXXXY', 'XXIZZZYXIIII', 'IXXZIIIZZXYI', 'XYZIZIYYZIII', 'YZIXZZZIIYYI', 'ZZZIZIIZXXXY', 'ZXIIIZZZZYII', 'ZZZIZIIZXXXY', 'IIYXYYZZZZII', 'XYZIZIYYZIII', 'ZZYXIZYYIIII', 'ZXIIIZZZZYII', 'YZXZZIZZYZYI', 'IXXZIIIZZXYI', 'XIIIZZXYYIXY', 'ZZZIZIIZXXXY', 'XIZZIZXYZXII', 'YZIXZZZIIYYI', 'IIYXYYZZZZII', 'ZIXYZZZIYYII', 'ZXIIIZZZZYII', 'ZZYXIZYYIIII', 'ZYXIZZZZZYYI', 'ZXIIIZZZZYII', 'XXIZZZYXIIII', 'ZIXYZZZIYYII', 'ZZZIZIIZXXXY', 'XIZZIZXYZXII', 'YZXZZIZZYZYI', 'ZZYXIZYYIIII', 'YXIIZZIIYYII', 'XIIIZZXYYIXY', 'YZYXZIZIXZXY', 'XXIZZZYXIIII', 'ZYXIZZZZZYYI']
 Finished:     -15.478248572748
 Error:       0.003174482514
1.0




 --------------------------------------------------------------------------
                         ADAPT-VQE iteration:  38
 --------------------------------------------------------------------------
0.0006539432341410561
['XYZIZIYYZIII', 'YZYXZIZIXZXY', 'IIYXYYZZZZII', 'ZZZIZIIZXXXY', 'XXIZZZYXIIII', 'IXXZIIIZZXYI', 'XYZIZIYYZIII', 'YZIXZZZIIYYI', 'ZZZIZIIZXXXY', 'ZXIIIZZZZYII', 'ZZZIZIIZXXXY', 'IIYXYYZZZZII', 'XYZIZIYYZIII', 'ZZYXIZYYIIII', 'ZXIIIZZZZYII', 'YZXZZIZZYZYI', 'IXXZIIIZZXYI', 'XIIIZZXYYIXY', 'ZZZIZIIZXXXY', 'XIZZIZXYZXII', 'YZIXZZZIIYYI', 'IIYXYYZZZZII', 'ZIXYZZZIYYII', 'ZXIIIZZZZYII', 'ZZYXIZYYIIII', 'ZYXIZZZZZYYI', 'ZXIIIZZZZYII', 'XXIZZZYXIIII', 'ZIXYZZZIYYII', 'ZZZIZIIZXXXY', 'XIZZIZXYZXII', 'YZXZZIZZYZYI', 'ZZYXIZYYIIII', 'YXIIZZIIYYII', 'XIZZIZXYZXII', 'XIIIZZXYYIXY', 'YZYXZIZIXZXY', 'XXIZZZYXIIII', 'ZYXIZZZZZYYI']
 Finished:     -15.478248781423
 Error:       0.003174273839
1.0




 --------------------------------------------------------------------------
                         ADAPT-VQE iteration:  39
 --------------------------------------------------------------------------
0.0006316915391243362
['XYZIZIYYZIII', 'YZYXZIZIXZXY', 'IIYXYYZZZZII', 'ZZZIZIIZXXXY', 'XXIZZZYXIIII', 'IXXZIIIZZXYI', 'XIIIZZXYYIXY', 'XYZIZIYYZIII', 'YZIXZZZIIYYI', 'ZZZIZIIZXXXY', 'ZXIIIZZZZYII', 'ZZZIZIIZXXXY', 'IIYXYYZZZZII', 'XYZIZIYYZIII', 'ZZYXIZYYIIII', 'ZXIIIZZZZYII', 'YZXZZIZZYZYI', 'IXXZIIIZZXYI', 'XIIIZZXYYIXY', 'ZZZIZIIZXXXY', 'XIZZIZXYZXII', 'YZIXZZZIIYYI', 'IIYXYYZZZZII', 'ZIXYZZZIYYII', 'ZXIIIZZZZYII', 'ZZYXIZYYIIII', 'ZYXIZZZZZYYI', 'ZXIIIZZZZYII', 'XXIZZZYXIIII', 'ZIXYZZZIYYII', 'ZZZIZIIZXXXY', 'XIZZIZXYZXII', 'YZXZZIZZYZYI', 'ZZYXIZYYIIII', 'YXIIZZIIYYII', 'XIZZIZXYZXII', 'XIIIZZXYYIXY', 'YZYXZIZIXZXY', 'XXIZZZYXIIII', 'ZYXIZZZZZYYI']
 Finished:     -15.478248797155
 Error:       0.003174258106
1.0




 --------------------------------------------------------------------------
                         ADAPT-VQE iteration:  40
 --------------------------------------------------------------------------
0.00038595782263802685
['XYZIZIYYZIII', 'YZYXZIZIXZXY', 'IIYXYYZZZZII', 'ZZZIZIIZXXXY', 'XXIZZZYXIIII', 'IXXZIIIZZXYI', 'XIIIZZXYYIXY', 'XYZIZIYYZIII', 'YZIXZZZIIYYI', 'ZZZIZIIZXXXY', 'ZXIIIZZZZYII', 'ZZZIZIIZXXXY', 'IIYXYYZZZZII', 'XYZIZIYYZIII', 'ZZYXIZYYIIII', 'ZXIIIZZZZYII', 'YZXZZIZZYZYI', 'IXXZIIIZZXYI', 'XIIIZZXYYIXY', 'ZZZIZIIZXXXY', 'YZYXZIZIXZXY', 'XIZZIZXYZXII', 'YZIXZZZIIYYI', 'IIYXYYZZZZII', 'ZIXYZZZIYYII', 'ZXIIIZZZZYII', 'ZZYXIZYYIIII', 'ZYXIZZZZZYYI', 'ZXIIIZZZZYII', 'XXIZZZYXIIII', 'ZIXYZZZIYYII', 'ZZZIZIIZXXXY', 'XIZZIZXYZXII', 'YZXZZIZZYZYI', 'ZZYXIZYYIIII', 'YXIIZZIIYYII', 'XIZZIZXYZXII', 'XIIIZZXYYIXY', 'YZYXZIZIXZXY', 'XXIZZZYXIIII', 'ZYXIZZZZZYYI']
 Finished:     -15.478251356423
 Error:       0.003171698838
1.0




 --------------------------------------------------------------------------
                         ADAPT-VQE iteration:  41
 --------------------------------------------------------------------------
0.0008202756009927586
['YZYXZIZIXZXY', 'XYZIZIYYZIII', 'YZYXZIZIXZXY', 'IIYXYYZZZZII', 'ZZZIZIIZXXXY', 'XXIZZZYXIIII', 'IXXZIIIZZXYI', 'XIIIZZXYYIXY', 'XYZIZIYYZIII', 'YZIXZZZIIYYI', 'ZZZIZIIZXXXY', 'ZXIIIZZZZYII', 'ZZZIZIIZXXXY', 'IIYXYYZZZZII', 'XYZIZIYYZIII', 'ZZYXIZYYIIII', 'ZXIIIZZZZYII', 'YZXZZIZZYZYI', 'IXXZIIIZZXYI', 'XIIIZZXYYIXY', 'ZZZIZIIZXXXY', 'YZYXZIZIXZXY', 'XIZZIZXYZXII', 'YZIXZZZIIYYI', 'IIYXYYZZZZII', 'ZIXYZZZIYYII', 'ZXIIIZZZZYII', 'ZZYXIZYYIIII', 'ZYXIZZZZZYYI', 'ZXIIIZZZZYII', 'XXIZZZYXIIII', 'ZIXYZZZIYYII', 'ZZZIZIIZXXXY', 'XIZZIZXYZXII', 'YZXZZIZZYZYI', 'ZZYXIZYYIIII', 'YXIIZZIIYYII', 'XIZZIZXYZXII', 'XIIIZZXYYIXY', 'YZYXZIZIXZXY', 'XXIZZZYXIIII', 'ZYXIZZZZZYYI']
 Finished:     -15.478272317942
 Error:       0.003150737319
1.0




 --------------------------------------------------------------------------
                         ADAPT-VQE iteration:  42
 --------------------------------------------------------------------------
0.002198583744834291
['YZYXZIZIXZXY', 'XYZIZIYYZIII', 'YZYXZIZIXZXY', 'IIYXYYZZZZII', 'ZZZIZIIZXXXY', 'XXIZZZYXIIII', 'IXXZIIIZZXYI', 'XIIIZZXYYIXY', 'XYZIZIYYZIII', 'YZIXZZZIIYYI', 'ZZZIZIIZXXXY', 'ZXIIIZZZZYII', 'ZZZIZIIZXXXY', 'IIYXYYZZZZII', 'XYZIZIYYZIII', 'ZZYXIZYYIIII', 'ZXIIIZZZZYII', 'YZXZZIZZYZYI', 'IXXZIIIZZXYI', 'XIIIZZXYYIXY', 'ZZZIZIIZXXXY', 'YZYXZIZIXZXY', 'XIZZIZXYZXII', 'YZIXZZZIIYYI', 'IIYXYYZZZZII', 'ZIXYZZZIYYII', 'ZXIIIZZZZYII', 'ZZYXIZYYIIII', 'ZYXIZZZZZYYI', 'ZXIIIZZZZYII', 'XXIZZZYXIIII', 'ZIXYZZZIYYII', 'ZZZIZIIZXXXY', 'XIZZIZXYZXII', 'XIIIZZXYYIXY', 'YZXZZIZZYZYI', 'ZZYXIZYYIIII', 'YXIIZZIIYYII', 'XIZZIZXYZXII', 'XIIIZZXYYIXY', 'YZYXZIZIXZXY', 'XXIZZZYXIIII', 'ZYXIZZZZZYYI']
 Finished:     -15.478273196296
 Error:       0.003149858965
1.0




 --------------------------------------------------------------------------
                         ADAPT-VQE iteration:  43
 --------------------------------------------------------------------------
0.0012161202507677557
['YZYXZIZIXZXY', 'XYZIZIYYZIII', 'YZYXZIZIXZXY', 'IIYXYYZZZZII', 'ZZZIZIIZXXXY', 'XXIZZZYXIIII', 'IXXZIIIZZXYI', 'XIIIZZXYYIXY', 'XYZIZIYYZIII', 'YXIIZZIIYYII', 'YZIXZZZIIYYI', 'ZZZIZIIZXXXY', 'ZXIIIZZZZYII', 'ZZZIZIIZXXXY', 'IIYXYYZZZZII', 'XYZIZIYYZIII', 'ZZYXIZYYIIII', 'ZXIIIZZZZYII', 'YZXZZIZZYZYI', 'IXXZIIIZZXYI', 'XIIIZZXYYIXY', 'ZZZIZIIZXXXY', 'YZYXZIZIXZXY', 'XIZZIZXYZXII', 'YZIXZZZIIYYI', 'IIYXYYZZZZII', 'ZIXYZZZIYYII', 'ZXIIIZZZZYII', 'ZZYXIZYYIIII', 'ZYXIZZZZZYYI', 'ZXIIIZZZZYII', 'XXIZZZYXIIII', 'ZIXYZZZIYYII', 'ZZZIZIIZXXXY', 'XIZZIZXYZXII', 'XIIIZZXYYIXY', 'YZXZZIZZYZYI', 'ZZYXIZYYIIII', 'YXIIZZIIYYII', 'XIZZIZXYZXII', 'XIIIZZXYYIXY', 'YZYXZIZIXZXY', 'XXIZZZYXIIII', 'ZYXIZZZZZYYI']
 Finished:     -15.478275552129
 Error:       0.003147503133
1.0




 --------------------------------------------------------------------------
                         ADAPT-VQE iteration:  44
 --------------------------------------------------------------------------
0.0014214099810929853
['YZYXZIZIXZXY', 'XYZIZIYYZIII', 'YZYXZIZIXZXY', 'IIYXYYZZZZII', 'ZZZIZIIZXXXY', 'XXIZZZYXIIII', 'IXXZIIIZZXYI', 'XIIIZZXYYIXY', 'XYZIZIYYZIII', 'YXIIZZIIYYII', 'YZIXZZZIIYYI', 'ZZZIZIIZXXXY', 'ZXIIIZZZZYII', 'IXXZIIIZZXYI', 'ZZZIZIIZXXXY', 'IIYXYYZZZZII', 'XYZIZIYYZIII', 'ZZYXIZYYIIII', 'ZXIIIZZZZYII', 'YZXZZIZZYZYI', 'IXXZIIIZZXYI', 'XIIIZZXYYIXY', 'ZZZIZIIZXXXY', 'YZYXZIZIXZXY', 'XIZZIZXYZXII', 'YZIXZZZIIYYI', 'IIYXYYZZZZII', 'ZIXYZZZIYYII', 'ZXIIIZZZZYII', 'ZZYXIZYYIIII', 'ZYXIZZZZZYYI', 'ZXIIIZZZZYII', 'XXIZZZYXIIII', 'ZIXYZZZIYYII', 'ZZZIZIIZXXXY', 'XIZZIZXYZXII', 'XIIIZZXYYIXY', 'YZXZZIZZYZYI', 'ZZYXIZYYIIII', 'YXIIZZIIYYII', 'XIZZIZXYZXII', 'XIIIZZXYYIXY', 'YZYXZIZIXZXY', 'XXIZZZYXIIII', 'ZYXIZZZZZYYI']
 Finished:     -15.478294578670
 Error:       0.003128476591
1.0




 --------------------------------------------------------------------------
                         ADAPT-VQE iteration:  45
 --------------------------------------------------------------------------
0.0015023807576644828
['YZYXZIZIXZXY', 'XYZIZIYYZIII', 'YZYXZIZIXZXY', 'IIYXYYZZZZII', 'ZZZIZIIZXXXY', 'ZIXYZZZIYYII', 'XXIZZZYXIIII', 'IXXZIIIZZXYI', 'XIIIZZXYYIXY', 'XYZIZIYYZIII', 'YXIIZZIIYYII', 'YZIXZZZIIYYI', 'ZZZIZIIZXXXY', 'ZXIIIZZZZYII', 'IXXZIIIZZXYI', 'ZZZIZIIZXXXY', 'IIYXYYZZZZII', 'XYZIZIYYZIII', 'ZZYXIZYYIIII', 'ZXIIIZZZZYII', 'YZXZZIZZYZYI', 'IXXZIIIZZXYI', 'XIIIZZXYYIXY', 'ZZZIZIIZXXXY', 'YZYXZIZIXZXY', 'XIZZIZXYZXII', 'YZIXZZZIIYYI', 'IIYXYYZZZZII', 'ZIXYZZZIYYII', 'ZXIIIZZZZYII', 'ZZYXIZYYIIII', 'ZYXIZZZZZYYI', 'ZXIIIZZZZYII', 'XXIZZZYXIIII', 'ZIXYZZZIYYII', 'ZZZIZIIZXXXY', 'XIZZIZXYZXII', 'XIIIZZXYYIXY', 'YZXZZIZZYZYI', 'ZZYXIZYYIIII', 'YXIIZZIIYYII', 'XIZZIZXYZXII', 'XIIIZZXYYIXY', 'YZYXZIZIXZXY', 'XXIZZZYXIIII', 'ZYXIZZZZZYYI']
 Finished:     -15.478296595316
 Error:       0.003126459946
1.0




 --------------------------------------------------------------------------
                         ADAPT-VQE iteration:  46
 --------------------------------------------------------------------------
0.001122651011846844
slurmstepd: error: *** JOB 132320 ON tc150 CANCELLED AT 2021-04-09T10:56:34 ***
